#
# There is insufficient memory for the Java Runtime Environment to continue.
# Native memory allocation (mmap) failed to map 111149056 bytes. Error detail: G1 virtual space
# Possible reasons:
#   The system is out of physical RAM or swap space
#   This process is running with CompressedOops enabled, and the Java Heap may be blocking the growth of the native heap
# Possible solutions:
#   Reduce memory load on the system
#   Increase physical memory or swap space
#   Check if swap backing store is full
#   Decrease Java heap size (-Xmx/-Xms)
#   Decrease number of Java threads
#   Decrease Java thread stack sizes (-Xss)
#   Set larger code cache with -XX:ReservedCodeCacheSize=
#   JVM is running with Unscaled Compressed Oops mode in which the Java heap is
#     placed in the first 4GB address space. The Java Heap base address is the
#     maximum limit for the native heap growth. Please use -XX:HeapBaseMinAddress
#     to set the Java Heap base and to place the Java Heap above 4GB virtual address.
# This output file may be truncated or incomplete.
#
#  Out of Memory Error (os_windows.cpp:3631), pid=12920, tid=21052
#
# JRE version: OpenJDK Runtime Environment (22.0.2+9) (build 22.0.2+9-70)
# Java VM: OpenJDK 64-Bit Server VM (22.0.2+9-70, mixed mode, emulated-client, sharing, tiered, compressed oops, compressed class ptrs, g1 gc, windows-amd64)
# No core dump will be written. Minidumps are not enabled by default on client versions of Windows
#

---------------  S U M M A R Y ------------

Command Line: -XX:TieredStopAtLevel=1 -Dspring.output.ansi.enabled=always -Dcom.sun.management.jmxremote -Dspring.jmx.enabled=true -Dspring.liveBeansView.mbeanDomain -Dspring.application.admin.enabled=true -Dmanagement.endpoints.jmx.exposure.include=* -javaagent:C:\Program Files\JetBrains\IntelliJ IDEA 2024.2.1\lib\idea_rt.jar=54465:C:\Program Files\JetBrains\IntelliJ IDEA 2024.2.1\bin -Dfile.encoding=UTF-8 -Dsun.stdout.encoding=UTF-8 -Dsun.stderr.encoding=UTF-8 com.example.mspedido.MsPedidoApplication

Host: AMD Ryzen 7 5700U with Radeon Graphics         , 16 cores, 5G,  Windows 11 , 64 bit Build 26100 (10.0.26100.3775)
Time: Wed May  7 23:06:50 2025 Hora est. Pacífico, Sudamérica elapsed time: 23.499880 seconds (0d 0h 0m 23s)

---------------  T H R E A D  ---------------

Current thread (0x00000288e4e04320):  VMThread "VM Thread"          [id=21052, stack(0x0000009460b00000,0x0000009460c00000) (1024K)]

Stack: [0x0000009460b00000,0x0000009460c00000]
Native frames: (J=compiled Java code, j=interpreted, Vv=VM code, C=native code)
V  [jvm.dll+0x6e26e9]  (no source info available)
V  [jvm.dll+0x875753]  (no source info available)
V  [jvm.dll+0x877b7e]  (no source info available)
V  [jvm.dll+0x878253]  (no source info available)
V  [jvm.dll+0x27fc86]  (no source info available)
V  [jvm.dll+0x6ded85]  (no source info available)
V  [jvm.dll+0x6d388a]  (no source info available)
V  [jvm.dll+0x358b8a]  (no source info available)
V  [jvm.dll+0x3610b6]  (no source info available)
V  [jvm.dll+0x3b419e]  (no source info available)
V  [jvm.dll+0x3b4448]  (no source info available)
V  [jvm.dll+0x32c5ec]  (no source info available)
V  [jvm.dll+0x32c677]  (no source info available)
V  [jvm.dll+0x37244c]  (no source info available)
V  [jvm.dll+0x370b46]  (no source info available)
V  [jvm.dll+0x32bcd7]  (no source info available)
V  [jvm.dll+0x370304]  (no source info available)
V  [jvm.dll+0x87e0f0]  (no source info available)
V  [jvm.dll+0x87f477]  (no source info available)
V  [jvm.dll+0x87f9f0]  (no source info available)
V  [jvm.dll+0x87fc93]  (no source info available)
V  [jvm.dll+0x81dc0b]  (no source info available)
V  [jvm.dll+0x6e0d85]  (no source info available)
C  [ucrtbase.dll+0x37b0]  (no source info available)
C  [KERNEL32.DLL+0x2e8d7]  (no source info available)
C  [ntdll.dll+0xb14fc]  (no source info available)

VM_Operation (0x00000094633fce90): G1CollectForAllocation, mode: safepoint, requested by thread 0x00000288c9e5de30


---------------  P R O C E S S  ---------------

Threads class SMR info:
_java_thread_list=0x00000288ca8a68d0, length=49, elements={
0x00000288d47b9170, 0x00000288e4e24980, 0x00000288e4e253e0, 0x00000288e4e27ae0,
0x00000288e4e2ad00, 0x00000288e4e2c480, 0x00000288e4e2efc0, 0x00000288e4e32490,
0x00000288e4e6e010, 0x00000288c59f0a60, 0x00000288c59f6860, 0x00000288c5b8f480,
0x00000288c5bc1cb0, 0x00000288c5c18180, 0x00000288c5c95ed0, 0x00000288c6520a40,
0x00000288c576edd0, 0x00000288c7c1ac40, 0x00000288c86eb050, 0x00000288c87c5d90,
0x00000288c87c77d0, 0x00000288c87c84f0, 0x00000288c87c5070, 0x00000288c87c8b80,
0x00000288c87c6ab0, 0x00000288c9e5de30, 0x00000288c9e5b6d0, 0x00000288c9e5d110,
0x00000288c9e5e4c0, 0x00000288c9e5b040, 0x00000288c9e5c3f0, 0x00000288c9e5eb50,
0x00000288c9e5ca80, 0x00000288c9e5d7a0, 0x00000288c9e5f1e0, 0x00000288c9e5bd60,
0x00000288c9e60c20, 0x00000288c9e612b0, 0x00000288c9e5ff00, 0x00000288c9e5f870,
0x00000288c9e61fd0, 0x00000288c9e60590, 0x00000288c9e61940, 0x00000288c87cac50,
0x00000288c87c98a0, 0x00000288c87ca5c0, 0x00000288c87cc000, 0x00000288c87cc690,
0x00000288c87c9f30
}

Java Threads: ( => current thread )
  0x00000288d47b9170 JavaThread "main"                              [_thread_blocked, id=15612, stack(0x0000009460400000,0x0000009460500000) (1024K)]
  0x00000288e4e24980 JavaThread "Reference Handler"          daemon [_thread_blocked, id=12016, stack(0x0000009460c00000,0x0000009460d00000) (1024K)]
  0x00000288e4e253e0 JavaThread "Finalizer"                  daemon [_thread_blocked, id=2548, stack(0x0000009460d00000,0x0000009460e00000) (1024K)]
  0x00000288e4e27ae0 JavaThread "Signal Dispatcher"          daemon [_thread_blocked, id=9340, stack(0x0000009460e00000,0x0000009460f00000) (1024K)]
  0x00000288e4e2ad00 JavaThread "Attach Listener"            daemon [_thread_blocked, id=14960, stack(0x0000009460f00000,0x0000009461000000) (1024K)]
  0x00000288e4e2c480 JavaThread "Service Thread"             daemon [_thread_blocked, id=8800, stack(0x0000009461000000,0x0000009461100000) (1024K)]
  0x00000288e4e2efc0 JavaThread "Monitor Deflation Thread"   daemon [_thread_blocked, id=13936, stack(0x0000009461100000,0x0000009461200000) (1024K)]
  0x00000288e4e32490 JavaThread "C1 CompilerThread0"         daemon [_thread_blocked, id=24456, stack(0x0000009461200000,0x0000009461300000) (1024K)]
  0x00000288e4e6e010 JavaThread "Common-Cleaner"             daemon [_thread_blocked, id=16612, stack(0x0000009461400000,0x0000009461500000) (1024K)]
  0x00000288c59f0a60 JavaThread "Monitor Ctrl-Break"         daemon [_thread_in_native, id=8784, stack(0x0000009461600000,0x0000009461700000) (1024K)]
  0x00000288c59f6860 JavaThread "Notification Thread"        daemon [_thread_blocked, id=3556, stack(0x0000009461700000,0x0000009461800000) (1024K)]
  0x00000288c5b8f480 JavaThread "RMI TCP Accept-0"           daemon [_thread_in_native, id=19228, stack(0x0000009461c00000,0x0000009461d00000) (1024K)]
  0x00000288c5bc1cb0 JavaThread "RMI TCP Connection(1)-192.168.1.65" daemon [_thread_blocked, id=22120, stack(0x0000009461d00000,0x0000009461e00000) (1024K)]
  0x00000288c5c18180 JavaThread "RMI Scheduler(0)"           daemon [_thread_blocked, id=24316, stack(0x0000009461e00000,0x0000009461f00000) (1024K)]
  0x00000288c5c95ed0 JavaThread "JMX server connection timeout 42" daemon [_thread_blocked, id=10836, stack(0x0000009462700000,0x0000009462800000) (1024K)]
  0x00000288c6520a40 JavaThread "Keep-Alive-Timer"           daemon [_thread_blocked, id=13564, stack(0x0000009461300000,0x0000009461400000) (1024K)]
  0x00000288c576edd0 JavaThread "C1 CompilerThread1"         daemon [_thread_blocked, id=7988, stack(0x0000009461500000,0x0000009461600000) (1024K)]
  0x00000288c7c1ac40 JavaThread "C1 CompilerThread2"         daemon [_thread_blocked, id=9348, stack(0x0000009461800000,0x0000009461900000) (1024K)]
  0x00000288c86eb050 JavaThread "C1 CompilerThread3"         daemon [_thread_blocked, id=1688, stack(0x0000009461900000,0x0000009461a00000) (1024K)]
  0x00000288c87c5d90 JavaThread "Catalina-utility-1"                [_thread_blocked, id=5116, stack(0x0000009461a00000,0x0000009461b00000) (1024K)]
  0x00000288c87c77d0 JavaThread "Catalina-utility-2"                [_thread_blocked, id=4604, stack(0x0000009461b00000,0x0000009461c00000) (1024K)]
  0x00000288c87c84f0 JavaThread "container-0"                       [_thread_blocked, id=5488, stack(0x0000009462f00000,0x0000009463000000) (1024K)]
  0x00000288c87c5070 JavaThread "mysql-cj-abandoned-connection-cleanup" daemon [_thread_blocked, id=24344, stack(0x0000009463000000,0x0000009463100000) (1024K)]
  0x00000288c87c8b80 JavaThread "HikariPool-1 housekeeper"   daemon [_thread_blocked, id=3812, stack(0x0000009463100000,0x0000009463200000) (1024K)]
  0x00000288c87c6ab0 JavaThread "HikariPool-1 connection adder" daemon [_thread_blocked, id=14516, stack(0x0000009463200000,0x0000009463300000) (1024K)]
  0x00000288c9e5de30 JavaThread "ClassGraph-worker-96"       daemon [_thread_blocked, id=24320, stack(0x0000009463300000,0x0000009463400000) (1024K)]
  0x00000288c9e5b6d0 JavaThread "ClassGraph-worker-97"       daemon [_thread_blocked, id=22072, stack(0x0000009463400000,0x0000009463500000) (1024K)]
  0x00000288c9e5d110 JavaThread "ClassGraph-worker-98"       daemon [_thread_blocked, id=22664, stack(0x0000009463500000,0x0000009463600000) (1024K)]
  0x00000288c9e5e4c0 JavaThread "ClassGraph-worker-99"       daemon [_thread_blocked, id=8920, stack(0x0000009463600000,0x0000009463700000) (1024K)]
  0x00000288c9e5b040 JavaThread "ClassGraph-worker-100"      daemon [_thread_blocked, id=22576, stack(0x0000009463700000,0x0000009463800000) (1024K)]
  0x00000288c9e5c3f0 JavaThread "ClassGraph-worker-101"      daemon [_thread_blocked, id=20256, stack(0x0000009463800000,0x0000009463900000) (1024K)]
  0x00000288c9e5eb50 JavaThread "ClassGraph-worker-102"      daemon [_thread_blocked, id=10092, stack(0x0000009463900000,0x0000009463a00000) (1024K)]
  0x00000288c9e5ca80 JavaThread "ClassGraph-worker-103"      daemon [_thread_blocked, id=3956, stack(0x0000009463a00000,0x0000009463b00000) (1024K)]
  0x00000288c9e5d7a0 JavaThread "ClassGraph-worker-104"      daemon [_thread_blocked, id=16668, stack(0x0000009463b00000,0x0000009463c00000) (1024K)]
  0x00000288c9e5f1e0 JavaThread "ClassGraph-worker-105"      daemon [_thread_blocked, id=6540, stack(0x0000009463c00000,0x0000009463d00000) (1024K)]
  0x00000288c9e5bd60 JavaThread "ClassGraph-worker-106"      daemon [_thread_blocked, id=15072, stack(0x0000009463d00000,0x0000009463e00000) (1024K)]
  0x00000288c9e60c20 JavaThread "ClassGraph-worker-107"      daemon [_thread_blocked, id=19516, stack(0x0000009463e00000,0x0000009463f00000) (1024K)]
  0x00000288c9e612b0 JavaThread "ClassGraph-worker-108"      daemon [_thread_blocked, id=12000, stack(0x0000009463f00000,0x0000009464000000) (1024K)]
  0x00000288c9e5ff00 JavaThread "ClassGraph-worker-109"      daemon [_thread_blocked, id=5640, stack(0x0000009464000000,0x0000009464100000) (1024K)]
  0x00000288c9e5f870 JavaThread "ClassGraph-worker-110"      daemon [_thread_blocked, id=1428, stack(0x0000009464100000,0x0000009464200000) (1024K)]
  0x00000288c9e61fd0 JavaThread "ClassGraph-worker-111"      daemon [_thread_blocked, id=4960, stack(0x0000009464200000,0x0000009464300000) (1024K)]
  0x00000288c9e60590 JavaThread "ClassGraph-worker-112"      daemon [_thread_blocked, id=1976, stack(0x0000009464300000,0x0000009464400000) (1024K)]
  0x00000288c9e61940 JavaThread "ClassGraph-worker-113"      daemon [_thread_blocked, id=20836, stack(0x0000009464400000,0x0000009464500000) (1024K)]
  0x00000288c87cac50 JavaThread "ClassGraph-worker-114"      daemon [_thread_blocked, id=25212, stack(0x0000009464500000,0x0000009464600000) (1024K)]
  0x00000288c87c98a0 JavaThread "ClassGraph-worker-115"      daemon [_thread_blocked, id=11868, stack(0x0000009464600000,0x0000009464700000) (1024K)]
  0x00000288c87ca5c0 JavaThread "ClassGraph-worker-116"      daemon [_thread_blocked, id=14472, stack(0x0000009464700000,0x0000009464800000) (1024K)]
  0x00000288c87cc000 JavaThread "ClassGraph-worker-117"      daemon [_thread_blocked, id=24820, stack(0x0000009464800000,0x0000009464900000) (1024K)]
  0x00000288c87cc690 JavaThread "ClassGraph-worker-118"      daemon [_thread_blocked, id=9876, stack(0x0000009464900000,0x0000009464a00000) (1024K)]
  0x00000288c87c9f30 JavaThread "ClassGraph-worker-119"      daemon [_thread_blocked, id=21624, stack(0x0000009464a00000,0x0000009464b00000) (1024K)]
Total: 49

Other Threads:
=>0x00000288e4e04320 VMThread "VM Thread"                           [id=21052, stack(0x0000009460b00000,0x0000009460c00000) (1024K)]
  0x00000288e4dec250 WatcherThread "VM Periodic Task Thread"        [id=15504, stack(0x0000009460a00000,0x0000009460b00000) (1024K)]
  0x00000288d4804000 WorkerThread "GC Thread#0"                     [id=22752, stack(0x0000009460500000,0x0000009460600000) (1024K)]
  0x00000288c5c4d3a0 WorkerThread "GC Thread#1"                     [id=7792, stack(0x0000009461f00000,0x0000009462000000) (1024K)]
  0x00000288c5c71cb0 WorkerThread "GC Thread#2"                     [id=5556, stack(0x0000009462000000,0x0000009462100000) (1024K)]
  0x00000288c5c7de60 WorkerThread "GC Thread#3"                     [id=24808, stack(0x0000009462100000,0x0000009462200000) (1024K)]
  0x00000288c5c82220 WorkerThread "GC Thread#4"                     [id=23032, stack(0x0000009462200000,0x0000009462300000) (1024K)]
  0x00000288c5c869f0 WorkerThread "GC Thread#5"                     [id=4536, stack(0x0000009462300000,0x0000009462400000) (1024K)]
  0x00000288c5c871b0 WorkerThread "GC Thread#6"                     [id=25064, stack(0x0000009462400000,0x0000009462500000) (1024K)]
  0x00000288c5c87970 WorkerThread "GC Thread#7"                     [id=12152, stack(0x0000009462500000,0x0000009462600000) (1024K)]
  0x00000288c5c8fd30 WorkerThread "GC Thread#8"                     [id=4280, stack(0x0000009462600000,0x0000009462700000) (1024K)]
  0x00000288c6669cb0 WorkerThread "GC Thread#9"                     [id=1624, stack(0x0000009462800000,0x0000009462900000) (1024K)]
  0x00000288c666af20 WorkerThread "GC Thread#10"                    [id=3048, stack(0x0000009462900000,0x0000009462a00000) (1024K)]
  0x00000288c666b680 WorkerThread "GC Thread#11"                    [id=19540, stack(0x0000009462c00000,0x0000009462d00000) (1024K)]
  0x00000288c666a410 WorkerThread "GC Thread#12"                    [id=21820, stack(0x0000009462d00000,0x0000009462e00000) (1024K)]
  0x00000288d4811150 ConcurrentGCThread "G1 Main Marker"            [id=5528, stack(0x0000009460600000,0x0000009460700000) (1024K)]
  0x00000288d4812990 WorkerThread "G1 Conc#0"                       [id=8780, stack(0x0000009460700000,0x0000009460800000) (1024K)]
  0x00000288c666a060 WorkerThread "G1 Conc#1"                       [id=23984, stack(0x0000009462a00000,0x0000009462b00000) (1024K)]
  0x00000288c666ab70 WorkerThread "G1 Conc#2"                       [id=18160, stack(0x0000009462b00000,0x0000009462c00000) (1024K)]
  0x00000288d485e930 ConcurrentGCThread "G1 Refine#0"               [id=2740, stack(0x0000009460800000,0x0000009460900000) (1024K)]
  0x00000288e4cbe3b0 ConcurrentGCThread "G1 Service"                [id=5568, stack(0x0000009460900000,0x0000009460a00000) (1024K)]
Total: 21

Threads with active compile tasks:
Total: 0

VM state: at safepoint (normal execution)

VM Mutex/Monitor currently owned by a thread:  ([mutex/lock_event])
[0x00007ffe8845cb80] Threads_lock - owner thread: 0x00000288e4e04320
[0x00007ffe8845cc80] Heap_lock - owner thread: 0x00000288c9e5de30

Heap address: 0x00000000a2600000, size: 1498 MB, Compressed Oops mode: 32-bit

CDS archive(s) mapped at: [0x0000028880000000-0x0000028880c60000-0x0000028880c60000), size 12976128, SharedBaseAddress: 0x0000028880000000, ArchiveRelocationMode: 1.
Compressed class space mapped at: 0x0000028881000000-0x00000288c1000000, reserved size: 1073741824
Narrow klass base: 0x0000028880000000, Narrow klass shift: 0, Narrow klass range: 0x41000000

GC Precious Log:
 CardTable entry size: 512
 Card Set container configuration: InlinePtr #cards 5 size 8 Array Of Cards #cards 12 size 40 Howl #buckets 4 coarsen threshold 1843 Howl Bitmap #cards 512 size 80 coarsen threshold 460 Card regions per heap region 1 cards per card region 2048
 CPUs: 16 total, 16 available
 Memory: 5989M
 Large Page Support: Disabled
 NUMA Support: Disabled
 Compressed Oops: Enabled (32-bit)
 Heap Region Size: 1M
 Heap Min Capacity: 8M
 Heap Initial Capacity: 94M
 Heap Max Capacity: 1498M
 Pre-touch: Disabled
 Parallel Workers: 13
 Concurrent Workers: 3
 Concurrent Refinement Workers: 13
 Periodic GC: Disabled

Heap:
 garbage-first heap   total reserved 1533952K, committed 108544K, used 79036K [0x00000000a2600000, 0x0000000100000000)
  region size 1024K, 3 young (3072K), 3 survivors (3072K)
 Metaspace       used 75524K, committed 76416K, reserved 1114112K
  class space    used 10864K, committed 11264K, reserved 1048576K

Heap Regions: E=young(eden), S=young(survivor), O=old, HS=humongous(starts), HC=humongous(continues), CS=collection set, F=free, TAMS=top-at-mark-start, PB=parsable bottom
|   0|0x00000000a2600000, 0x00000000a2700000, 0x00000000a2700000|100%|HS|  |TAMS 0x00000000a2700000| PB 0x00000000a2600000| Complete |  0
|   1|0x00000000a2700000, 0x00000000a2800000, 0x00000000a2800000|100%| O|  |TAMS 0x00000000a2800000| PB 0x00000000a2700000| Untracked |  0
|   2|0x00000000a2800000, 0x00000000a2900000, 0x00000000a2900000|100%| O|  |TAMS 0x00000000a2900000| PB 0x00000000a2800000| Untracked |  0
|   3|0x00000000a2900000, 0x00000000a2a00000, 0x00000000a2a00000|100%| O|  |TAMS 0x00000000a2a00000| PB 0x00000000a2900000| Untracked |  0
|   4|0x00000000a2a00000, 0x00000000a2b00000, 0x00000000a2b00000|100%| O|  |TAMS 0x00000000a2b00000| PB 0x00000000a2a00000| Untracked |  0
|   5|0x00000000a2b00000, 0x00000000a2c00000, 0x00000000a2c00000|100%| O|  |TAMS 0x00000000a2c00000| PB 0x00000000a2b00000| Untracked |  0
|   6|0x00000000a2c00000, 0x00000000a2d00000, 0x00000000a2d00000|100%| O|  |TAMS 0x00000000a2d00000| PB 0x00000000a2c00000| Untracked |  0
|   7|0x00000000a2d00000, 0x00000000a2e00000, 0x00000000a2e00000|100%| O|  |TAMS 0x00000000a2e00000| PB 0x00000000a2d00000| Untracked |  0
|   8|0x00000000a2e00000, 0x00000000a2f00000, 0x00000000a2f00000|100%| O|  |TAMS 0x00000000a2f00000| PB 0x00000000a2e00000| Untracked |  0
|   9|0x00000000a2f00000, 0x00000000a3000000, 0x00000000a3000000|100%| O|  |TAMS 0x00000000a3000000| PB 0x00000000a2f00000| Untracked |  0
|  10|0x00000000a3000000, 0x00000000a3100000, 0x00000000a3100000|100%| O|  |TAMS 0x00000000a3100000| PB 0x00000000a3000000| Untracked |  0
|  11|0x00000000a3100000, 0x00000000a3200000, 0x00000000a3200000|100%| O|  |TAMS 0x00000000a3200000| PB 0x00000000a3100000| Untracked |  0
|  12|0x00000000a3200000, 0x00000000a3300000, 0x00000000a3300000|100%| O|  |TAMS 0x00000000a3300000| PB 0x00000000a3200000| Untracked |  0
|  13|0x00000000a3300000, 0x00000000a3400000, 0x00000000a3400000|100%| O|  |TAMS 0x00000000a3400000| PB 0x00000000a3300000| Untracked |  0
|  14|0x00000000a3400000, 0x00000000a3500000, 0x00000000a3500000|100%| O|  |TAMS 0x00000000a3500000| PB 0x00000000a3400000| Untracked |  0
|  15|0x00000000a3500000, 0x00000000a3600000, 0x00000000a3600000|100%| O|  |TAMS 0x00000000a3600000| PB 0x00000000a3500000| Untracked |  0
|  16|0x00000000a3600000, 0x00000000a3700000, 0x00000000a3700000|100%| O|  |TAMS 0x00000000a3700000| PB 0x00000000a3600000| Untracked |  0
|  17|0x00000000a3700000, 0x00000000a3800000, 0x00000000a3800000|100%| O|  |TAMS 0x00000000a3800000| PB 0x00000000a3700000| Untracked |  0
|  18|0x00000000a3800000, 0x00000000a3900000, 0x00000000a3900000|100%| O|  |TAMS 0x00000000a3800000| PB 0x00000000a3800000| Untracked |  0
|  19|0x00000000a3900000, 0x00000000a3a00000, 0x00000000a3a00000|100%| O|  |TAMS 0x00000000a3a00000| PB 0x00000000a3900000| Untracked |  0
|  20|0x00000000a3a00000, 0x00000000a3b00000, 0x00000000a3b00000|100%| O|  |TAMS 0x00000000a3b00000| PB 0x00000000a3a00000| Untracked |  0
|  21|0x00000000a3b00000, 0x00000000a3c00000, 0x00000000a3c00000|100%| O|  |TAMS 0x00000000a3c00000| PB 0x00000000a3b00000| Untracked |  0
|  22|0x00000000a3c00000, 0x00000000a3d00000, 0x00000000a3d00000|100%| O|  |TAMS 0x00000000a3d00000| PB 0x00000000a3c00000| Untracked |  0
|  23|0x00000000a3d00000, 0x00000000a3e00000, 0x00000000a3e00000|100%| O|  |TAMS 0x00000000a3e00000| PB 0x00000000a3d00000| Untracked |  0
|  24|0x00000000a3e00000, 0x00000000a3f00000, 0x00000000a3f00000|100%| O|  |TAMS 0x00000000a3f00000| PB 0x00000000a3e00000| Untracked |  0
|  25|0x00000000a3f00000, 0x00000000a4000000, 0x00000000a4000000|100%| O|  |TAMS 0x00000000a4000000| PB 0x00000000a3f00000| Untracked |  0
|  26|0x00000000a4000000, 0x00000000a4100000, 0x00000000a4100000|100%| O|  |TAMS 0x00000000a4100000| PB 0x00000000a4000000| Untracked |  0
|  27|0x00000000a4100000, 0x00000000a4200000, 0x00000000a4200000|100%| O|  |TAMS 0x00000000a4200000| PB 0x00000000a4100000| Untracked |  0
|  28|0x00000000a4200000, 0x00000000a4300000, 0x00000000a4300000|100%| O|  |TAMS 0x00000000a4300000| PB 0x00000000a4200000| Untracked |  0
|  29|0x00000000a4300000, 0x00000000a4400000, 0x00000000a4400000|100%| O|  |TAMS 0x00000000a4400000| PB 0x00000000a4300000| Untracked |  0
|  30|0x00000000a4400000, 0x00000000a4500000, 0x00000000a4500000|100%| O|  |TAMS 0x00000000a4400000| PB 0x00000000a4400000| Untracked |  0
|  31|0x00000000a4500000, 0x00000000a4600000, 0x00000000a4600000|100%| O|  |TAMS 0x00000000a4600000| PB 0x00000000a4500000| Untracked |  0
|  32|0x00000000a4600000, 0x00000000a4700000, 0x00000000a4700000|100%| O|  |TAMS 0x00000000a4700000| PB 0x00000000a4600000| Untracked |  0
|  33|0x00000000a4700000, 0x00000000a4800000, 0x00000000a4800000|100%| O|  |TAMS 0x00000000a4800000| PB 0x00000000a4700000| Untracked |  0
|  34|0x00000000a4800000, 0x00000000a4900000, 0x00000000a4900000|100%| O|  |TAMS 0x00000000a4900000| PB 0x00000000a4800000| Untracked |  0
|  35|0x00000000a4900000, 0x00000000a4a00000, 0x00000000a4a00000|100%| O|  |TAMS 0x00000000a4a00000| PB 0x00000000a4900000| Untracked |  0
|  36|0x00000000a4a00000, 0x00000000a4b00000, 0x00000000a4b00000|100%| O|  |TAMS 0x00000000a4b00000| PB 0x00000000a4a00000| Untracked |  0
|  37|0x00000000a4b00000, 0x00000000a4c00000, 0x00000000a4c00000|100%| O|  |TAMS 0x00000000a4c00000| PB 0x00000000a4b00000| Untracked |  0
|  38|0x00000000a4c00000, 0x00000000a4d00000, 0x00000000a4d00000|100%| O|  |TAMS 0x00000000a4d00000| PB 0x00000000a4c00000| Untracked |  0
|  39|0x00000000a4d00000, 0x00000000a4e00000, 0x00000000a4e00000|100%| O|  |TAMS 0x00000000a4d00000| PB 0x00000000a4d00000| Untracked |  0
|  40|0x00000000a4e00000, 0x00000000a4f00000, 0x00000000a4f00000|100%| O|  |TAMS 0x00000000a4f00000| PB 0x00000000a4e00000| Untracked |  0
|  41|0x00000000a4f00000, 0x00000000a5000000, 0x00000000a5000000|100%| O|  |TAMS 0x00000000a5000000| PB 0x00000000a4f00000| Untracked |  0
|  42|0x00000000a5000000, 0x00000000a5100000, 0x00000000a5100000|100%| O|  |TAMS 0x00000000a5100000| PB 0x00000000a5000000| Untracked |  0
|  43|0x00000000a5100000, 0x00000000a5200000, 0x00000000a5200000|100%| O|  |TAMS 0x00000000a5200000| PB 0x00000000a5100000| Untracked |  0
|  44|0x00000000a5200000, 0x00000000a5300000, 0x00000000a5300000|100%| O|  |TAMS 0x00000000a5300000| PB 0x00000000a5200000| Untracked |  0
|  45|0x00000000a5300000, 0x00000000a5400000, 0x00000000a5400000|100%| O|  |TAMS 0x00000000a5400000| PB 0x00000000a5300000| Untracked |  0
|  46|0x00000000a5400000, 0x00000000a5500000, 0x00000000a5500000|100%| O|  |TAMS 0x00000000a5500000| PB 0x00000000a5400000| Untracked |  0
|  47|0x00000000a5500000, 0x00000000a5600000, 0x00000000a5600000|100%| O|  |TAMS 0x00000000a5600000| PB 0x00000000a5500000| Untracked |  0
|  48|0x00000000a5600000, 0x00000000a5700000, 0x00000000a5700000|100%| O|  |TAMS 0x00000000a5600000| PB 0x00000000a5600000| Untracked |  0
|  49|0x00000000a5700000, 0x00000000a5800000, 0x00000000a5800000|100%| O|  |TAMS 0x00000000a5800000| PB 0x00000000a5700000| Untracked |  0
|  50|0x00000000a5800000, 0x00000000a5900000, 0x00000000a5900000|100%| O|  |TAMS 0x00000000a5900000| PB 0x00000000a5800000| Untracked |  0
|  51|0x00000000a5900000, 0x00000000a5a00000, 0x00000000a5a00000|100%| O|  |TAMS 0x00000000a5a00000| PB 0x00000000a5900000| Untracked |  0
|  52|0x00000000a5a00000, 0x00000000a5b00000, 0x00000000a5b00000|100%| O|  |TAMS 0x00000000a5a00000| PB 0x00000000a5a00000| Untracked |  0
|  53|0x00000000a5b00000, 0x00000000a5c00000, 0x00000000a5c00000|100%| O|  |TAMS 0x00000000a5b00000| PB 0x00000000a5b00000| Untracked |  0
|  54|0x00000000a5c00000, 0x00000000a5d00000, 0x00000000a5d00000|100%| O|  |TAMS 0x00000000a5c00000| PB 0x00000000a5c00000| Untracked |  0
|  55|0x00000000a5d00000, 0x00000000a5e00000, 0x00000000a5e00000|100%| O|  |TAMS 0x00000000a5d00000| PB 0x00000000a5d00000| Untracked |  0
|  56|0x00000000a5e00000, 0x00000000a5f00000, 0x00000000a5f00000|100%| O|  |TAMS 0x00000000a5e00000| PB 0x00000000a5e00000| Untracked |  0
|  57|0x00000000a5f00000, 0x00000000a5f00000, 0x00000000a6000000|  0%| F|  |TAMS 0x00000000a5f00000| PB 0x00000000a5f00000| Untracked |  0
|  58|0x00000000a6000000, 0x00000000a6100000, 0x00000000a6100000|100%| O|  |TAMS 0x00000000a6100000| PB 0x00000000a6000000| Untracked |  0
|  59|0x00000000a6100000, 0x00000000a6200000, 0x00000000a6200000|100%| O|  |TAMS 0x00000000a6200000| PB 0x00000000a6100000| Untracked |  0
|  60|0x00000000a6200000, 0x00000000a6300000, 0x00000000a6300000|100%| O|  |TAMS 0x00000000a6300000| PB 0x00000000a6200000| Untracked |  0
|  61|0x00000000a6300000, 0x00000000a6400000, 0x00000000a6400000|100%| O|  |TAMS 0x00000000a6400000| PB 0x00000000a6300000| Untracked |  0
|  62|0x00000000a6400000, 0x00000000a6500000, 0x00000000a6500000|100%| O|  |TAMS 0x00000000a6500000| PB 0x00000000a6400000| Untracked |  0
|  63|0x00000000a6500000, 0x00000000a6600000, 0x00000000a6600000|100%| O|  |TAMS 0x00000000a6500000| PB 0x00000000a6500000| Untracked |  0
|  64|0x00000000a6600000, 0x00000000a6700000, 0x00000000a6700000|100%| O|  |TAMS 0x00000000a6600000| PB 0x00000000a6600000| Untracked |  0
|  65|0x00000000a6700000, 0x00000000a6800000, 0x00000000a6800000|100%| O|  |TAMS 0x00000000a6700000| PB 0x00000000a6700000| Untracked |  0
|  66|0x00000000a6800000, 0x00000000a6900000, 0x00000000a6900000|100%| O|  |TAMS 0x00000000a6800000| PB 0x00000000a6800000| Untracked |  0
|  67|0x00000000a6900000, 0x00000000a6a00000, 0x00000000a6a00000|100%| O|  |TAMS 0x00000000a6900000| PB 0x00000000a6900000| Untracked |  0
|  68|0x00000000a6a00000, 0x00000000a6a2f350, 0x00000000a6b00000| 18%| O|  |TAMS 0x00000000a6a00000| PB 0x00000000a6a00000| Untracked |  0
|  69|0x00000000a6b00000, 0x00000000a6b00000, 0x00000000a6c00000|  0%| F|  |TAMS 0x00000000a6b00000| PB 0x00000000a6b00000| Untracked |  0
|  70|0x00000000a6c00000, 0x00000000a6c00000, 0x00000000a6d00000|  0%| F|  |TAMS 0x00000000a6c00000| PB 0x00000000a6c00000| Untracked |  0
|  71|0x00000000a6d00000, 0x00000000a6d00000, 0x00000000a6e00000|  0%| F|  |TAMS 0x00000000a6d00000| PB 0x00000000a6d00000| Untracked |  0
|  72|0x00000000a6e00000, 0x00000000a6e00000, 0x00000000a6f00000|  0%| F|  |TAMS 0x00000000a6e00000| PB 0x00000000a6e00000| Untracked |  0
|  73|0x00000000a6f00000, 0x00000000a7000000, 0x00000000a7000000|100%| S|CS|TAMS 0x00000000a6f00000| PB 0x00000000a6f00000| Complete |  0
|  74|0x00000000a7000000, 0x00000000a7100000, 0x00000000a7100000|100%| S|CS|TAMS 0x00000000a7000000| PB 0x00000000a7000000| Complete |  0
|  75|0x00000000a7100000, 0x00000000a7200000, 0x00000000a7200000|100%| S|CS|TAMS 0x00000000a7100000| PB 0x00000000a7100000| Complete |  0
|  76|0x00000000a7200000, 0x00000000a7200000, 0x00000000a7300000|  0%| F|  |TAMS 0x00000000a7200000| PB 0x00000000a7200000| Untracked |  0
|  77|0x00000000a7300000, 0x00000000a7300000, 0x00000000a7400000|  0%| F|  |TAMS 0x00000000a7300000| PB 0x00000000a7300000| Untracked |  0
|  78|0x00000000a7400000, 0x00000000a7400000, 0x00000000a7500000|  0%| F|  |TAMS 0x00000000a7400000| PB 0x00000000a7400000| Untracked |  0
|  79|0x00000000a7500000, 0x00000000a7500000, 0x00000000a7600000|  0%| F|  |TAMS 0x00000000a7500000| PB 0x00000000a7500000| Untracked |  0
|  80|0x00000000a7600000, 0x00000000a7600000, 0x00000000a7700000|  0%| F|  |TAMS 0x00000000a7600000| PB 0x00000000a7600000| Untracked |  0
|  81|0x00000000a7700000, 0x00000000a7700000, 0x00000000a7800000|  0%| F|  |TAMS 0x00000000a7700000| PB 0x00000000a7700000| Untracked |  0
|  82|0x00000000a7800000, 0x00000000a7800000, 0x00000000a7900000|  0%| F|  |TAMS 0x00000000a7800000| PB 0x00000000a7800000| Untracked |  0
|  83|0x00000000a7900000, 0x00000000a7900000, 0x00000000a7a00000|  0%| F|  |TAMS 0x00000000a7900000| PB 0x00000000a7900000| Untracked |  0
|  84|0x00000000a7a00000, 0x00000000a7a00000, 0x00000000a7b00000|  0%| F|  |TAMS 0x00000000a7a00000| PB 0x00000000a7a00000| Untracked |  0
|  85|0x00000000a7b00000, 0x00000000a7b00000, 0x00000000a7c00000|  0%| F|  |TAMS 0x00000000a7b00000| PB 0x00000000a7b00000| Untracked |  0
|  86|0x00000000a7c00000, 0x00000000a7c00000, 0x00000000a7d00000|  0%| F|  |TAMS 0x00000000a7c00000| PB 0x00000000a7c00000| Untracked |  0
|  87|0x00000000a7d00000, 0x00000000a7d00000, 0x00000000a7e00000|  0%| F|  |TAMS 0x00000000a7d00000| PB 0x00000000a7d00000| Untracked |  0
|  88|0x00000000a7e00000, 0x00000000a7e00000, 0x00000000a7f00000|  0%| F|  |TAMS 0x00000000a7e00000| PB 0x00000000a7e00000| Untracked |  0
|  89|0x00000000a7f00000, 0x00000000a7f00000, 0x00000000a8000000|  0%| F|  |TAMS 0x00000000a7f00000| PB 0x00000000a7f00000| Untracked |  0
|  90|0x00000000a8000000, 0x00000000a8000000, 0x00000000a8100000|  0%| F|  |TAMS 0x00000000a8000000| PB 0x00000000a8000000| Untracked |  0
|  91|0x00000000a8100000, 0x00000000a8100000, 0x00000000a8200000|  0%| F|  |TAMS 0x00000000a8100000| PB 0x00000000a8100000| Untracked |  0
|  92|0x00000000a8200000, 0x00000000a8200000, 0x00000000a8300000|  0%| F|  |TAMS 0x00000000a8200000| PB 0x00000000a8200000| Untracked |  0
|  93|0x00000000a8300000, 0x00000000a8300000, 0x00000000a8400000|  0%| F|  |TAMS 0x00000000a8300000| PB 0x00000000a8300000| Untracked |  0
|  94|0x00000000a8400000, 0x00000000a8400000, 0x00000000a8500000|  0%| F|  |TAMS 0x00000000a8400000| PB 0x00000000a8400000| Untracked |  0
|  95|0x00000000a8500000, 0x00000000a8500000, 0x00000000a8600000|  0%| F|  |TAMS 0x00000000a8500000| PB 0x00000000a8500000| Untracked |  0
|  96|0x00000000a8600000, 0x00000000a8600000, 0x00000000a8700000|  0%| F|  |TAMS 0x00000000a8600000| PB 0x00000000a8600000| Untracked |  0
|  97|0x00000000a8700000, 0x00000000a8700000, 0x00000000a8800000|  0%| F|  |TAMS 0x00000000a8700000| PB 0x00000000a8700000| Untracked |  0
|  98|0x00000000a8800000, 0x00000000a8800000, 0x00000000a8900000|  0%| F|  |TAMS 0x00000000a8800000| PB 0x00000000a8800000| Untracked |  0
|1491|0x00000000ff900000, 0x00000000ffa00000, 0x00000000ffa00000|100%| O|  |TAMS 0x00000000ffa00000| PB 0x00000000ff900000| Untracked |  0
|1492|0x00000000ffa00000, 0x00000000ffb00000, 0x00000000ffb00000|100%| O|  |TAMS 0x00000000ffb00000| PB 0x00000000ffa00000| Untracked |  0
|1493|0x00000000ffb00000, 0x00000000ffc00000, 0x00000000ffc00000|100%| O|  |TAMS 0x00000000ffc00000| PB 0x00000000ffb00000| Untracked |  0
|1494|0x00000000ffc00000, 0x00000000ffd00000, 0x00000000ffd00000|100%| O|  |TAMS 0x00000000ffd00000| PB 0x00000000ffc00000| Untracked |  0
|1495|0x00000000ffd00000, 0x00000000ffe00000, 0x00000000ffe00000|100%| O|  |TAMS 0x00000000ffe00000| PB 0x00000000ffd00000| Untracked |  0
|1496|0x00000000ffe00000, 0x00000000fff00000, 0x00000000fff00000|100%| O|  |TAMS 0x00000000fff00000| PB 0x00000000ffe00000| Untracked |  0
|1497|0x00000000fff00000, 0x0000000100000000, 0x0000000100000000|100%| O|  |TAMS 0x0000000100000000| PB 0x00000000fff00000| Untracked |  0

Card table byte_map: [0x00000288e0430000,0x00000288e0720000] _byte_map_base: 0x00000288dff1d000

Marking Bits: (CMBitMap*) 0x00000288d4804d30
 Bits: [0x00000288e0720000, 0x00000288e1e88000)

Polling page: 0x00000288d26c0000

Metaspace:

Usage:
  Non-class:     63.14 MB used.
      Class:     10.61 MB used.
       Both:     73.75 MB used.

Virtual space:
  Non-class space:       64.00 MB reserved,      63.62 MB (>99%) committed,  1 nodes.
      Class space:        1.00 GB reserved,      11.00 MB (  1%) committed,  1 nodes.
             Both:        1.06 GB reserved,      74.62 MB (  7%) committed. 

Chunk freelists:
   Non-Class:  378.00 KB
       Class:  5.04 MB
        Both:  5.41 MB

MaxMetaspaceSize: unlimited
CompressedClassSpaceSize: 1.00 GB
Initial GC threshold: 21.00 MB
Current GC threshold: 124.06 MB
CDS: on
 - commit_granule_bytes: 65536.
 - commit_granule_words: 8192.
 - virtual_space_node_default_size: 8388608.
 - enlarge_chunks_in_place: 1.
 - use_allocation_guard: 0.


Internal statistics:

num_allocs_failed_limit: 9.
num_arena_births: 1176.
num_arena_deaths: 0.
num_vsnodes_births: 2.
num_vsnodes_deaths: 0.
num_space_committed: 1194.
num_space_uncommitted: 0.
num_chunks_returned_to_freelist: 9.
num_chunks_taken_from_freelist: 3756.
num_chunk_merges: 9.
num_chunk_splits: 2711.
num_chunks_enlarged: 2126.
num_inconsistent_stats: 0.

CodeCache: size=49152Kb used=14148Kb max_used=14148Kb free=35003Kb
 bounds [0x00000288dcae0000, 0x00000288dd8c0000, 0x00000288dfae0000]
 total_blobs=7333 nmethods=6562 adapters=692
 compilation: enabled
              stopped_count=0, restarted_count=0
 full_count=0

Compilation events (20 events):
Event: 22.223 Thread 0x00000288c7c1ac40 7308       1       java.lang.module.ModuleReference::location (8 bytes)
Event: 22.223 Thread 0x00000288c7c1ac40 nmethod 7308 0x00000288dd8ad690 code [0x00000288dd8ad820, 0x00000288dd8ad9a8]
Event: 22.224 Thread 0x00000288c7c1ac40 7309       1       java.util.ComparableTimSort::mergeCollapse (134 bytes)
Event: 22.224 Thread 0x00000288c7c1ac40 nmethod 7309 0x00000288dd8ada90 code [0x00000288dd8adc60, 0x00000288dd8adf40]
Event: 22.236 Thread 0x00000288c7c1ac40 7310       1       java.util.concurrent.locks.AbstractQueuedSynchronizer::acquire (20 bytes)
Event: 22.236 Thread 0x00000288c576edd0 7311       1       java.util.concurrent.FutureTask::<init> (27 bytes)
Event: 22.236 Thread 0x00000288e4e32490 7312       1       java.lang.Thread::threadState (11 bytes)
Event: 22.236 Thread 0x00000288c86eb050 7313       1       jdk.internal.misc.VM::toThreadState (68 bytes)
Event: 22.236 Thread 0x00000288c7c1ac40 nmethod 7310 0x00000288dd8ae190 code [0x00000288dd8ae340, 0x00000288dd8ae4a0]
Event: 22.236 Thread 0x00000288e4e32490 nmethod 7312 0x00000288dd8ae590 code [0x00000288dd8ae720, 0x00000288dd8ae810]
Event: 22.236 Thread 0x00000288c576edd0 nmethod 7311 0x00000288dd8ae890 code [0x00000288dd8aea40, 0x00000288dd8aec08]
Event: 22.236 Thread 0x00000288c86eb050 nmethod 7313 0x00000288dd8aec90 code [0x00000288dd8aee60, 0x00000288dd8af098]
Event: 22.237 Thread 0x00000288c576edd0 7314       1       java.util.concurrent.ThreadPoolExecutor::getThreadFactory (5 bytes)
Event: 22.237 Thread 0x00000288e4e32490 7315       1       java.lang.Thread::setThreadContainer (6 bytes)
Event: 22.237 Thread 0x00000288c7c1ac40 7316       1       jdk.internal.vm.SharedThreadContainer::owner (2 bytes)
Event: 22.237 Thread 0x00000288c7c1ac40 nmethod 7316 0x00000288dd8af110 code [0x00000288dd8af2a0, 0x00000288dd8af370]
Event: 22.237 Thread 0x00000288e4e32490 nmethod 7315 0x00000288dd8af410 code [0x00000288dd8af5a0, 0x00000288dd8af6b0]
Event: 22.237 Thread 0x00000288c576edd0 nmethod 7314 0x00000288dd8af710 code [0x00000288dd8af8a0, 0x00000288dd8af968]
Event: 22.237 Thread 0x00000288e4e32490 7317   !   1       java.util.concurrent.FutureTask::run (123 bytes)
Event: 22.240 Thread 0x00000288e4e32490 nmethod 7317 0x00000288dd8afa10 code [0x00000288dd8afd00, 0x00000288dd8b0a30]

GC Heap History (20 events):
Event: 20.787 GC heap after
{Heap after GC invocations=23 (full 0):
 garbage-first heap   total reserved 1533952K, committed 65536K, used 36126K [0x00000000a2600000, 0x0000000100000000)
  region size 1024K, 4 young (4096K), 4 survivors (4096K)
 Metaspace       used 70885K, committed 71552K, reserved 1114112K
  class space    used 10150K, committed 10432K, reserved 1048576K
}
Event: 20.979 GC heap before
{Heap before GC invocations=24 (full 0):
 garbage-first heap   total reserved 1533952K, committed 65536K, used 55582K [0x00000000a2600000, 0x0000000100000000)
  region size 1024K, 23 young (23552K), 4 survivors (4096K)
 Metaspace       used 71567K, committed 72256K, reserved 1114112K
  class space    used 10279K, committed 10560K, reserved 1048576K
}
Event: 20.982 GC heap after
{Heap after GC invocations=25 (full 0):
 garbage-first heap   total reserved 1533952K, committed 65536K, used 37271K [0x00000000a2600000, 0x0000000100000000)
  region size 1024K, 3 young (3072K), 3 survivors (3072K)
 Metaspace       used 71567K, committed 72256K, reserved 1114112K
  class space    used 10279K, committed 10560K, reserved 1048576K
}
Event: 21.177 GC heap before
{Heap before GC invocations=25 (full 0):
 garbage-first heap   total reserved 1533952K, committed 65536K, used 57751K [0x00000000a2600000, 0x0000000100000000)
  region size 1024K, 23 young (23552K), 3 survivors (3072K)
 Metaspace       used 72422K, committed 73152K, reserved 1114112K
  class space    used 10419K, committed 10688K, reserved 1048576K
}
Event: 21.181 GC heap after
{Heap after GC invocations=26 (full 0):
 garbage-first heap   total reserved 1533952K, committed 78848K, used 37797K [0x00000000a2600000, 0x0000000100000000)
  region size 1024K, 3 young (3072K), 3 survivors (3072K)
 Metaspace       used 72422K, committed 73152K, reserved 1114112K
  class space    used 10419K, committed 10688K, reserved 1048576K
}
Event: 21.446 GC heap before
{Heap before GC invocations=26 (full 0):
 garbage-first heap   total reserved 1533952K, committed 78848K, used 69541K [0x00000000a2600000, 0x0000000100000000)
  region size 1024K, 34 young (34816K), 3 survivors (3072K)
 Metaspace       used 73092K, committed 73856K, reserved 1114112K
  class space    used 10531K, committed 10880K, reserved 1048576K
}
Event: 21.450 GC heap after
{Heap after GC invocations=27 (full 0):
 garbage-first heap   total reserved 1533952K, committed 78848K, used 39370K [0x00000000a2600000, 0x0000000100000000)
  region size 1024K, 4 young (4096K), 4 survivors (4096K)
 Metaspace       used 73092K, committed 73856K, reserved 1114112K
  class space    used 10531K, committed 10880K, reserved 1048576K
}
Event: 21.699 GC heap before
{Heap before GC invocations=27 (full 0):
 garbage-first heap   total reserved 1533952K, committed 78848K, used 69066K [0x00000000a2600000, 0x0000000100000000)
  region size 1024K, 33 young (33792K), 4 survivors (4096K)
 Metaspace       used 74018K, committed 74816K, reserved 1114112K
  class space    used 10676K, committed 11072K, reserved 1048576K
}
Event: 21.704 GC heap after
{Heap after GC invocations=28 (full 0):
 garbage-first heap   total reserved 1533952K, committed 78848K, used 41064K [0x00000000a2600000, 0x0000000100000000)
  region size 1024K, 5 young (5120K), 5 survivors (5120K)
 Metaspace       used 74018K, committed 74816K, reserved 1114112K
  class space    used 10676K, committed 11072K, reserved 1048576K
}
Event: 21.943 GC heap before
{Heap before GC invocations=28 (full 0):
 garbage-first heap   total reserved 1533952K, committed 78848K, used 58472K [0x00000000a2600000, 0x0000000100000000)
  region size 1024K, 23 young (23552K), 5 survivors (5120K)
 Metaspace       used 75393K, committed 76224K, reserved 1114112K
  class space    used 10840K, committed 11200K, reserved 1048576K
}
Event: 21.947 GC heap after
{Heap after GC invocations=29 (full 0):
 garbage-first heap   total reserved 1533952K, committed 78848K, used 42410K [0x00000000a2600000, 0x0000000100000000)
  region size 1024K, 4 young (4096K), 4 survivors (4096K)
 Metaspace       used 75393K, committed 76224K, reserved 1114112K
  class space    used 10840K, committed 11200K, reserved 1048576K
}
Event: 22.003 GC heap before
{Heap before GC invocations=30 (full 0):
 garbage-first heap   total reserved 1533952K, committed 78848K, used 68010K [0x00000000a2600000, 0x0000000100000000)
  region size 1024K, 29 young (29696K), 4 survivors (4096K)
 Metaspace       used 75420K, committed 76224K, reserved 1114112K
  class space    used 10844K, committed 11200K, reserved 1048576K
}
Event: 22.040 GC heap after
{Heap after GC invocations=31 (full 0):
 garbage-first heap   total reserved 1533952K, committed 102400K, used 48895K [0x00000000a2600000, 0x0000000100000000)
  region size 1024K, 4 young (4096K), 4 survivors (4096K)
 Metaspace       used 75420K, committed 76224K, reserved 1114112K
  class space    used 10844K, committed 11200K, reserved 1048576K
}
Event: 22.143 GC heap before
{Heap before GC invocations=31 (full 0):
 garbage-first heap   total reserved 1533952K, committed 102400K, used 91903K [0x00000000a2600000, 0x0000000100000000)
  region size 1024K, 45 young (46080K), 4 survivors (4096K)
 Metaspace       used 75507K, committed 76352K, reserved 1114112K
  class space    used 10859K, committed 11264K, reserved 1048576K
}
Event: 22.151 GC heap after
{Heap after GC invocations=32 (full 0):
 garbage-first heap   total reserved 1533952K, committed 108544K, used 61131K [0x00000000a2600000, 0x0000000100000000)
  region size 1024K, 6 young (6144K), 6 survivors (6144K)
 Metaspace       used 75507K, committed 76352K, reserved 1114112K
  class space    used 10859K, committed 11264K, reserved 1048576K
}
Event: 22.187 GC heap before
{Heap before GC invocations=32 (full 0):
 garbage-first heap   total reserved 1533952K, committed 108544K, used 93899K [0x00000000a2600000, 0x0000000100000000)
  region size 1024K, 37 young (37888K), 6 survivors (6144K)
 Metaspace       used 75507K, committed 76352K, reserved 1114112K
  class space    used 10859K, committed 11264K, reserved 1048576K
}
Event: 22.194 GC heap after
{Heap after GC invocations=33 (full 0):
 garbage-first heap   total reserved 1533952K, committed 108544K, used 66560K [0x00000000a2600000, 0x0000000100000000)
  region size 1024K, 5 young (5120K), 5 survivors (5120K)
 Metaspace       used 75507K, committed 76352K, reserved 1114112K
  class space    used 10859K, committed 11264K, reserved 1048576K
}
Event: 22.241 GC heap before
{Heap before GC invocations=33 (full 0):
 garbage-first heap   total reserved 1533952K, committed 108544K, used 83968K [0x00000000a2600000, 0x0000000100000000)
  region size 1024K, 24 young (24576K), 5 survivors (5120K)
 Metaspace       used 75524K, committed 76416K, reserved 1114112K
  class space    used 10864K, committed 11264K, reserved 1048576K
}
Event: 22.247 GC heap after
{Heap after GC invocations=34 (full 0):
 garbage-first heap   total reserved 1533952K, committed 108544K, used 73930K [0x00000000a2600000, 0x0000000100000000)
  region size 1024K, 4 young (4096K), 4 survivors (4096K)
 Metaspace       used 75524K, committed 76416K, reserved 1114112K
  class space    used 10864K, committed 11264K, reserved 1048576K
}
Event: 22.267 GC heap before
{Heap before GC invocations=34 (full 0):
 garbage-first heap   total reserved 1533952K, committed 108544K, used 93386K [0x00000000a2600000, 0x0000000100000000)
  region size 1024K, 23 young (23552K), 4 survivors (4096K)
 Metaspace       used 75524K, committed 76416K, reserved 1114112K
  class space    used 10864K, committed 11264K, reserved 1048576K
}

Dll operation events (14 events):
Event: 0.015 Loaded shared library C:\Users\josex\.jdks\openjdk-22.0.2\bin\java.dll
Event: 0.215 Loaded shared library C:\Users\josex\.jdks\openjdk-22.0.2\bin\zip.dll
Event: 0.219 Loaded shared library C:\Users\josex\.jdks\openjdk-22.0.2\bin\instrument.dll
Event: 0.223 Loaded shared library C:\Users\josex\.jdks\openjdk-22.0.2\bin\net.dll
Event: 0.225 Loaded shared library C:\Users\josex\.jdks\openjdk-22.0.2\bin\nio.dll
Event: 0.228 Loaded shared library C:\Users\josex\.jdks\openjdk-22.0.2\bin\zip.dll
Event: 0.536 Loaded shared library C:\Users\josex\.jdks\openjdk-22.0.2\bin\jimage.dll
Event: 3.217 Loaded shared library C:\Program Files\JetBrains\IntelliJ IDEA 2024.2.1\bin\breakgen64.dll
Event: 3.228 Loaded shared library C:\Users\josex\.jdks\openjdk-22.0.2\bin\extnet.dll
Event: 3.245 Loaded shared library C:\Users\josex\.jdks\openjdk-22.0.2\bin\management.dll
Event: 3.262 Loaded shared library C:\Users\josex\.jdks\openjdk-22.0.2\bin\management_ext.dll
Event: 17.327 Loaded shared library C:\Users\josex\.jdks\openjdk-22.0.2\bin\le.dll
Event: 17.554 Loaded shared library C:\Users\josex\.jdks\openjdk-22.0.2\bin\sunmscapi.dll
Event: 18.135 Loaded shared library C:\Users\josex\.jdks\openjdk-22.0.2\bin\verify.dll

Deoptimization events (12 events):
Event: 4.524 Thread 0x00000288d47b9170 DEOPT PACKING pc=0x00000288dd28ddb4 sp=0x00000094604fe290
Event: 4.524 Thread 0x00000288d47b9170 DEOPT UNPACKING pc=0x00000288dcb34e42 sp=0x00000094604fd758 mode 0
Event: 17.110 Thread 0x00000288d47b9170 DEOPT PACKING pc=0x00000288dd41ca21 sp=0x00000094604fb7b0
Event: 17.110 Thread 0x00000288d47b9170 DEOPT UNPACKING pc=0x00000288dcb34e42 sp=0x00000094604fad48 mode 0
Event: 18.519 Thread 0x00000288d47b9170 DEOPT PACKING pc=0x00000288dd566aa9 sp=0x00000094604f9c40
Event: 18.519 Thread 0x00000288d47b9170 DEOPT UNPACKING pc=0x00000288dcb34e42 sp=0x00000094604f90f8 mode 3
Event: 18.519 Thread 0x00000288d47b9170 DEOPT PACKING pc=0x00000288dd559fcc sp=0x00000094604f9cd0
Event: 18.519 Thread 0x00000288d47b9170 DEOPT UNPACKING pc=0x00000288dcb34e42 sp=0x00000094604f91f8 mode 0
Event: 20.570 Thread 0x00000288d47b9170 DEOPT PACKING pc=0x00000288dcd2e594 sp=0x00000094604fc8f0
Event: 20.570 Thread 0x00000288d47b9170 DEOPT UNPACKING pc=0x00000288dcb34e42 sp=0x00000094604fbe48 mode 0
Event: 20.712 Thread 0x00000288d47b9170 DEOPT PACKING pc=0x00000288dd2e4941 sp=0x00000094604fb420
Event: 20.712 Thread 0x00000288d47b9170 DEOPT UNPACKING pc=0x00000288dcb34e42 sp=0x00000094604fa928 mode 3

Classes loaded (20 events):
Event: 21.518 Loading class java/util/EnumMap$EnumMapIterator done
Event: 21.518 Loading class java/util/EnumMap$EntryIterator done
Event: 21.526 Loading class java/lang/reflect/MalformedParametersException
Event: 21.526 Loading class java/lang/reflect/MalformedParametersException done
Event: 21.751 Loading class java/util/Comparators$NullComparator
Event: 21.751 Loading class java/util/Comparators$NullComparator done
Event: 21.855 Loading class sun/misc/Unsafe
Event: 21.855 Loading class sun/misc/Unsafe done
Event: 21.878 Loading class java/lang/LayerInstantiationException
Event: 21.878 Loading class java/lang/LayerInstantiationException done
Event: 21.878 Loading class jdk/internal/loader/Loader
Event: 21.879 Loading class jdk/internal/loader/Loader done
Event: 21.942 Loading class java/nio/channels/spi/AbstractInterruptibleChannel$1
Event: 21.942 Loading class sun/nio/ch/Interruptible
Event: 21.942 Loading class sun/nio/ch/Interruptible done
Event: 21.942 Loading class java/nio/channels/spi/AbstractInterruptibleChannel$1 done
Event: 21.950 Loading class java/nio/ReadOnlyBufferException
Event: 21.950 Loading class java/nio/ReadOnlyBufferException done
Event: 21.954 Loading class java/util/zip/DataFormatException
Event: 21.955 Loading class java/util/zip/DataFormatException done

Classes unloaded (0 events):
No events

Classes redefined (0 events):
No events

Internal exceptions (20 events):
Event: 22.238 Thread 0x00000288c9e5b6d0 Exception <a 'sun/nio/fs/WindowsException'{0x00000000a78d4800}> (0x00000000a78d4800) 
thrown [s\open\src\hotspot\share\prims\jni.cpp, line 520]
Event: 22.239 Thread 0x00000288c9e5b6d0 Exception <a 'sun/nio/fs/WindowsException'{0x00000000a78d4b50}> (0x00000000a78d4b50) 
thrown [s\open\src\hotspot\share\prims\jni.cpp, line 520]
Event: 22.239 Thread 0x00000288c9e5b6d0 Exception <a 'sun/nio/fs/WindowsException'{0x00000000a78d5520}> (0x00000000a78d5520) 
thrown [s\open\src\hotspot\share\prims\jni.cpp, line 520]
Event: 22.240 Thread 0x00000288c9e5b6d0 Exception <a 'sun/nio/fs/WindowsException'{0x00000000a78d58a8}> (0x00000000a78d58a8) 
thrown [s\open\src\hotspot\share\prims\jni.cpp, line 520]
Event: 22.241 Thread 0x00000288c9e5b6d0 Exception <a 'sun/nio/fs/WindowsException'{0x00000000a78d6250}> (0x00000000a78d6250) 
thrown [s\open\src\hotspot\share\prims\jni.cpp, line 520]
Event: 22.248 Thread 0x00000288c9e5b6d0 Exception <a 'sun/nio/fs/WindowsException'{0x00000000a883c948}> (0x00000000a883c948) 
thrown [s\open\src\hotspot\share\prims\jni.cpp, line 520]
Event: 22.248 Thread 0x00000288c9e5b6d0 Exception <a 'sun/nio/fs/WindowsException'{0x00000000a883d2c8}> (0x00000000a883d2c8) 
thrown [s\open\src\hotspot\share\prims\jni.cpp, line 520]
Event: 22.248 Thread 0x00000288c9e5b6d0 Exception <a 'sun/nio/fs/WindowsException'{0x00000000a883d5e8}> (0x00000000a883d5e8) 
thrown [s\open\src\hotspot\share\prims\jni.cpp, line 520]
Event: 22.248 Thread 0x00000288c9e5b6d0 Exception <a 'sun/nio/fs/WindowsException'{0x00000000a883df70}> (0x00000000a883df70) 
thrown [s\open\src\hotspot\share\prims\jni.cpp, line 520]
Event: 22.248 Thread 0x00000288c9e5b6d0 Exception <a 'sun/nio/fs/WindowsException'{0x00000000a883e2a0}> (0x00000000a883e2a0) 
thrown [s\open\src\hotspot\share\prims\jni.cpp, line 520]
Event: 22.248 Thread 0x00000288c9e5b6d0 Exception <a 'sun/nio/fs/WindowsException'{0x00000000a883ec20}> (0x00000000a883ec20) 
thrown [s\open\src\hotspot\share\prims\jni.cpp, line 520]
Event: 22.248 Thread 0x00000288c9e5b6d0 Exception <a 'sun/nio/fs/WindowsException'{0x00000000a883ef48}> (0x00000000a883ef48) 
thrown [s\open\src\hotspot\share\prims\jni.cpp, line 520]
Event: 22.248 Thread 0x00000288c9e5b6d0 Exception <a 'sun/nio/fs/WindowsException'{0x00000000a8703358}> (0x00000000a8703358) 
thrown [s\open\src\hotspot\share\prims\jni.cpp, line 520]
Event: 22.248 Thread 0x00000288c9e5b6d0 Exception <a 'sun/nio/fs/WindowsException'{0x00000000a8703688}> (0x00000000a8703688) 
thrown [s\open\src\hotspot\share\prims\jni.cpp, line 520]
Event: 22.249 Thread 0x00000288c9e5b6d0 Exception <a 'sun/nio/fs/WindowsException'{0x00000000a8704030}> (0x00000000a8704030) 
thrown [s\open\src\hotspot\share\prims\jni.cpp, line 520]
Event: 22.249 Thread 0x00000288c9e5b6d0 Exception <a 'sun/nio/fs/WindowsException'{0x00000000a8704388}> (0x00000000a8704388) 
thrown [s\open\src\hotspot\share\prims\jni.cpp, line 520]
Event: 22.249 Thread 0x00000288c9e5b6d0 Exception <a 'sun/nio/fs/WindowsException'{0x00000000a8704d40}> (0x00000000a8704d40) 
thrown [s\open\src\hotspot\share\prims\jni.cpp, line 520]
Event: 22.249 Thread 0x00000288c9e5b6d0 Exception <a 'sun/nio/fs/WindowsException'{0x00000000a87050b0}> (0x00000000a87050b0) 
thrown [s\open\src\hotspot\share\prims\jni.cpp, line 520]
Event: 22.249 Thread 0x00000288c9e5b6d0 Exception <a 'sun/nio/fs/WindowsException'{0x00000000a87aa680}> (0x00000000a87aa680) 
thrown [s\open\src\hotspot\share\prims\jni.cpp, line 520]
Event: 22.249 Thread 0x00000288c9e5b6d0 Exception <a 'sun/nio/fs/WindowsException'{0x00000000a87aa9e0}> (0x00000000a87aa9e0) 
thrown [s\open\src\hotspot\share\prims\jni.cpp, line 520]

ZGC Phase Switch (0 events):
No events

VM Operations (20 events):
Event: 21.763 Executing VM operation: HandshakeAllThreads (Deoptimize) done
Event: 21.764 Executing VM operation: HandshakeAllThreads (Deoptimize)
Event: 21.764 Executing VM operation: HandshakeAllThreads (Deoptimize) done
Event: 21.943 Executing VM operation: G1TryInitiateConcMark (G1 Humongous Allocation)
Event: 21.947 Executing VM operation: G1TryInitiateConcMark (G1 Humongous Allocation) done
Event: 21.977 Executing VM operation: G1PauseRemark
Event: 21.980 Executing VM operation: G1PauseRemark done
Event: 21.994 Executing VM operation: G1CollectForAllocation (G1 Evacuation Pause)
Event: 22.040 Executing VM operation: G1CollectForAllocation (G1 Evacuation Pause) done
Event: 22.044 Executing VM operation: G1PauseCleanup
Event: 22.044 Executing VM operation: G1PauseCleanup done
Event: 22.099 Executing VM operation: HandshakeAllThreads (Deoptimize)
Event: 22.099 Executing VM operation: HandshakeAllThreads (Deoptimize) done
Event: 22.143 Executing VM operation: G1CollectForAllocation (G1 Evacuation Pause)
Event: 22.151 Executing VM operation: G1CollectForAllocation (G1 Evacuation Pause) done
Event: 22.187 Executing VM operation: G1CollectForAllocation (G1 Evacuation Pause)
Event: 22.194 Executing VM operation: G1CollectForAllocation (G1 Evacuation Pause) done
Event: 22.241 Executing VM operation: G1TryInitiateConcMark (G1 Humongous Allocation)
Event: 22.247 Executing VM operation: G1TryInitiateConcMark (G1 Humongous Allocation) done
Event: 22.266 Executing VM operation: G1CollectForAllocation (G1 Evacuation Pause)

Memory protections (0 events):
No events

Nmethod flushes (20 events):
Event: 20.811 Thread 0x00000288e4e04320 flushing  nmethod 0x00000288dd2f6890
Event: 20.811 Thread 0x00000288e4e04320 flushing  nmethod 0x00000288dd43b890
Event: 20.811 Thread 0x00000288e4e04320 flushing  nmethod 0x00000288dd458e10
Event: 20.811 Thread 0x00000288e4e04320 flushing  nmethod 0x00000288dd459690
Event: 20.811 Thread 0x00000288e4e04320 flushing  nmethod 0x00000288dd4e9810
Event: 20.811 Thread 0x00000288e4e04320 flushing  nmethod 0x00000288dd55cc10
Event: 21.979 Thread 0x00000288e4e04320 flushing  nmethod 0x00000288dce0e910
Event: 21.979 Thread 0x00000288e4e04320 flushing  nmethod 0x00000288dd1f3490
Event: 21.979 Thread 0x00000288e4e04320 flushing  nmethod 0x00000288dd508110
Event: 21.979 Thread 0x00000288e4e04320 flushing  nmethod 0x00000288dd50bf90
Event: 21.979 Thread 0x00000288e4e04320 flushing  nmethod 0x00000288dce65210
Event: 21.979 Thread 0x00000288e4e04320 flushing  nmethod 0x00000288dd4f3490
Event: 21.979 Thread 0x00000288e4e04320 flushing  nmethod 0x00000288dcd2df10
Event: 21.979 Thread 0x00000288e4e04320 flushing  nmethod 0x00000288dd1ed390
Event: 21.979 Thread 0x00000288e4e04320 flushing  nmethod 0x00000288dd446710
Event: 21.979 Thread 0x00000288e4e04320 flushing  nmethod 0x00000288dcf60c10
Event: 21.979 Thread 0x00000288e4e04320 flushing  nmethod 0x00000288dd2e3090
Event: 21.979 Thread 0x00000288e4e04320 flushing  nmethod 0x00000288dd515190
Event: 21.979 Thread 0x00000288e4e04320 flushing  nmethod 0x00000288dd515f90
Event: 21.979 Thread 0x00000288e4e04320 flushing  nmethod 0x00000288dd516810

Events (20 events):
Event: 22.235 Thread 0x00000288c9e5de30 Thread added: 0x00000288c9e5b040
Event: 22.235 Thread 0x00000288c9e5de30 Thread added: 0x00000288c9e5c3f0
Event: 22.235 Thread 0x00000288c9e5de30 Thread added: 0x00000288c9e5eb50
Event: 22.235 Thread 0x00000288c9e5de30 Thread added: 0x00000288c9e5ca80
Event: 22.235 Thread 0x00000288c9e5de30 Thread added: 0x00000288c9e5d7a0
Event: 22.235 Thread 0x00000288c9e5de30 Thread added: 0x00000288c9e5f1e0
Event: 22.235 Thread 0x00000288c9e5de30 Thread added: 0x00000288c9e5bd60
Event: 22.235 Thread 0x00000288c9e5de30 Thread added: 0x00000288c9e60c20
Event: 22.235 Thread 0x00000288c9e5de30 Thread added: 0x00000288c9e612b0
Event: 22.235 Thread 0x00000288c9e5de30 Thread added: 0x00000288c9e5ff00
Event: 22.235 Thread 0x00000288c9e5de30 Thread added: 0x00000288c9e5f870
Event: 22.235 Thread 0x00000288c9e5de30 Thread added: 0x00000288c9e61fd0
Event: 22.236 Thread 0x00000288c9e5de30 Thread added: 0x00000288c9e60590
Event: 22.236 Thread 0x00000288c9e5de30 Thread added: 0x00000288c9e61940
Event: 22.236 Thread 0x00000288c9e5de30 Thread added: 0x00000288c87cac50
Event: 22.236 Thread 0x00000288c9e5de30 Thread added: 0x00000288c87c98a0
Event: 22.236 Thread 0x00000288c9e5de30 Thread added: 0x00000288c87ca5c0
Event: 22.236 Thread 0x00000288c9e5de30 Thread added: 0x00000288c87cc000
Event: 22.237 Thread 0x00000288c9e5de30 Thread added: 0x00000288c87cc690
Event: 22.237 Thread 0x00000288c9e5de30 Thread added: 0x00000288c87c9f30


Dynamic libraries:
0x00007ff66b1c0000 - 0x00007ff66b1ce000 	C:\Users\josex\.jdks\openjdk-22.0.2\bin\java.exe
0x00007ffeddb40000 - 0x00007ffeddda0000 	C:\WINDOWS\SYSTEM32\ntdll.dll
0x00007ffedc680000 - 0x00007ffedc747000 	C:\WINDOWS\System32\KERNEL32.DLL
0x00007ffedb250000 - 0x00007ffedb61a000 	C:\WINDOWS\System32\KERNELBASE.dll
0x00007ffedad20000 - 0x00007ffedae6b000 	C:\WINDOWS\System32\ucrtbase.dll
0x00007ffed6710000 - 0x00007ffed6727000 	C:\Users\josex\.jdks\openjdk-22.0.2\bin\jli.dll
0x00007ffed25a0000 - 0x00007ffed25bb000 	C:\Users\josex\.jdks\openjdk-22.0.2\bin\VCRUNTIME140.dll
0x00007ffedd560000 - 0x00007ffedd72c000 	C:\WINDOWS\System32\USER32.dll
0x00007ffedb790000 - 0x00007ffedb7b7000 	C:\WINDOWS\System32\win32u.dll
0x00007ffec4af0000 - 0x00007ffec4d87000 	C:\WINDOWS\WinSxS\amd64_microsoft.windows.common-controls_6595b64144ccf1df_6.0.26100.3624_none_3e086962e3345f24\COMCTL32.dll
0x00007ffedb950000 - 0x00007ffedb97a000 	C:\WINDOWS\System32\GDI32.dll
0x00007ffedafc0000 - 0x00007ffedb0f1000 	C:\WINDOWS\System32\gdi32full.dll
0x00007ffedd730000 - 0x00007ffedd7d9000 	C:\WINDOWS\System32\msvcrt.dll
0x00007ffedb100000 - 0x00007ffedb1a3000 	C:\WINDOWS\System32\msvcp_win.dll
0x00007ffedc840000 - 0x00007ffedc86f000 	C:\WINDOWS\System32\IMM32.DLL
0x00007ffed6700000 - 0x00007ffed670c000 	C:\Users\josex\.jdks\openjdk-22.0.2\bin\vcruntime140_1.dll
0x00007ffec79b0000 - 0x00007ffec7a3e000 	C:\Users\josex\.jdks\openjdk-22.0.2\bin\msvcp140.dll
0x00007ffe877f0000 - 0x00007ffe88539000 	C:\Users\josex\.jdks\openjdk-22.0.2\bin\server\jvm.dll
0x00007ffedb980000 - 0x00007ffedba32000 	C:\WINDOWS\System32\ADVAPI32.dll
0x00007ffedd920000 - 0x00007ffedd9c6000 	C:\WINDOWS\System32\sechost.dll
0x00007ffedba40000 - 0x00007ffedbb56000 	C:\WINDOWS\System32\RPCRT4.dll
0x00007ffedc460000 - 0x00007ffedc4d4000 	C:\WINDOWS\System32\WS2_32.dll
0x00007ffedab70000 - 0x00007ffedabce000 	C:\WINDOWS\SYSTEM32\POWRPROF.dll
0x00007ffed3660000 - 0x00007ffed366b000 	C:\WINDOWS\SYSTEM32\VERSION.dll
0x00007ffed1fa0000 - 0x00007ffed1fd6000 	C:\WINDOWS\SYSTEM32\WINMM.dll
0x00007ffedab50000 - 0x00007ffedab64000 	C:\WINDOWS\SYSTEM32\UMPDC.dll
0x00007ffed9b30000 - 0x00007ffed9b4a000 	C:\WINDOWS\SYSTEM32\kernel.appcore.dll
0x00007ffec8880000 - 0x00007ffec888a000 	C:\Users\josex\.jdks\openjdk-22.0.2\bin\jimage.dll
0x00007ffed1330000 - 0x00007ffed1571000 	C:\WINDOWS\SYSTEM32\DBGHELP.DLL
0x00007ffedc060000 - 0x00007ffedc3e2000 	C:\WINDOWS\System32\combase.dll
0x00007ffedc750000 - 0x00007ffedc826000 	C:\WINDOWS\System32\OLEAUT32.dll
0x00007ffec30b0000 - 0x00007ffec30e9000 	C:\WINDOWS\SYSTEM32\dbgcore.DLL
0x00007ffedb1b0000 - 0x00007ffedb249000 	C:\WINDOWS\System32\bcryptPrimitives.dll
0x00007ffec7d40000 - 0x00007ffec7d4f000 	C:\Users\josex\.jdks\openjdk-22.0.2\bin\instrument.dll
0x00007ffec8860000 - 0x00007ffec887e000 	C:\Users\josex\.jdks\openjdk-22.0.2\bin\java.dll
0x00007ffedce30000 - 0x00007ffedd559000 	C:\WINDOWS\System32\SHELL32.dll
0x00007ffedb620000 - 0x00007ffedb788000 	C:\WINDOWS\System32\wintypes.dll
0x00007ffedc4e0000 - 0x00007ffedc676000 	C:\WINDOWS\System32\ole32.dll
0x00007ffed8a00000 - 0x00007ffed9252000 	C:\WINDOWS\SYSTEM32\windows.storage.dll
0x00007ffedd830000 - 0x00007ffedd91d000 	C:\WINDOWS\System32\SHCORE.dll
0x00007ffedc3f0000 - 0x00007ffedc454000 	C:\WINDOWS\System32\shlwapi.dll
0x00007ffedac30000 - 0x00007ffedac5f000 	C:\WINDOWS\SYSTEM32\profapi.dll
0x00007ffebdfd0000 - 0x00007ffebdfe7000 	C:\Users\josex\.jdks\openjdk-22.0.2\bin\zip.dll
0x00007ffec7d70000 - 0x00007ffec7d80000 	C:\Users\josex\.jdks\openjdk-22.0.2\bin\net.dll
0x00007ffeda050000 - 0x00007ffeda0ba000 	C:\WINDOWS\system32\mswsock.dll
0x00007ffec7d50000 - 0x00007ffec7d66000 	C:\Users\josex\.jdks\openjdk-22.0.2\bin\nio.dll
0x00007ffeb7080000 - 0x00007ffeb709a000 	C:\Program Files\JetBrains\IntelliJ IDEA 2024.2.1\bin\breakgen64.dll
0x00007ffed9650000 - 0x00007ffed9775000 	C:\WINDOWS\SYSTEM32\DNSAPI.dll
0x00007ffed95b0000 - 0x00007ffed95e3000 	C:\WINDOWS\SYSTEM32\IPHLPAPI.DLL
0x00007ffedc830000 - 0x00007ffedc83a000 	C:\WINDOWS\System32\NSI.dll
0x00007ffebce30000 - 0x00007ffebce39000 	C:\Users\josex\.jdks\openjdk-22.0.2\bin\extnet.dll
0x00007ffecef10000 - 0x00007ffecef1b000 	C:\Windows\System32\rasadhlp.dll
0x00007ffed1f10000 - 0x00007ffed1f95000 	C:\WINDOWS\System32\fwpuclnt.dll
0x00007ffebdfc0000 - 0x00007ffebdfca000 	C:\Users\josex\.jdks\openjdk-22.0.2\bin\management.dll
0x00007ffebdfb0000 - 0x00007ffebdfbb000 	C:\Users\josex\.jdks\openjdk-22.0.2\bin\management_ext.dll
0x00007ffedb940000 - 0x00007ffedb948000 	C:\WINDOWS\System32\PSAPI.DLL
0x00007ffeda2f0000 - 0x00007ffeda30c000 	C:\WINDOWS\SYSTEM32\CRYPTSP.dll
0x00007ffed9a90000 - 0x00007ffed9aca000 	C:\WINDOWS\system32\rsaenh.dll
0x00007ffeda0f0000 - 0x00007ffeda11b000 	C:\WINDOWS\SYSTEM32\USERENV.dll
0x00007ffedac00000 - 0x00007ffedac26000 	C:\WINDOWS\SYSTEM32\bcrypt.dll
0x00007ffeda310000 - 0x00007ffeda31c000 	C:\WINDOWS\SYSTEM32\CRYPTBASE.dll
0x00007ffe48e90000 - 0x00007ffe48ea8000 	C:\WINDOWS\system32\napinsp.dll
0x00007ffe79cb0000 - 0x00007ffe79cc2000 	C:\WINDOWS\System32\winrnr.dll
0x00007ffe6f170000 - 0x00007ffe6f1a0000 	C:\WINDOWS\system32\nlansp_c.dll
0x00007ffed33d0000 - 0x00007ffed33e6000 	C:\WINDOWS\system32\wshbth.dll
0x00007ffec5e10000 - 0x00007ffec5e5e000 	C:\WINDOWS\SYSTEM32\pdh.dll
0x00007ffed6830000 - 0x00007ffed6842000 	C:\WINDOWS\System32\perfproc.dll
0x00007ffeb52d0000 - 0x00007ffeb52e1000 	C:\WINDOWS\System32\perfos.dll
0x00007ffed8110000 - 0x00007ffed8122000 	C:\WINDOWS\SYSTEM32\pfclient.dll
0x00007ffed67a0000 - 0x00007ffed67ab000 	C:\Users\josex\.jdks\openjdk-22.0.2\bin\le.dll
0x00007ffebdfa0000 - 0x00007ffebdfae000 	C:\Users\josex\.jdks\openjdk-22.0.2\bin\sunmscapi.dll
0x00007ffedb7c0000 - 0x00007ffedb937000 	C:\WINDOWS\System32\CRYPT32.dll
0x00007ffeda4f0000 - 0x00007ffeda520000 	C:\WINDOWS\SYSTEM32\ncrypt.dll
0x00007ffeda4a0000 - 0x00007ffeda4df000 	C:\WINDOWS\SYSTEM32\NTASN1.dll
0x00007ffebcf20000 - 0x00007ffebcf30000 	C:\Users\josex\.jdks\openjdk-22.0.2\bin\verify.dll

dbghelp: loaded successfully - version: 4.0.5 - missing functions: none
symbol engine: initialized successfully - sym options: 0x614 - pdb path: .;C:\Users\josex\.jdks\openjdk-22.0.2\bin;C:\WINDOWS\SYSTEM32;C:\WINDOWS\WinSxS\amd64_microsoft.windows.common-controls_6595b64144ccf1df_6.0.26100.3624_none_3e086962e3345f24;C:\Users\josex\.jdks\openjdk-22.0.2\bin\server;C:\Program Files\JetBrains\IntelliJ IDEA 2024.2.1\bin

VM Arguments:
jvm_args: -XX:TieredStopAtLevel=1 -Dspring.output.ansi.enabled=always -Dcom.sun.management.jmxremote -Dspring.jmx.enabled=true -Dspring.liveBeansView.mbeanDomain -Dspring.application.admin.enabled=true -Dmanagement.endpoints.jmx.exposure.include=* -javaagent:C:\Program Files\JetBrains\IntelliJ IDEA 2024.2.1\lib\idea_rt.jar=54465:C:\Program Files\JetBrains\IntelliJ IDEA 2024.2.1\bin -Dfile.encoding=UTF-8 -Dsun.stdout.encoding=UTF-8 -Dsun.stderr.encoding=UTF-8 
java_command: com.example.mspedido.MsPedidoApplication
java_class_path (initial): C:\ciclo-5\Desarrollo de Aplicaciones\practica'examen\ms-pedido\target\classes;C:\Users\josex\.m2\repository\org\springframework\boot\spring-boot-starter-data-jpa\3.1.3\spring-boot-starter-data-jpa-3.1.3.jar;C:\Users\josex\.m2\repository\org\springframework\boot\spring-boot-starter-aop\3.1.3\spring-boot-starter-aop-3.1.3.jar;C:\Users\josex\.m2\repository\org\springframework\spring-aop\6.0.11\spring-aop-6.0.11.jar;C:\Users\josex\.m2\repository\org\aspectj\aspectjweaver\1.9.20\aspectjweaver-1.9.20.jar;C:\Users\josex\.m2\repository\org\springframework\boot\spring-boot-starter-jdbc\3.1.3\spring-boot-starter-jdbc-3.1.3.jar;C:\Users\josex\.m2\repository\com\zaxxer\HikariCP\5.0.1\HikariCP-5.0.1.jar;C:\Users\josex\.m2\repository\org\springframework\spring-jdbc\6.0.11\spring-jdbc-6.0.11.jar;C:\Users\josex\.m2\repository\org\hibernate\orm\hibernate-core\6.2.7.Final\hibernate-core-6.2.7.Final.jar;C:\Users\josex\.m2\repository\jakarta\persistence\jakarta.persistence-api\3.1.0\jakarta.persistence-api-3.1.0.jar;C:\Users\josex\.m2\repository\jakarta\transaction\jakarta.transaction-api\2.0.1\jakarta.transaction-api-2.0.1.jar;C:\Users\josex\.m2\repository\org\jboss\logging\jboss-logging\3.5.3.Final\jboss-logging-3.5.3.Final.jar;C:\Users\josex\.m2\repository\org\hibernate\common\hibernate-commons-annotations\6.0.6.Final\hibernate-commons-annotations-6.0.6.Final.jar;C:\Users\josex\.m2\repository\io\smallrye\jandex\3.0.5\jandex-3.0.5.jar;C:\Users\josex\.m2\repository\com\fasterxml\classmate\1.5.1\classmate-1.5.1.jar;C:\Users\josex\.m2\repository\net\bytebuddy\byte-buddy\1.14.6\byte-buddy-1.14.6.jar;C:\Users\josex\.m2\repository\jakarta\xml\bind\jakarta.xml.bind-api\4.0.0\jakarta.xml.bind-api-4.0.0.jar;C:\Users\josex\.m2\repository\jakarta\activation\jakarta.activation-api\2.1.2\jakarta.activation-api-2.1.2.jar;C:\Users\josex\.m2\repository\org\glassfish\jaxb\jaxb-runtime\4.0.3\jaxb-runtime-4.0.3.jar;C:\Users\josex\.m2\repository\org\glassfish\jaxb\jaxb-core\4.0.3\jaxb-core-4.0.3.jar;C:\Users\josex\.m2\repository\org\eclipse\angus\angus-activation\2.0.1\angus-activation-2.0.1.jar;C:\Users\josex\.m2\repository\org\glassfish\jaxb\txw2\4.0.3\txw2-4.0.3.jar;C:\Users\josex\.m2\repository\com\sun\istack\istack-commons-runtime\4.1.2\istack-commons-runtime-4.1.2.jar;C:\Users\josex\.m2\repository\jakarta\inject\jakarta.inject-api\2.0.1\jakarta.inject-api-2.0.1.jar;C:\Users\josex\.m2\repository\org\antlr\antlr4-runtime\4.10.1\antlr4-runtime-4.10.1.jar;C:\Users\josex\.m2\repository\org\springframework\data\spring-data-jpa\3.1.3\spring-data-jpa-3.1.3.jar;C:\Users\josex\.m2\repository\org\springframework\data\spring-data-commons\3.1.3\spring-data-commons-3.1.3.jar;C:\Users\josex\.m2\repository\org\springframework\spring-orm\6.0.11\spring-orm-6.0.11.jar;C:\Users\josex\.m2\repository\org\springframework\spring-context\6.0.11\spring-context-6.0.11.jar;C:\Users\josex\.m2\repository\org\springframework\spring-tx\6.0.11\spring-tx-6.0.11.jar;C:\Users\josex\.m2\repository\org\springframework\spring-beans\6.0.11\spring-beans-6.0.11.jar;C:\Users\josex\.m2\repository\org\springframework\spring-core\6.0.11\spring-core-6.0.11.jar;C:\Users\josex\.m2\repository\org\springframework\spring-jcl\6.0.11\spring-jcl-6.0.11.jar;C:\Users\josex\.m2\repository\jakarta\annotation\jakarta.annotation-api\2.1.1\jakarta.annotation-api-2.1.1.jar;C:\Users\josex\.m2\repository\org\slf4j\slf4j-api\2.0.7\slf4j-api-2.0.7.jar;C:\Users\josex\.m2\repository\org\springframework\spring-aspects\6.0.11\spring-aspects-6.0.11.jar;C:\Users\josex\.m2\repository\org\springframework\boot\spring-boot-starter-validation\3.1.3\spring-boot-starter-validation-3.1.3.jar;C:\Users\josex\.m2\repository\org\springframework\boot\spring-boot-starter\3.1.3\spring-boot-starter-3.1.3.jar;C:\Users\josex\.m2\repository\org\springframework\boot\spring-boot\3.1.3\spring-boot-3.1.3.jar;C:\Users\josex\.m2\repository\org\springframework\boot\spring-boot-autoconfigure\3.1.3\spring-boot-autoconfigure-3.1.3.jar;C:\Users\josex\.m2\repository\org\springframework\boot\spring-boot-starter-logging\3.1.3\spring-boot-starter-logging-3.1.3.jar;C:\Users\josex\.m2\repository\ch\qos\logback\logback-classic\1.4.11\logback-classic-1.4.11.jar;C:\Users\josex\.m2\repository\ch\qos\logback\logback-core\1.4.11\logback-core-1.4.11.jar;C:\Users\josex\.m2\repository\org\apache\logging\log4j\log4j-to-slf4j\2.20.0\log4j-to-slf4j-2.20.0.jar;C:\Users\josex\.m2\repository\org\apache\logging\log4j\log4j-api\2.20.0\log4j-api-2.20.0.jar;C:\Users\josex\.m2\repository\org\slf4j\jul-to-slf4j\2.0.7\jul-to-slf4j-2.0.7.jar;C:\Users\josex\.m2\repository\org\yaml\snakeyaml\1.33\snakeyaml-1.33.jar;C:\Users\josex\.m2\repository\org\apache\tomcat\embed\tomcat-embed-el\10.1.12\tomcat-embed-el-10.1.12.jar;C:\Users\josex\.m2\repository\org\hibernate\validator\hibernate-validator\8.0.1.Final\hibernate-validator-8.0.1.Final.jar;C:\Users\josex\.m2\repository\jakarta\validation\jakarta.validation-api\3.0.2\jakarta.validation-api-3.0.2.jar;C:\Users\josex\.m2\repository\org\springframework\boot\spring-boot-starter-web\3.1.3\spring-boot-starter-web-3.1.3.jar;C:\Users\josex\.m2\repository\org\springframework\boot\spring-boot-starter-json\3.1.3\spring-boot-starter-json-3.1.3.jar;C:\Users\josex\.m2\repository\com\fasterxml\jackson\datatype\jackson-datatype-jdk8\2.15.2\jackson-datatype-jdk8-2.15.2.jar;C:\Users\josex\.m2\repository\com\fasterxml\jackson\datatype\jackson-datatype-jsr310\2.15.2\jackson-datatype-jsr310-2.15.2.jar;C:\Users\josex\.m2\repository\com\fasterxml\jackson\module\jackson-module-parameter-names\2.15.2\jackson-module-parameter-names-2.15.2.jar;C:\Users\josex\.m2\repository\org\springframework\boot\spring-boot-starter-tomcat\3.1.3\spring-boot-starter-tomcat-3.1.3.jar;C:\Users\josex\.m2\repository\org\apache\tomcat\embed\tomcat-embed-core\10.1.12\tomcat-embed-core-10.1.12.jar;C:\Users\josex\.m2\repository\org\apache\tomcat\embed\tomcat-embed-websocket\10.1.12\tomcat-embed-websocket-10.1.12.jar;C:\Users\josex\.m2\repository\org\springframework\spring-web\6.0.11\spring-web-6.0.11.jar;C:\Users\josex\.m2\repository\io\micrometer\micrometer-observation\1.11.3\micrometer-observation-1.11.3.jar;C:\Users\josex\.m2\repository\io\micrometer\micrometer-commons\1.11.3\micrometer-commons-1.11.3.jar;C:\Users\josex\.m2\repository\org\springframework\spring-webmvc\6.0.11\spring-webmvc-6.0.11.jar;C:\Users\josex\.m2\repository\org\springframework\spring-expression\6.0.11\spring-expression-6.0.11.jar;C:\Users\josex\.m2\repository\com\mysql\mysql-connector-j\8.0.33\mysql-connector-j-8.0.33.jar;C:\Users\josex\.m2\repository\org\projectlombok\lombok\1.18.28\lombok-1.18.28.jar;C:\Users\josex\.m2\repository\org\springdoc\springdoc-openapi-starter-webmvc-ui\2.0.2\springdoc-openapi-starter-webmvc-ui-2.0.2.jar;C:\Users\josex\.m2\repository\org\springdoc\springdoc-openapi-starter-webmvc-api\2.0.2\springdoc-openapi-starter-webmvc-api-2.0.2.jar;C:\Users\josex\.m2\repository\org\springdoc\springdoc-openapi-starter-common\2.0.2\springdoc-openapi-starter-common-2.0.2.jar;C:\Users\josex\.m2\repository\io\swagger\core\v3\swagger-core-jakarta\2.2.7\swagger-core-jakarta-2.2.7.jar;C:\Users\josex\.m2\repository\org\apache\commons\commons-lang3\3.12.0\commons-lang3-3.12.0.jar;C:\Users\josex\.m2\repository\io\swagger\core\v3\swagger-annotations-jakarta\2.2.7\swagger-annotations-jakarta-2.2.7.jar;C:\Users\josex\.m2\repository\io\swagger\core\v3\swagger-models-jakarta\2.2.7\swagger-models-jakarta-2.2.7.jar;C:\Users\josex\.m2\repository\com\fasterxml\jackson\dataformat\jackson-dataformat-yaml\2.15.2\jackson-dataformat-yaml-2.15.2.jar;C:\Users\josex\.m2\repository\org\webjars\swagger-ui\4.15.5\swagger-ui-4.15.5.jar;C:\Users\josex\.m2\repository\org\webjars\webjars-locator-core\0.52\webjars-locator-core-0.52.jar;C:\Users\josex\.m2\repository\io\github\classgraph\classgraph\4.8.149\classgraph-4.8.149.jar;C:\Users\josex\.m2\repository\org\springframework\cloud\spring-cloud-starter-config\4.0.4\spring-cloud-starter-config-4.0.4.jar;C:\Users\josex\.m2\repository\org\springframework\cloud\spring-cloud-starter\4.0.2\spring-cloud-starter-4.0.2.jar;C:\Users\josex\.m2\repository\org\springframework\cloud\spring-cloud-context\4.0.2\spring-cloud-context-4.0.2.jar;C:\Users\josex\.m2\repository\org\springframework\security\spring-security-rsa\1.0.11.RELEASE\spring-security-rsa-1.0.11.RELEASE.jar;C:\Users\josex\.m2\repository\org\bouncycastle\bcpkix-jdk15on\1.69\bcpkix-jdk15on-1.69.jar;C:\Users\josex\.m2\repository\org\bouncycastle\bcprov-jdk15on\1.69\bcprov-jdk15on-1.69.jar;C:\Users\josex\.m2\repository\org\bouncycastle\bcutil-jdk15on\1.69\bcutil-jdk15on-1.69.jar;C:\Users\josex\.m2\repository\org\springframework\cloud\spring-cloud-config-client\4.0.2\spring-cloud-config-client-4.0.2.jar;C:\Users\josex\.m2\repository\com\fasterxml\jackson\core\jackson-annotations\2.15.2\jackson-annotations-2.15.2.jar;C:\Users\josex\.m2\repository\org\apache\httpcomponents\client5\httpclient5\5.2.1\httpclient5-5.2.1.jar;C:\Users\josex\.m2\repository\org\apache\httpcomponents\core5\httpcore5\5.2.2\httpcore5-5.2.2.jar;C:\Users\josex\.m2\repository\org\apache\httpcomponents\core5\httpcore5-h2\5.2.2\httpcore5-h2-5.2.2.jar;C:\Users\josex\.m2\repository\com\fasterxml\jackson\core\jackson-databind\2.15.2\jackson-databind-2.15.2.jar;C:\Users\josex\.m2\repository\com\fasterxml\jackson\core\jackson-core\2.15.2\jackson-core-2.15.2.jar;C:\Users\josex\.m2\repository\org\springframework\cloud\spring-cloud-starter-netflix-eureka-client\4.0.3\spring-cloud-starter-netflix-eureka-client-4.0.3.jar;C:\Users\josex\.m2\repository\org\springframework\cloud\spring-cloud-netflix-eureka-client\4.0.1\spring-cloud-netflix-eureka-client-4.0.1.jar;C:\Users\josex\.m2\repository\com\netflix\eureka\eureka-client\2.0.0\eureka-client-2.0.0.jar;C:\Users\josex\.m2\repository\com\netflix\netflix-commons\netflix-eventbus\0.3.0\netflix-eventbus-0.3.0.jar;C:\Users\josex\.m2\repository\com\netflix\netflix-commons\netflix-infix\0.3.0\netflix-infix-0.3.0.jar;C:\Users\josex\.m2\repository\commons-jxpath\commons-jxpath\1.3\commons-jxpath-1.3.jar;C:\Users\josex\.m2\repository\joda-time\joda-time\2.3\joda-time-2.3.jar;C:\Users\josex\.m2\repository\org\antlr\antlr-runtime\3.4\antlr-runtime-3.4.jar;C:\Users\josex\.m2\repository\org\antlr\stringtemplate\3.2.1\stringtemplate-3.2.1.jar;C:\Users\josex\.m2\repository\antlr\antlr\2.7.7\antlr-2.7.7.jar;C:\Users\josex\.m2\repository\com\google\code\gson\gson\2.10.1\gson-2.10.1.jar;C:\Users\josex\.m2\repository\org\apache\commons\commons-math\2.2\commons-math-2.2.jar;C:\Users\josex\.m2\repository\com\thoughtworks\xstream\xstream\1.4.19\xstream-1.4.19.jar;C:\Users\josex\.m2\repository\io\github\x-stream\mxparser\1.2.2\mxparser-1.2.2.jar;C:\Users\josex\.m2\repository\xmlpull\xmlpull\1.1.3.1\xmlpull-1.1.3.1.jar;C:\Users\josex\.m2\repository\jakarta\ws\rs\jakarta.ws.rs-api\3.1.0\jakarta.ws.rs-api-3.1.0.jar;C:\Users\josex\.m2\repository\com\netflix\servo\servo-core\0.12.21\servo-core-0.12.21.jar;C:\Users\josex\.m2\repository\com\google\guava\guava\19.0\guava-19.0.jar;C:\Users\josex\.m2\repository\org\apache\httpcomponents\httpclient\4.5.3\httpclient-4.5.3.jar;C:\Users\josex\.m2\repository\org\apache\httpcomponents\httpcore\4.4.16\httpcore-4.4.16.jar;C:\Users\josex\.m2\repository\commons-codec\commons-codec\1.15\commons-codec-1.15.jar;C:\Users\josex\.m2\repository\commons-configuration\commons-configuration\1.10\commons-configuration-1.10.jar;C:\Users\josex\.m2\repository\commons-lang\commons-lang\2.6\commons-lang-2.6.jar;C:\Users\josex\.m2\repository\org\codehaus\jettison\jettison\1.4.0\jettison-1.4.0.jar;C:\Users\josex\.m2\repository\com\netflix\eureka\eureka-core\2.0.0\eureka-core-2.0.0.jar;C:\Users\josex\.m2\repository\jakarta\servlet\jakarta.servlet-api\6.0.0\jakarta.servlet-api-6.0.0.jar;C:\Users\josex\.m2\repository\com\fasterxml\woodstox\woodstox-core\6.2.1\woodstox-core-6.2.1.jar;C:\Users\josex\.m2\repository\org\codehaus\woodstox\stax2-api\4.2.1\stax2-api-4.2.1.jar;C:\Users\josex\.m2\repository\org\springframework\cloud\spring-cloud-starter-loadbalancer\4.0.2\spring-cloud-starter-loadbalancer-4.0.2.jar;C:\Users\josex\.m2\repository\org\springframework\cloud\spring-cloud-loadbalancer\4.0.2\spring-cloud-loadbalancer-4.0.2.jar;C:\Users\josex\.m2\repository\io\projectreactor\reactor-core\3.5.9\reactor-core-3.5.9.jar;C:\Users\josex\.m2\repository\org\reactivestreams\reactive-streams\1.0.4\reactive-streams-1.0.4.jar;C:\Users\josex\.m2\repository\io\projectreactor\addons\reactor-extra\3.5.1\reactor-extra-3.5.1.jar;C:\Users\josex\.m2\repository\org\springframework\boot\spring-boot-starter-cache\3.1.3\spring-boot-starter-cache-3.1.3.jar;C:\Users\josex\.m2\repository\org\springframework\spring-context-support\6.0.11\spring-context-support-6.0.11.jar;C:\Users\josex\.m2\repository\com\stoyanr\evictor\1.0.0\evictor-1.0.0.jar;C:\Users\josex\.m2\repository\org\springframework\cloud\spring-cloud-starter-openfeign\4.0.2\spring-cloud-starter-openfeign-4.0.2.jar;C:\Users\josex\.m2\repository\org\springframework\cloud\spring-cloud-openfeign-core\4.0.2\spring-cloud-openfeign-core-4.0.2.jar;C:\Users\josex\.m2\repository\io\github\openfeign\form\feign-form-spring\3.8.0\feign-form-spring-3.8.0.jar;C:\Users\josex\.m2\repository\io\github\openfeign\form\feign-form\3.8.0\feign-form-3.8.0.jar;C:\Users\josex\.m2\repository\commons-fileupload\commons-fileupload\1.4\commons-fileupload-1.4.jar;C:\Users\josex\.m2\repository\org\springframework\cloud\spring-cloud-commons\4.0.2\spring-cloud-commons-4.0.2.jar;C:\Users\josex\.m2\repository\org\springframework\security\spring-security-crypto\6.1.3\spring-security-crypto-6.1.3.jar;C:\Users\josex\.m2\repository\io\github\openfeign\feign-core\12.1\feign-core-12.1.jar;C:\Users\josex\.m2\repository\io\github\openfeign\feign-slf4j\12.1\feign-slf4j-12.1.jar;C:\Users\josex\.m2\repository\org\springframework\cloud\spring-cloud-starter-circuitbreaker-resilience4j\3.0.1\spring-cloud-starter-circuitbreaker-resilience4j-3.0.1.jar;C:\Users\josex\.m2\repository\org\springframework\cloud\spring-cloud-circuitbreaker-resilience4j\3.0.1\spring-cloud-circuitbreaker-resilience4j-3.0.1.jar;C:\Users\josex\.m2\repository\io\github\resilience4j\resilience4j-spring-boot3\2.0.2\resilience4j-spring-boot3-2.0.2.jar;C:\Users\josex\.m2\repository\io\github\resilience4j\resilience4j-spring6\2.0.2\resilience4j-spring6-2.0.2.jar;C:\Users\josex\.m2\repository\io\github\resilience4j\resilience4j-annotations\2.0.2\resilience4j-annotations-2.0.2.jar;C:\Users\josex\.m2\repository\io\github\resilience4j\resilience4j-consumer\2.0.2\resilience4j-consumer-2.0.2.jar;C:\Users\josex\.m2\repository\io\github\resilience4j\resilience4j-circularbuffer\2.0.2\resilience4j-circularbuffer-2.0.2.jar;C:\Users\josex\.m2\repository\io\github\resilience4j\resilience4j-framework-common\2.0.2\resilience4j-framework-common-2.0.2.jar;C:\Users\josex\.m2\repository\io\github\resilience4j\resilience4j-micrometer\2.0.2\resilience4j-micrometer-2.0.2.jar;C:\Users\josex\.m2\repository\io\micrometer\micrometer-core\1.11.3\micrometer-core-1.11.3.jar;C:\Users\josex\.m2\repository\org\hdrhistogram\HdrHistogram\2.1.12\HdrHistogram-2.1.12.jar;C:\Users\josex\.m2\repository\org\latencyutils\LatencyUtils\2.0.3\LatencyUtils-2.0.3.jar;C:\Users\josex\.m2\repository\io\github\resilience4j\resilience4j-retry\2.0.2\resilience4j-retry-2.0.2.jar;C:\Users\josex\.m2\repository\io\github\resilience4j\resilience4j-ratelimiter\2.0.2\resilience4j-ratelimiter-2.0.2.jar;C:\Users\josex\.m2\repository\io\github\resilience4j\resilience4j-circuitbreaker\2.0.2\resilience4j-circuitbreaker-2.0.2.jar;C:\Users\josex\.m2\repository\io\github\resilience4j\resilience4j-core\2.0.2\resilience4j-core-2.0.2.jar;C:\Users\josex\.m2\repository\io\github\resilience4j\resilience4j-timelimiter\2.0.2\resilience4j-timelimiter-2.0.2.jar
Launcher Type: SUN_STANDARD

[Global flags]
     intx CICompilerCount                          = 12                                        {product} {ergonomic}
     uint ConcGCThreads                            = 3                                         {product} {ergonomic}
     uint G1ConcRefinementThreads                  = 13                                        {product} {ergonomic}
   size_t G1HeapRegionSize                         = 1048576                                   {product} {ergonomic}
   size_t InitialHeapSize                          = 98566144                                  {product} {ergonomic}
     bool ManagementServer                         = true                                      {product} {command line}
   size_t MarkStackSize                            = 4194304                                   {product} {ergonomic}
   size_t MaxHeapSize                              = 1570766848                                {product} {ergonomic}
   size_t MaxNewSize                               = 941621248                                 {product} {ergonomic}
   size_t MinHeapDeltaBytes                        = 1048576                                   {product} {ergonomic}
   size_t MinHeapSize                              = 8388608                                   {product} {ergonomic}
    uintx NonNMethodCodeHeapSize                   = 4096                                   {pd product} {ergonomic}
    uintx NonProfiledCodeHeapSize                  = 0                                      {pd product} {ergonomic}
     bool ProfileInterpreter                       = false                                  {pd product} {command line}
    uintx ProfiledCodeHeapSize                     = 0                                      {pd product} {ergonomic}
   size_t SoftMaxHeapSize                          = 1570766848                             {manageable} {ergonomic}
     intx TieredStopAtLevel                        = 1                                         {product} {command line}
     bool UseCompressedOops                        = true                           {product lp64_product} {ergonomic}
     bool UseG1GC                                  = true                                      {product} {ergonomic}
     bool UseLargePagesIndividualAllocation        = false                                  {pd product} {ergonomic}

Logging:
Log output configuration:
 #0: stdout all=warning uptime,level,tags foldmultilines=false
 #1: stderr all=off uptime,level,tags foldmultilines=false

Environment Variables:
PATH=C:\Program Files\Common Files\Oracle\Java\javapath;C:\WINDOWS\system32;C:\WINDOWS;C:\WINDOWS\System32\Wbem;C:\WINDOWS\System32\WindowsPowerShell\v1.0\;C:\WINDOWS\System32\OpenSSH\;C:\Program Files\Git\cmd;C:\Users\josex\AppData\Roaming\nvm;C:\Program Files\nodejs;C:\Users\josex\AppData\Roaming\nvm;;C:\Program Files (x86)\Microchip\MPLAB C32 Suite\bin;C:\Users\josex\AppData\Local\Programs\Python\Launcher\;C:\Users\josex\AppData\Local\Microsoft\WindowsApps;C:\Users\josex\AppData\Local\Programs\Microsoft VS Code\bin;C:\Users\josex\AppData\Roaming\nvm;C:\Program Files\nodejs;C:\Program Files\JetBrains\WebStorm 2024.2.3\bin;;C:\Users\josex\AppData\Local\Programs\Windsurf\bin;
USERNAME=josex
OS=Windows_NT
PROCESSOR_IDENTIFIER=AMD64 Family 23 Model 104 Stepping 1, AuthenticAMD
TMP=C:\Users\josex\AppData\Local\Temp
TEMP=C:\Users\josex\AppData\Local\Temp




Periodic native trim disabled

---------------  S Y S T E M  ---------------

OS:
 Windows 11 , 64 bit Build 26100 (10.0.26100.3775)
OS uptime: 4 days 1:23 hours

CPU: total 16 (initial active 16) (16 cores per cpu, 2 threads per core) family 23 model 104 stepping 1 microcode 0x8608102, cx8, cmov, fxsr, ht, mmx, 3dnowpref, sse, sse2, sse3, ssse3, sse4a, sse4.1, sse4.2, popcnt, lzcnt, tsc, tscinvbit, avx, avx2, aes, clmul, bmi1, bmi2, adx, sha, fma, vzeroupper, clflush, clflushopt, rdtscp, rdpid, f16c
Processor Information for all 16 processors :
  Max Mhz: 1801, Current Mhz: 1801, Mhz Limit: 1801

Memory: 4k page, system-wide physical 5989M (407M free)
TotalPageFile size 24421M (AvailPageFile size 80M)
current process WorkingSet (physical memory assigned to process): 300M, peak: 302M
current process commit charge ("private bytes"): 361M, peak: 467M

vm_info: OpenJDK 64-Bit Server VM (22.0.2+9-70) for windows-amd64 JRE (22.0.2+9-70), built on 2024-06-04T16:52:23Z by "mach5one" with MS VC++ 17.6 (VS2022)

END.
