#
# There is insufficient memory for the Java Runtime Environment to continue.
# Native memory allocation (mmap) failed to map 132120576 bytes. Error detail: G1 virtual space
# Possible reasons:
#   The system is out of physical RAM or swap space
#   This process is running with CompressedOops enabled, and the Java Heap may be blocking the growth of the native heap
# Possible solutions:
#   Reduce memory load on the system
#   Increase physical memory or swap space
#   Check if swap backing store is full
#   Decrease Java heap size (-Xmx/-Xms)
#   Decrease number of Java threads
#   Decrease Java thread stack sizes (-Xss)
#   Set larger code cache with -XX:ReservedCodeCacheSize=
#   JVM is running with Unscaled Compressed Oops mode in which the Java heap is
#     placed in the first 4GB address space. The Java Heap base address is the
#     maximum limit for the native heap growth. Please use -XX:HeapBaseMinAddress
#     to set the Java Heap base and to place the Java Heap above 4GB virtual address.
# This output file may be truncated or incomplete.
#
#  Out of Memory Error (os_windows.cpp:3631), pid=24436, tid=21516
#
# JRE version: OpenJDK Runtime Environment (22.0.2+9) (build 22.0.2+9-70)
# Java VM: OpenJDK 64-Bit Server VM (22.0.2+9-70, mixed mode, emulated-client, sharing, tiered, compressed oops, compressed class ptrs, g1 gc, windows-amd64)
# No core dump will be written. Minidumps are not enabled by default on client versions of Windows
#

---------------  S U M M A R Y ------------

Command Line: -XX:TieredStopAtLevel=1 -Dspring.output.ansi.enabled=always -Dcom.sun.management.jmxremote -Dspring.jmx.enabled=true -Dspring.liveBeansView.mbeanDomain -Dspring.application.admin.enabled=true -Dmanagement.endpoints.jmx.exposure.include=* -javaagent:C:\Program Files\JetBrains\IntelliJ IDEA 2024.2.1\lib\idea_rt.jar=54494:C:\Program Files\JetBrains\IntelliJ IDEA 2024.2.1\bin -Dfile.encoding=UTF-8 -Dsun.stdout.encoding=UTF-8 -Dsun.stderr.encoding=UTF-8 com.example.mspedido.MsPedidoApplication

Host: AMD Ryzen 7 5700U with Radeon Graphics         , 16 cores, 5G,  Windows 11 , 64 bit Build 26100 (10.0.26100.3775)
Time: Wed May  7 23:07:29 2025 Hora est. Pacífico, Sudamérica elapsed time: 20.663548 seconds (0d 0h 0m 20s)

---------------  T H R E A D  ---------------

Current thread (0x00000224c5e12820):  VMThread "VM Thread"          [id=21516, stack(0x000000c157c00000,0x000000c157d00000) (1024K)]

Stack: [0x000000c157c00000,0x000000c157d00000]
Native frames: (J=compiled Java code, j=interpreted, Vv=VM code, C=native code)
V  [jvm.dll+0x6e26e9]  (no source info available)
V  [jvm.dll+0x875753]  (no source info available)
V  [jvm.dll+0x877b7e]  (no source info available)
V  [jvm.dll+0x878253]  (no source info available)
V  [jvm.dll+0x27fc86]  (no source info available)
V  [jvm.dll+0x6ded85]  (no source info available)
V  [jvm.dll+0x6d388a]  (no source info available)
V  [jvm.dll+0x358b8a]  (no source info available)
V  [jvm.dll+0x3610b6]  (no source info available)
V  [jvm.dll+0x3b419e]  (no source info available)
V  [jvm.dll+0x3b4448]  (no source info available)
V  [jvm.dll+0x32c5ec]  (no source info available)
V  [jvm.dll+0x32c677]  (no source info available)
V  [jvm.dll+0x37244c]  (no source info available)
V  [jvm.dll+0x370b46]  (no source info available)
V  [jvm.dll+0x32bcd7]  (no source info available)
V  [jvm.dll+0x370304]  (no source info available)
V  [jvm.dll+0x87e0f0]  (no source info available)
V  [jvm.dll+0x87f477]  (no source info available)
V  [jvm.dll+0x87f9f0]  (no source info available)
V  [jvm.dll+0x87fc93]  (no source info available)
V  [jvm.dll+0x81dc0b]  (no source info available)
V  [jvm.dll+0x6e0d85]  (no source info available)
C  [ucrtbase.dll+0x37b0]  (no source info available)
C  [KERNEL32.DLL+0x2e8d7]  (no source info available)
C  [ntdll.dll+0xb14fc]  (no source info available)

VM_Operation (0x000000c15a7fe280): G1CollectForAllocation, mode: safepoint, requested by thread 0x000002250e496120


---------------  P R O C E S S  ---------------

Threads class SMR info:
_java_thread_list=0x00000225102bdeb0, length=50, elements={
0x00000224b3498520, 0x00000224c5e38ba0, 0x00000224c5e3bb10, 0x00000224c5e3e760,
0x00000224c5e3f550, 0x00000224c5e41030, 0x00000224c5e437c0, 0x00000224c5e47080,
0x000002250b1417e0, 0x000002250b81e990, 0x000002250b81f000, 0x000002250ba4a8d0,
0x000002250ba547d0, 0x000002250ba86170, 0x000002250bac3130, 0x000002250c4b0d50,
0x000002250c4b06c0, 0x000002250b081b20, 0x000002250b080d80, 0x000002250b0821f0,
0x000002250e495a90, 0x000002250e4939c0, 0x000002250e4946e0, 0x000002250e493330,
0x000002250e492ca0, 0x000002250e492610, 0x000002250e498880, 0x000002250e4995a0,
0x000002250e496120, 0x000002250fdf5420, 0x000002250fdf4070, 0x000002250fdf5ab0,
0x000002250fdf3350, 0x000002250fdf4700, 0x000002250fdf6140, 0x000002250fdf39e0,
0x000002250fdf67d0, 0x000002250fdf6e60, 0x000002250fdf74f0, 0x000002250fdf7b80,
0x000002250fdf8210, 0x000002250fdf4d90, 0x000002250fdf88a0, 0x000002250fdfa2e0,
0x000002250fdf8f30, 0x000002250fdf95c0, 0x000002250fdf9c50, 0x000002250fdfa970,
0x000002250fe5a8c0, 0x000002250fe5d020
}

Java Threads: ( => current thread )
  0x00000224b3498520 JavaThread "main"                              [_thread_blocked, id=15504, stack(0x000000c157500000,0x000000c157600000) (1024K)]
  0x00000224c5e38ba0 JavaThread "Reference Handler"          daemon [_thread_blocked, id=3076, stack(0x000000c157d00000,0x000000c157e00000) (1024K)]
  0x00000224c5e3bb10 JavaThread "Finalizer"                  daemon [_thread_blocked, id=14848, stack(0x000000c157e00000,0x000000c157f00000) (1024K)]
  0x00000224c5e3e760 JavaThread "Signal Dispatcher"          daemon [_thread_blocked, id=14892, stack(0x000000c157f00000,0x000000c158000000) (1024K)]
  0x00000224c5e3f550 JavaThread "Attach Listener"            daemon [_thread_blocked, id=17228, stack(0x000000c158000000,0x000000c158100000) (1024K)]
  0x00000224c5e41030 JavaThread "Service Thread"             daemon [_thread_blocked, id=14756, stack(0x000000c158100000,0x000000c158200000) (1024K)]
  0x00000224c5e437c0 JavaThread "Monitor Deflation Thread"   daemon [_thread_blocked, id=2548, stack(0x000000c158200000,0x000000c158300000) (1024K)]
  0x00000224c5e47080 JavaThread "C1 CompilerThread0"         daemon [_thread_blocked, id=4280, stack(0x000000c158300000,0x000000c158400000) (1024K)]
  0x000002250b1417e0 JavaThread "Common-Cleaner"             daemon [_thread_blocked, id=18672, stack(0x000000c158500000,0x000000c158600000) (1024K)]
  0x000002250b81e990 JavaThread "Monitor Ctrl-Break"         daemon [_thread_in_native, id=20380, stack(0x000000c158800000,0x000000c158900000) (1024K)]
  0x000002250b81f000 JavaThread "Notification Thread"        daemon [_thread_blocked, id=25428, stack(0x000000c158900000,0x000000c158a00000) (1024K)]
  0x000002250ba4a8d0 JavaThread "RMI TCP Accept-0"           daemon [_thread_in_native, id=22964, stack(0x000000c158a00000,0x000000c158b00000) (1024K)]
  0x000002250ba547d0 JavaThread "RMI TCP Connection(1)-192.168.1.65" daemon [_thread_blocked, id=18788, stack(0x000000c158b00000,0x000000c158c00000) (1024K)]
  0x000002250ba86170 JavaThread "RMI Scheduler(0)"           daemon [_thread_blocked, id=432, stack(0x000000c158c00000,0x000000c158d00000) (1024K)]
  0x000002250bac3130 JavaThread "JMX server connection timeout 34" daemon [_thread_blocked, id=22740, stack(0x000000c158d00000,0x000000c158e00000) (1024K)]
  0x000002250c4b0d50 JavaThread "RMI TCP Connection(2)-192.168.1.65" daemon [_thread_blocked, id=1148, stack(0x000000c159b00000,0x000000c159c00000) (1024K)]
  0x000002250c4b06c0 JavaThread "Keep-Alive-Timer"           daemon [_thread_blocked, id=23300, stack(0x000000c158400000,0x000000c158500000) (1024K)]
  0x000002250b081b20 JavaThread "C1 CompilerThread1"         daemon [_thread_blocked, id=15508, stack(0x000000c158600000,0x000000c158700000) (1024K)]
  0x000002250b080d80 JavaThread "C1 CompilerThread2"         daemon [_thread_blocked, id=19224, stack(0x000000c158700000,0x000000c158800000) (1024K)]
  0x000002250b0821f0 JavaThread "C1 CompilerThread3"         daemon [_thread_blocked, id=10532, stack(0x000000c159e00000,0x000000c159f00000) (1024K)]
  0x000002250e495a90 JavaThread "Catalina-utility-1"                [_thread_blocked, id=4536, stack(0x000000c159f00000,0x000000c15a000000) (1024K)]
  0x000002250e4939c0 JavaThread "Catalina-utility-2"                [_thread_blocked, id=11592, stack(0x000000c15a000000,0x000000c15a100000) (1024K)]
  0x000002250e4946e0 JavaThread "container-0"                       [_thread_blocked, id=24140, stack(0x000000c15a100000,0x000000c15a200000) (1024K)]
  0x000002250e493330 JavaThread "mysql-cj-abandoned-connection-cleanup" daemon [_thread_blocked, id=3628, stack(0x000000c15a200000,0x000000c15a300000) (1024K)]
  0x000002250e492ca0 JavaThread "HikariPool-1 housekeeper"   daemon [_thread_blocked, id=11204, stack(0x000000c15a300000,0x000000c15a400000) (1024K)]
  0x000002250e492610 JavaThread "HikariPool-1 connection adder" daemon [_thread_blocked, id=12932, stack(0x000000c15a400000,0x000000c15a500000) (1024K)]
  0x000002250e498880 JavaThread "ClassGraph-worker-48"       daemon [_thread_blocked, id=25120, stack(0x000000c15a500000,0x000000c15a600000) (1024K)]
  0x000002250e4995a0 JavaThread "ClassGraph-worker-49"       daemon [_thread_blocked, id=6532, stack(0x000000c15a600000,0x000000c15a700000) (1024K)]
  0x000002250e496120 JavaThread "ClassGraph-worker-50"       daemon [_thread_blocked, id=6504, stack(0x000000c15a700000,0x000000c15a800000) (1024K)]
  0x000002250fdf5420 JavaThread "ClassGraph-worker-51"       daemon [_thread_blocked, id=4336, stack(0x000000c15a800000,0x000000c15a900000) (1024K)]
  0x000002250fdf4070 JavaThread "ClassGraph-worker-52"       daemon [_thread_blocked, id=23508, stack(0x000000c15a900000,0x000000c15aa00000) (1024K)]
  0x000002250fdf5ab0 JavaThread "ClassGraph-worker-53"       daemon [_thread_blocked, id=14192, stack(0x000000c15aa00000,0x000000c15ab00000) (1024K)]
  0x000002250fdf3350 JavaThread "ClassGraph-worker-54"       daemon [_thread_blocked, id=19864, stack(0x000000c15ab00000,0x000000c15ac00000) (1024K)]
  0x000002250fdf4700 JavaThread "ClassGraph-worker-55"       daemon [_thread_blocked, id=18992, stack(0x000000c15ac00000,0x000000c15ad00000) (1024K)]
  0x000002250fdf6140 JavaThread "ClassGraph-worker-56"       daemon [_thread_blocked, id=23740, stack(0x000000c15ad00000,0x000000c15ae00000) (1024K)]
  0x000002250fdf39e0 JavaThread "ClassGraph-worker-57"       daemon [_thread_blocked, id=20180, stack(0x000000c15ae00000,0x000000c15af00000) (1024K)]
  0x000002250fdf67d0 JavaThread "ClassGraph-worker-58"       daemon [_thread_blocked, id=17972, stack(0x000000c15af00000,0x000000c15b000000) (1024K)]
  0x000002250fdf6e60 JavaThread "ClassGraph-worker-59"       daemon [_thread_blocked, id=24592, stack(0x000000c15b000000,0x000000c15b100000) (1024K)]
  0x000002250fdf74f0 JavaThread "ClassGraph-worker-60"       daemon [_thread_blocked, id=18556, stack(0x000000c15b100000,0x000000c15b200000) (1024K)]
  0x000002250fdf7b80 JavaThread "ClassGraph-worker-61"       daemon [_thread_blocked, id=8476, stack(0x000000c15b200000,0x000000c15b300000) (1024K)]
  0x000002250fdf8210 JavaThread "ClassGraph-worker-62"       daemon [_thread_blocked, id=23588, stack(0x000000c15b300000,0x000000c15b400000) (1024K)]
  0x000002250fdf4d90 JavaThread "ClassGraph-worker-63"       daemon [_thread_blocked, id=14764, stack(0x000000c15b400000,0x000000c15b500000) (1024K)]
  0x000002250fdf88a0 JavaThread "ClassGraph-worker-64"       daemon [_thread_blocked, id=2104, stack(0x000000c15b500000,0x000000c15b600000) (1024K)]
  0x000002250fdfa2e0 JavaThread "ClassGraph-worker-65"       daemon [_thread_blocked, id=10580, stack(0x000000c15b600000,0x000000c15b700000) (1024K)]
  0x000002250fdf8f30 JavaThread "ClassGraph-worker-66"       daemon [_thread_blocked, id=4376, stack(0x000000c15b700000,0x000000c15b800000) (1024K)]
  0x000002250fdf95c0 JavaThread "ClassGraph-worker-67"       daemon [_thread_blocked, id=3028, stack(0x000000c15b800000,0x000000c15b900000) (1024K)]
  0x000002250fdf9c50 JavaThread "ClassGraph-worker-68"       daemon [_thread_blocked, id=25160, stack(0x000000c15b900000,0x000000c15ba00000) (1024K)]
  0x000002250fdfa970 JavaThread "ClassGraph-worker-69"       daemon [_thread_blocked, id=12940, stack(0x000000c15ba00000,0x000000c15bb00000) (1024K)]
  0x000002250fe5a8c0 JavaThread "ClassGraph-worker-70"       daemon [_thread_blocked, id=19496, stack(0x000000c15bb00000,0x000000c15bc00000) (1024K)]
  0x000002250fe5d020 JavaThread "ClassGraph-worker-71"       daemon [_thread_blocked, id=24768, stack(0x000000c15bc00000,0x000000c15bd00000) (1024K)]
Total: 50

Other Threads:
=>0x00000224c5e12820 VMThread "VM Thread"                           [id=21516, stack(0x000000c157c00000,0x000000c157d00000) (1024K)]
  0x00000224c5df9770 WatcherThread "VM Periodic Task Thread"        [id=11932, stack(0x000000c157b00000,0x000000c157c00000) (1024K)]
  0x00000224b4f50620 WorkerThread "GC Thread#0"                     [id=17188, stack(0x000000c157600000,0x000000c157700000) (1024K)]
  0x000002250baf73c0 WorkerThread "GC Thread#1"                     [id=24944, stack(0x000000c158e00000,0x000000c158f00000) (1024K)]
  0x000002250bb17910 WorkerThread "GC Thread#2"                     [id=7772, stack(0x000000c158f00000,0x000000c159000000) (1024K)]
  0x000002250bb17cc0 WorkerThread "GC Thread#3"                     [id=21432, stack(0x000000c159000000,0x000000c159100000) (1024K)]
  0x000002250bb18ea0 WorkerThread "GC Thread#4"                     [id=12256, stack(0x000000c159100000,0x000000c159200000) (1024K)]
  0x000002250bb2ab30 WorkerThread "GC Thread#5"                     [id=13296, stack(0x000000c159200000,0x000000c159300000) (1024K)]
  0x000002250bb2a020 WorkerThread "GC Thread#6"                     [id=8492, stack(0x000000c159300000,0x000000c159400000) (1024K)]
  0x000002250bb29c70 WorkerThread "GC Thread#7"                     [id=8632, stack(0x000000c159400000,0x000000c159500000) (1024K)]
  0x000002250bb2a3d0 WorkerThread "GC Thread#8"                     [id=22512, stack(0x000000c159500000,0x000000c159600000) (1024K)]
  0x000002250c91b900 WorkerThread "GC Thread#9"                     [id=14984, stack(0x000000c159600000,0x000000c159700000) (1024K)]
  0x000002250c91cb70 WorkerThread "GC Thread#10"                    [id=10060, stack(0x000000c159700000,0x000000c159800000) (1024K)]
  0x000002250c91aa40 WorkerThread "GC Thread#11"                    [id=23880, stack(0x000000c159800000,0x000000c159900000) (1024K)]
  0x000002250c91bcb0 WorkerThread "GC Thread#12"                    [id=5756, stack(0x000000c159900000,0x000000c159a00000) (1024K)]
  0x00000224b4f5d100 ConcurrentGCThread "G1 Main Marker"            [id=17844, stack(0x000000c157700000,0x000000c157800000) (1024K)]
  0x00000224b4f60800 WorkerThread "G1 Conc#0"                       [id=21904, stack(0x000000c157800000,0x000000c157900000) (1024K)]
  0x000002250c91c060 WorkerThread "G1 Conc#1"                       [id=7848, stack(0x000000c159a00000,0x000000c159b00000) (1024K)]
  0x000002250c91a690 WorkerThread "G1 Conc#2"                       [id=13820, stack(0x000000c159d00000,0x000000c159e00000) (1024K)]
  0x00000224c5ccb190 ConcurrentGCThread "G1 Refine#0"               [id=21496, stack(0x000000c157900000,0x000000c157a00000) (1024K)]
  0x00000224c5ccb9c0 ConcurrentGCThread "G1 Service"                [id=24808, stack(0x000000c157a00000,0x000000c157b00000) (1024K)]
Total: 21

Threads with active compile tasks:
Total: 0

VM state: at safepoint (normal execution)

VM Mutex/Monitor currently owned by a thread:  ([mutex/lock_event])
[0x00007ffe8845cb80] Threads_lock - owner thread: 0x00000224c5e12820
[0x00007ffe8845cc80] Heap_lock - owner thread: 0x000002250e496120

Heap address: 0x00000000a2600000, size: 1498 MB, Compressed Oops mode: 32-bit

CDS archive(s) mapped at: [0x00000224c6000000-0x00000224c6c60000-0x00000224c6c60000), size 12976128, SharedBaseAddress: 0x00000224c6000000, ArchiveRelocationMode: 1.
Compressed class space mapped at: 0x00000224c7000000-0x0000022507000000, reserved size: 1073741824
Narrow klass base: 0x00000224c6000000, Narrow klass shift: 0, Narrow klass range: 0x41000000

GC Precious Log:
 CardTable entry size: 512
 Card Set container configuration: InlinePtr #cards 5 size 8 Array Of Cards #cards 12 size 40 Howl #buckets 4 coarsen threshold 1843 Howl Bitmap #cards 512 size 80 coarsen threshold 460 Card regions per heap region 1 cards per card region 2048
 CPUs: 16 total, 16 available
 Memory: 5989M
 Large Page Support: Disabled
 NUMA Support: Disabled
 Compressed Oops: Enabled (32-bit)
 Heap Region Size: 1M
 Heap Min Capacity: 8M
 Heap Initial Capacity: 94M
 Heap Max Capacity: 1498M
 Pre-touch: Disabled
 Parallel Workers: 13
 Concurrent Workers: 3
 Concurrent Refinement Workers: 13
 Periodic GC: Disabled

Heap:
 garbage-first heap   total reserved 1533952K, committed 109568K, used 67584K [0x00000000a2600000, 0x0000000100000000)
  region size 1024K, 3 young (3072K), 3 survivors (3072K)
 Metaspace       used 75511K, committed 76416K, reserved 1114112K
  class space    used 10859K, committed 11264K, reserved 1048576K

Heap Regions: E=young(eden), S=young(survivor), O=old, HS=humongous(starts), HC=humongous(continues), CS=collection set, F=free, TAMS=top-at-mark-start, PB=parsable bottom
|   0|0x00000000a2600000, 0x00000000a2700000, 0x00000000a2700000|100%|HS|  |TAMS 0x00000000a2700000| PB 0x00000000a2600000| Complete |  0
|   1|0x00000000a2700000, 0x00000000a2800000, 0x00000000a2800000|100%| O|  |TAMS 0x00000000a2800000| PB 0x00000000a2700000| Untracked |  0
|   2|0x00000000a2800000, 0x00000000a2900000, 0x00000000a2900000|100%| O|  |TAMS 0x00000000a2900000| PB 0x00000000a2800000| Untracked |  0
|   3|0x00000000a2900000, 0x00000000a2a00000, 0x00000000a2a00000|100%| O|  |TAMS 0x00000000a2a00000| PB 0x00000000a2900000| Untracked |  0
|   4|0x00000000a2a00000, 0x00000000a2b00000, 0x00000000a2b00000|100%| O|  |TAMS 0x00000000a2b00000| PB 0x00000000a2a00000| Untracked |  0
|   5|0x00000000a2b00000, 0x00000000a2c00000, 0x00000000a2c00000|100%| O|  |TAMS 0x00000000a2c00000| PB 0x00000000a2b00000| Untracked |  0
|   6|0x00000000a2c00000, 0x00000000a2d00000, 0x00000000a2d00000|100%| O|  |TAMS 0x00000000a2d00000| PB 0x00000000a2d00000| Untracked |  0
|   7|0x00000000a2d00000, 0x00000000a2e00000, 0x00000000a2e00000|100%| O|  |TAMS 0x00000000a2e00000| PB 0x00000000a2e00000| Updating |  0
|   8|0x00000000a2e00000, 0x00000000a2f00000, 0x00000000a2f00000|100%| O|  |TAMS 0x00000000a2f00000| PB 0x00000000a2f00000| Untracked |  0
|   9|0x00000000a2f00000, 0x00000000a3000000, 0x00000000a3000000|100%| O|  |TAMS 0x00000000a2f00000| PB 0x00000000a2f00000| Untracked |  0
|  10|0x00000000a3000000, 0x00000000a3100000, 0x00000000a3100000|100%| O|  |TAMS 0x00000000a3100000| PB 0x00000000a3100000| Untracked |  0
|  11|0x00000000a3100000, 0x00000000a3200000, 0x00000000a3200000|100%| O|  |TAMS 0x00000000a3200000| PB 0x00000000a3200000| Untracked |  0
|  12|0x00000000a3200000, 0x00000000a3300000, 0x00000000a3300000|100%| O|  |TAMS 0x00000000a3300000| PB 0x00000000a3300000| Untracked |  0
|  13|0x00000000a3300000, 0x00000000a3400000, 0x00000000a3400000|100%| O|  |TAMS 0x00000000a3400000| PB 0x00000000a3400000| Untracked |  0
|  14|0x00000000a3400000, 0x00000000a3500000, 0x00000000a3500000|100%| O|  |TAMS 0x00000000a3500000| PB 0x00000000a3500000| Untracked |  0
|  15|0x00000000a3500000, 0x00000000a3600000, 0x00000000a3600000|100%| O|  |TAMS 0x00000000a3600000| PB 0x00000000a3600000| Updating |  0
|  16|0x00000000a3600000, 0x00000000a3700000, 0x00000000a3700000|100%| O|  |TAMS 0x00000000a3700000| PB 0x00000000a3700000| Untracked |  0
|  17|0x00000000a3700000, 0x00000000a3800000, 0x00000000a3800000|100%| O|  |TAMS 0x00000000a3800000| PB 0x00000000a3800000| Updating |  0
|  18|0x00000000a3800000, 0x00000000a3900000, 0x00000000a3900000|100%| O|  |TAMS 0x00000000a3900000| PB 0x00000000a3900000| Updating |  0
|  19|0x00000000a3900000, 0x00000000a3a00000, 0x00000000a3a00000|100%| O|  |TAMS 0x00000000a3a00000| PB 0x00000000a3a00000| Updating |  0
|  20|0x00000000a3a00000, 0x00000000a3b00000, 0x00000000a3b00000|100%| O|  |TAMS 0x00000000a3b00000| PB 0x00000000a3b00000| Updating |  0
|  21|0x00000000a3b00000, 0x00000000a3c00000, 0x00000000a3c00000|100%| O|  |TAMS 0x00000000a3c00000| PB 0x00000000a3c00000| Untracked |  0
|  22|0x00000000a3c00000, 0x00000000a3d00000, 0x00000000a3d00000|100%| O|  |TAMS 0x00000000a3d00000| PB 0x00000000a3d00000| Untracked |  0
|  23|0x00000000a3d00000, 0x00000000a3e00000, 0x00000000a3e00000|100%| O|  |TAMS 0x00000000a3e00000| PB 0x00000000a3e00000| Updating |  0
|  24|0x00000000a3e00000, 0x00000000a3f00000, 0x00000000a3f00000|100%| O|  |TAMS 0x00000000a3f00000| PB 0x00000000a3f00000| Updating |  0
|  25|0x00000000a3f00000, 0x00000000a4000000, 0x00000000a4000000|100%| O|  |TAMS 0x00000000a4000000| PB 0x00000000a4000000| Untracked |  0
|  26|0x00000000a4000000, 0x00000000a4100000, 0x00000000a4100000|100%| O|  |TAMS 0x00000000a4100000| PB 0x00000000a4100000| Untracked |  0
|  27|0x00000000a4100000, 0x00000000a4200000, 0x00000000a4200000|100%| O|  |TAMS 0x00000000a4200000| PB 0x00000000a4200000| Untracked |  0
|  28|0x00000000a4200000, 0x00000000a4300000, 0x00000000a4300000|100%| O|  |TAMS 0x00000000a4300000| PB 0x00000000a4300000| Untracked |  0
|  29|0x00000000a4300000, 0x00000000a4400000, 0x00000000a4400000|100%| O|  |TAMS 0x00000000a4400000| PB 0x00000000a4400000| Untracked |  0
|  30|0x00000000a4400000, 0x00000000a4500000, 0x00000000a4500000|100%| O|  |TAMS 0x00000000a4500000| PB 0x00000000a4500000| Updating |  0
|  31|0x00000000a4500000, 0x00000000a4600000, 0x00000000a4600000|100%| O|  |TAMS 0x00000000a4600000| PB 0x00000000a4600000| Untracked |  0
|  32|0x00000000a4600000, 0x00000000a4700000, 0x00000000a4700000|100%| O|  |TAMS 0x00000000a4700000| PB 0x00000000a4700000| Untracked |  0
|  33|0x00000000a4700000, 0x00000000a4800000, 0x00000000a4800000|100%| O|  |TAMS 0x00000000a4800000| PB 0x00000000a4800000| Updating |  0
|  34|0x00000000a4800000, 0x00000000a4900000, 0x00000000a4900000|100%| O|  |TAMS 0x00000000a4900000| PB 0x00000000a4900000| Untracked |  0
|  35|0x00000000a4900000, 0x00000000a4a00000, 0x00000000a4a00000|100%| O|  |TAMS 0x00000000a4a00000| PB 0x00000000a4a00000| Untracked |  0
|  36|0x00000000a4a00000, 0x00000000a4b00000, 0x00000000a4b00000|100%| O|  |TAMS 0x00000000a4b00000| PB 0x00000000a4b00000| Untracked |  0
|  37|0x00000000a4b00000, 0x00000000a4c00000, 0x00000000a4c00000|100%| O|  |TAMS 0x00000000a4c00000| PB 0x00000000a4c00000| Untracked |  0
|  38|0x00000000a4c00000, 0x00000000a4d00000, 0x00000000a4d00000|100%| O|  |TAMS 0x00000000a4d00000| PB 0x00000000a4d00000| Untracked |  0
|  39|0x00000000a4d00000, 0x00000000a4e00000, 0x00000000a4e00000|100%| O|  |TAMS 0x00000000a4e00000| PB 0x00000000a4e00000| Untracked |  0
|  40|0x00000000a4e00000, 0x00000000a4f00000, 0x00000000a4f00000|100%| O|  |TAMS 0x00000000a4f00000| PB 0x00000000a4f00000| Updating |  0
|  41|0x00000000a4f00000, 0x00000000a5000000, 0x00000000a5000000|100%| O|  |TAMS 0x00000000a5000000| PB 0x00000000a5000000| Untracked |  0
|  42|0x00000000a5000000, 0x00000000a5100000, 0x00000000a5100000|100%| O|  |TAMS 0x00000000a5100000| PB 0x00000000a5100000| Untracked |  0
|  43|0x00000000a5100000, 0x00000000a5200000, 0x00000000a5200000|100%| O|  |TAMS 0x00000000a5200000| PB 0x00000000a5200000| Untracked |  0
|  44|0x00000000a5200000, 0x00000000a5200000, 0x00000000a5300000|  0%| F|  |TAMS 0x00000000a5200000| PB 0x00000000a5200000| Untracked |  0
|  45|0x00000000a5300000, 0x00000000a5400000, 0x00000000a5400000|100%| O|  |TAMS 0x00000000a5400000| PB 0x00000000a5400000| Untracked |  0
|  46|0x00000000a5400000, 0x00000000a5500000, 0x00000000a5500000|100%| O|  |TAMS 0x00000000a5500000| PB 0x00000000a5500000| Untracked |  0
|  47|0x00000000a5500000, 0x00000000a5600000, 0x00000000a5600000|100%| O|  |TAMS 0x00000000a5600000| PB 0x00000000a5600000| Untracked |  0
|  48|0x00000000a5600000, 0x00000000a5700000, 0x00000000a5700000|100%| O|  |TAMS 0x00000000a5700000| PB 0x00000000a5700000| Updating |  0
|  49|0x00000000a5700000, 0x00000000a5800000, 0x00000000a5800000|100%| O|  |TAMS 0x00000000a5700000| PB 0x00000000a5700000| Untracked |  0
|  50|0x00000000a5800000, 0x00000000a5900000, 0x00000000a5900000|100%| O|  |TAMS 0x00000000a5800000| PB 0x00000000a5800000| Untracked |  0
|  51|0x00000000a5900000, 0x00000000a5a00000, 0x00000000a5a00000|100%| O|  |TAMS 0x00000000a5900000| PB 0x00000000a5900000| Untracked |  0
|  52|0x00000000a5a00000, 0x00000000a5b00000, 0x00000000a5b00000|100%| O|  |TAMS 0x00000000a5a00000| PB 0x00000000a5a00000| Untracked |  0
|  53|0x00000000a5b00000, 0x00000000a5c00000, 0x00000000a5c00000|100%| O|  |TAMS 0x00000000a5b00000| PB 0x00000000a5b00000| Untracked |  0
|  54|0x00000000a5c00000, 0x00000000a5c00000, 0x00000000a5d00000|  0%| F|  |TAMS 0x00000000a5c00000| PB 0x00000000a5c00000| Untracked |  0
|  55|0x00000000a5d00000, 0x00000000a5e00000, 0x00000000a5e00000|100%| O|  |TAMS 0x00000000a5d00000| PB 0x00000000a5d00000| Untracked |  0
|  56|0x00000000a5e00000, 0x00000000a5f00000, 0x00000000a5f00000|100%| O|  |TAMS 0x00000000a5e00000| PB 0x00000000a5e00000| Untracked |  0
|  57|0x00000000a5f00000, 0x00000000a6000000, 0x00000000a6000000|100%| O|  |TAMS 0x00000000a5f00000| PB 0x00000000a5f00000| Untracked |  0
|  58|0x00000000a6000000, 0x00000000a6100000, 0x00000000a6100000|100%| O|  |TAMS 0x00000000a6000000| PB 0x00000000a6000000| Untracked |  0
|  59|0x00000000a6100000, 0x00000000a6200000, 0x00000000a6200000|100%| O|  |TAMS 0x00000000a6100000| PB 0x00000000a6100000| Untracked |  0
|  60|0x00000000a6200000, 0x00000000a6300000, 0x00000000a6300000|100%| O|  |TAMS 0x00000000a6200000| PB 0x00000000a6200000| Untracked |  0
|  61|0x00000000a6300000, 0x00000000a6300000, 0x00000000a6400000|  0%| F|  |TAMS 0x00000000a6300000| PB 0x00000000a6300000| Untracked |  0
|  62|0x00000000a6400000, 0x00000000a6400000, 0x00000000a6500000|  0%| F|  |TAMS 0x00000000a6400000| PB 0x00000000a6400000| Untracked |  0
|  63|0x00000000a6500000, 0x00000000a6500000, 0x00000000a6600000|  0%| F|  |TAMS 0x00000000a6500000| PB 0x00000000a6500000| Untracked |  0
|  64|0x00000000a6600000, 0x00000000a6600000, 0x00000000a6700000|  0%| F|  |TAMS 0x00000000a6600000| PB 0x00000000a6600000| Untracked |  0
|  65|0x00000000a6700000, 0x00000000a6700000, 0x00000000a6800000|  0%| F|  |TAMS 0x00000000a6700000| PB 0x00000000a6700000| Untracked |  0
|  66|0x00000000a6800000, 0x00000000a6800000, 0x00000000a6900000|  0%| F|  |TAMS 0x00000000a6800000| PB 0x00000000a6800000| Untracked |  0
|  67|0x00000000a6900000, 0x00000000a6900000, 0x00000000a6a00000|  0%| F|  |TAMS 0x00000000a6900000| PB 0x00000000a6900000| Untracked |  0
|  68|0x00000000a6a00000, 0x00000000a6a00000, 0x00000000a6b00000|  0%| F|  |TAMS 0x00000000a6a00000| PB 0x00000000a6a00000| Untracked |  0
|  69|0x00000000a6b00000, 0x00000000a6b00000, 0x00000000a6c00000|  0%| F|  |TAMS 0x00000000a6b00000| PB 0x00000000a6b00000| Untracked |  0
|  70|0x00000000a6c00000, 0x00000000a6c00000, 0x00000000a6d00000|  0%| F|  |TAMS 0x00000000a6c00000| PB 0x00000000a6c00000| Untracked |  0
|  71|0x00000000a6d00000, 0x00000000a6d00000, 0x00000000a6e00000|  0%| F|  |TAMS 0x00000000a6d00000| PB 0x00000000a6d00000| Untracked |  0
|  72|0x00000000a6e00000, 0x00000000a6e00000, 0x00000000a6f00000|  0%| F|  |TAMS 0x00000000a6e00000| PB 0x00000000a6e00000| Untracked |  0
|  73|0x00000000a6f00000, 0x00000000a6f00000, 0x00000000a7000000|  0%| F|  |TAMS 0x00000000a6f00000| PB 0x00000000a6f00000| Untracked |  0
|  74|0x00000000a7000000, 0x00000000a7000000, 0x00000000a7100000|  0%| F|  |TAMS 0x00000000a7000000| PB 0x00000000a7000000| Untracked |  0
|  75|0x00000000a7100000, 0x00000000a7100000, 0x00000000a7200000|  0%| F|  |TAMS 0x00000000a7100000| PB 0x00000000a7100000| Untracked |  0
|  76|0x00000000a7200000, 0x00000000a7200000, 0x00000000a7300000|  0%| F|  |TAMS 0x00000000a7200000| PB 0x00000000a7200000| Untracked |  0
|  77|0x00000000a7300000, 0x00000000a7300000, 0x00000000a7400000|  0%| F|  |TAMS 0x00000000a7300000| PB 0x00000000a7300000| Untracked |  0
|  78|0x00000000a7400000, 0x00000000a7400000, 0x00000000a7500000|  0%| F|  |TAMS 0x00000000a7400000| PB 0x00000000a7400000| Untracked |  0
|  79|0x00000000a7500000, 0x00000000a7500000, 0x00000000a7600000|  0%| F|  |TAMS 0x00000000a7500000| PB 0x00000000a7500000| Untracked |  0
|  80|0x00000000a7600000, 0x00000000a7600000, 0x00000000a7700000|  0%| F|  |TAMS 0x00000000a7600000| PB 0x00000000a7600000| Untracked |  0
|  81|0x00000000a7700000, 0x00000000a7700000, 0x00000000a7800000|  0%| F|  |TAMS 0x00000000a7700000| PB 0x00000000a7700000| Untracked |  0
|  82|0x00000000a7800000, 0x00000000a7800000, 0x00000000a7900000|  0%| F|  |TAMS 0x00000000a7800000| PB 0x00000000a7800000| Untracked |  0
|  83|0x00000000a7900000, 0x00000000a7900000, 0x00000000a7a00000|  0%| F|  |TAMS 0x00000000a7900000| PB 0x00000000a7900000| Untracked |  0
|  84|0x00000000a7a00000, 0x00000000a7a00000, 0x00000000a7b00000|  0%| F|  |TAMS 0x00000000a7a00000| PB 0x00000000a7a00000| Untracked |  0
|  85|0x00000000a7b00000, 0x00000000a7b00000, 0x00000000a7c00000|  0%| F|  |TAMS 0x00000000a7b00000| PB 0x00000000a7b00000| Untracked |  0
|  86|0x00000000a7c00000, 0x00000000a7c00000, 0x00000000a7d00000|  0%| F|  |TAMS 0x00000000a7c00000| PB 0x00000000a7c00000| Untracked |  0
|  87|0x00000000a7d00000, 0x00000000a7d00000, 0x00000000a7e00000|  0%| F|  |TAMS 0x00000000a7d00000| PB 0x00000000a7d00000| Untracked |  0
|  88|0x00000000a7e00000, 0x00000000a7e00000, 0x00000000a7f00000|  0%| F|  |TAMS 0x00000000a7e00000| PB 0x00000000a7e00000| Untracked |  0
|  89|0x00000000a7f00000, 0x00000000a7f00000, 0x00000000a8000000|  0%| F|  |TAMS 0x00000000a7f00000| PB 0x00000000a7f00000| Untracked |  0
|  90|0x00000000a8000000, 0x00000000a8000000, 0x00000000a8100000|  0%| F|  |TAMS 0x00000000a8000000| PB 0x00000000a8000000| Untracked |  0
|  91|0x00000000a8100000, 0x00000000a8100000, 0x00000000a8200000|  0%| F|  |TAMS 0x00000000a8100000| PB 0x00000000a8100000| Untracked |  0
|  92|0x00000000a8200000, 0x00000000a8200000, 0x00000000a8300000|  0%| F|  |TAMS 0x00000000a8200000| PB 0x00000000a8200000| Untracked |  0
|  93|0x00000000a8300000, 0x00000000a8300000, 0x00000000a8400000|  0%| F|  |TAMS 0x00000000a8300000| PB 0x00000000a8300000| Untracked |  0
|  94|0x00000000a8400000, 0x00000000a8400000, 0x00000000a8500000|  0%| F|  |TAMS 0x00000000a8400000| PB 0x00000000a8400000| Untracked |  0
|  95|0x00000000a8500000, 0x00000000a8500000, 0x00000000a8600000|  0%| F|  |TAMS 0x00000000a8500000| PB 0x00000000a8500000| Untracked |  0
|  96|0x00000000a8600000, 0x00000000a8600000, 0x00000000a8700000|  0%| F|  |TAMS 0x00000000a8600000| PB 0x00000000a8600000| Untracked |  0
|  97|0x00000000a8700000, 0x00000000a8700000, 0x00000000a8800000|  0%| F|  |TAMS 0x00000000a8700000| PB 0x00000000a8700000| Untracked |  0
|  98|0x00000000a8800000, 0x00000000a8800000, 0x00000000a8900000|  0%| F|  |TAMS 0x00000000a8800000| PB 0x00000000a8800000| Untracked |  0
|  99|0x00000000a8900000, 0x00000000a8a00000, 0x00000000a8a00000|100%| S|CS|TAMS 0x00000000a8900000| PB 0x00000000a8900000| Complete |  0
| 100|0x00000000a8a00000, 0x00000000a8b00000, 0x00000000a8b00000|100%| S|CS|TAMS 0x00000000a8a00000| PB 0x00000000a8a00000| Complete |  0
| 101|0x00000000a8b00000, 0x00000000a8c00000, 0x00000000a8c00000|100%| S|CS|TAMS 0x00000000a8b00000| PB 0x00000000a8b00000| Complete |  0
| 102|0x00000000a8c00000, 0x00000000a8c00000, 0x00000000a8d00000|  0%| F|  |TAMS 0x00000000a8c00000| PB 0x00000000a8c00000| Untracked |  0
|1494|0x00000000ffc00000, 0x00000000ffd00000, 0x00000000ffd00000|100%| O|  |TAMS 0x00000000ffcaf710| PB 0x00000000ffc00000| Updating |  0
|1495|0x00000000ffd00000, 0x00000000ffe00000, 0x00000000ffe00000|100%| O|  |TAMS 0x00000000ffe00000| PB 0x00000000ffd00000| Updating |  0
|1496|0x00000000ffe00000, 0x00000000fff00000, 0x00000000fff00000|100%| O|  |TAMS 0x00000000fff00000| PB 0x00000000ffe00000| Untracked |  0
|1497|0x00000000fff00000, 0x0000000100000000, 0x0000000100000000|100%| O|  |TAMS 0x0000000100000000| PB 0x00000000fff00000| Untracked |  0

Card table byte_map: [0x00000224c13c0000,0x00000224c16b0000] _byte_map_base: 0x00000224c0ead000

Marking Bits: (CMBitMap*) 0x00000224b4f50c40
 Bits: [0x00000224c16b0000, 0x00000224c2e18000)

Polling page: 0x00000224b3440000

Metaspace:

Usage:
  Non-class:     63.14 MB used.
      Class:     10.60 MB used.
       Both:     73.74 MB used.

Virtual space:
  Non-class space:       64.00 MB reserved,      63.62 MB (>99%) committed,  1 nodes.
      Class space:        1.00 GB reserved,      11.00 MB (  1%) committed,  1 nodes.
             Both:        1.06 GB reserved,      74.62 MB (  7%) committed. 

Chunk freelists:
   Non-Class:  380.00 KB
       Class:  4.98 MB
        Both:  5.35 MB

MaxMetaspaceSize: unlimited
CompressedClassSpaceSize: 1.00 GB
Initial GC threshold: 21.00 MB
Current GC threshold: 124.38 MB
CDS: on
 - commit_granule_bytes: 65536.
 - commit_granule_words: 8192.
 - virtual_space_node_default_size: 8388608.
 - enlarge_chunks_in_place: 1.
 - use_allocation_guard: 0.


Internal statistics:

num_allocs_failed_limit: 12.
num_arena_births: 1150.
num_arena_deaths: 0.
num_vsnodes_births: 2.
num_vsnodes_deaths: 0.
num_space_committed: 1194.
num_space_uncommitted: 0.
num_chunks_returned_to_freelist: 12.
num_chunks_taken_from_freelist: 3735.
num_chunk_merges: 12.
num_chunk_splits: 2716.
num_chunks_enlarged: 2119.
num_inconsistent_stats: 0.

CodeCache: size=49152Kb used=14240Kb max_used=14298Kb free=34911Kb
 bounds [0x00000224bd290000, 0x00000224be090000, 0x00000224c0290000]
 total_blobs=7379 nmethods=6607 adapters=692
 compilation: enabled
              stopped_count=0, restarted_count=0
 full_count=0

Compilation events (20 events):
Event: 19.584 Thread 0x000002250b081b20 7406   !   1       nonapi.io.github.classgraph.fileslice.Slice$1::close (28 bytes)
Event: 19.584 Thread 0x000002250b0821f0 7407       1       nonapi.io.github.classgraph.recycler.Recycler::recycle (67 bytes)
Event: 19.585 Thread 0x000002250b0821f0 nmethod 7407 0x00000224be079d10 code [0x00000224be079f00, 0x00000224be07a2b8]
Event: 19.585 Thread 0x000002250b0821f0 7408       1       nonapi.io.github.classgraph.fastzipfilereader.NestedJarHandler$RecyclableInflater::reset (8 bytes)
Event: 19.585 Thread 0x000002250b0821f0 nmethod 7408 0x00000224be07a490 code [0x00000224be07a620, 0x00000224be07a718]
Event: 19.585 Thread 0x000002250b0821f0 7414       1       nonapi.io.github.classgraph.fastzipfilereader.NestedJarHandler::openInflaterInputStream (10 bytes)
Event: 19.585 Thread 0x000002250b0821f0 nmethod 7414 0x00000224be07a810 code [0x00000224be07a9a0, 0x00000224be07aaf8]
Event: 19.585 Thread 0x000002250b0821f0 7418       1       nonapi.io.github.classgraph.fastzipfilereader.ZipFileSlice::appendPath (39 bytes)
Event: 19.585 Thread 0x000002250b080d80 nmethod 7417 0x00000224be07ab90 code [0x00000224be07ae40, 0x00000224be07b958]
Event: 19.585 Thread 0x000002250b0821f0 nmethod 7418 0x00000224be07c090 code [0x00000224be07c240, 0x00000224be07c3d8]
Event: 19.585 Thread 0x000002250b080d80 7412       1       nonapi.io.github.classgraph.fileslice.Slice::open (6 bytes)
Event: 19.585 Thread 0x000002250b0821f0 7413       1       nonapi.io.github.classgraph.fileslice.Slice$1::<init> (44 bytes)
Event: 19.585 Thread 0x000002250b081b20 nmethod 7406 0x00000224be07c510 code [0x00000224be07c720, 0x00000224be07cd00]
Event: 19.585 Thread 0x000002250b081b20 7416   !   1       nonapi.io.github.classgraph.fileslice.FileSlice::load (178 bytes)
Event: 19.585 Thread 0x000002250b080d80 nmethod 7412 0x00000224be07d110 code [0x00000224be07d2c0, 0x00000224be07d518]
Event: 19.585 Thread 0x000002250b080d80 7415       1       nonapi.io.github.classgraph.fastzipfilereader.NestedJarHandler$8::read (60 bytes)
Event: 19.586 Thread 0x000002250b0821f0 nmethod 7413 0x00000224be07d690 code [0x00000224be07d840, 0x00000224be07dbf8]
Event: 19.586 Thread 0x000002250b080d80 nmethod 7415 0x00000224be07dd10 code [0x00000224be07dee0, 0x00000224be07e248]
Event: 19.586 Thread 0x00000224c5e47080 nmethod 7388 0x00000224be07e410 code [0x00000224be07ef80, 0x00000224be083048]
Event: 19.586 Thread 0x000002250b081b20 nmethod 7416 0x00000224be085c10 code [0x00000224be085e80, 0x00000224be086610]

GC Heap History (20 events):
Event: 18.443 GC heap after
{Heap after GC invocations=21 (full 0):
 garbage-first heap   total reserved 1533952K, committed 61440K, used 37010K [0x00000000a2600000, 0x0000000100000000)
  region size 1024K, 3 young (3072K), 3 survivors (3072K)
 Metaspace       used 71313K, committed 72064K, reserved 1114112K
  class space    used 10248K, committed 10560K, reserved 1048576K
}
Event: 18.570 GC heap before
{Heap before GC invocations=21 (full 0):
 garbage-first heap   total reserved 1533952K, committed 61440K, used 54418K [0x00000000a2600000, 0x0000000100000000)
  region size 1024K, 20 young (20480K), 3 survivors (3072K)
 Metaspace       used 71842K, committed 72576K, reserved 1114112K
  class space    used 10324K, committed 10624K, reserved 1048576K
}
Event: 18.573 GC heap after
{Heap after GC invocations=22 (full 0):
 garbage-first heap   total reserved 1533952K, committed 73728K, used 37813K [0x00000000a2600000, 0x0000000100000000)
  region size 1024K, 3 young (3072K), 3 survivors (3072K)
 Metaspace       used 71842K, committed 72576K, reserved 1114112K
  class space    used 10324K, committed 10624K, reserved 1048576K
}
Event: 18.810 GC heap before
{Heap before GC invocations=22 (full 0):
 garbage-first heap   total reserved 1533952K, committed 73728K, used 64437K [0x00000000a2600000, 0x0000000100000000)
  region size 1024K, 29 young (29696K), 3 survivors (3072K)
 Metaspace       used 72773K, committed 73472K, reserved 1114112K
  class space    used 10477K, committed 10752K, reserved 1048576K
}
Event: 18.812 GC heap after
{Heap after GC invocations=23 (full 0):
 garbage-first heap   total reserved 1533952K, committed 73728K, used 38726K [0x00000000a2600000, 0x0000000100000000)
  region size 1024K, 2 young (2048K), 2 survivors (2048K)
 Metaspace       used 72773K, committed 73472K, reserved 1114112K
  class space    used 10477K, committed 10752K, reserved 1048576K
}
Event: 19.014 GC heap before
{Heap before GC invocations=23 (full 0):
 garbage-first heap   total reserved 1533952K, committed 73728K, used 66374K [0x00000000a2600000, 0x0000000100000000)
  region size 1024K, 29 young (29696K), 2 survivors (2048K)
 Metaspace       used 73398K, committed 74176K, reserved 1114112K
  class space    used 10578K, committed 10880K, reserved 1048576K
}
Event: 19.017 GC heap after
{Heap after GC invocations=24 (full 0):
 garbage-first heap   total reserved 1533952K, committed 73728K, used 40365K [0x00000000a2600000, 0x0000000100000000)
  region size 1024K, 4 young (4096K), 4 survivors (4096K)
 Metaspace       used 73398K, committed 74176K, reserved 1114112K
  class space    used 10578K, committed 10880K, reserved 1048576K
}
Event: 19.221 GC heap before
{Heap before GC invocations=24 (full 0):
 garbage-first heap   total reserved 1533952K, committed 73728K, used 62893K [0x00000000a2600000, 0x0000000100000000)
  region size 1024K, 27 young (27648K), 4 survivors (4096K)
 Metaspace       used 74496K, committed 75200K, reserved 1114112K
  class space    used 10734K, committed 11008K, reserved 1048576K
}
Event: 19.225 GC heap after
{Heap after GC invocations=25 (full 0):
 garbage-first heap   total reserved 1533952K, committed 73728K, used 41809K [0x00000000a2600000, 0x0000000100000000)
  region size 1024K, 4 young (4096K), 4 survivors (4096K)
 Metaspace       used 74496K, committed 75200K, reserved 1114112K
  class space    used 10734K, committed 11008K, reserved 1048576K
}
Event: 19.402 GC heap before
{Heap before GC invocations=26 (full 0):
 garbage-first heap   total reserved 1533952K, committed 73728K, used 63313K [0x00000000a2600000, 0x0000000100000000)
  region size 1024K, 25 young (25600K), 4 survivors (4096K)
 Metaspace       used 75418K, committed 76224K, reserved 1114112K
  class space    used 10845K, committed 11200K, reserved 1048576K
}
Event: 19.406 GC heap after
{Heap after GC invocations=27 (full 0):
 garbage-first heap   total reserved 1533952K, committed 73728K, used 45499K [0x00000000a2600000, 0x0000000100000000)
  region size 1024K, 4 young (4096K), 4 survivors (4096K)
 Metaspace       used 75418K, committed 76224K, reserved 1114112K
  class space    used 10845K, committed 11200K, reserved 1048576K
}
Event: 19.429 GC heap before
{Heap before GC invocations=27 (full 0):
 garbage-first heap   total reserved 1533952K, committed 73728K, used 62907K [0x00000000a2600000, 0x0000000100000000)
  region size 1024K, 22 young (22528K), 4 survivors (4096K)
 Metaspace       used 75418K, committed 76224K, reserved 1114112K
  class space    used 10845K, committed 11200K, reserved 1048576K
}
Event: 19.434 GC heap after
{Heap after GC invocations=28 (full 0):
 garbage-first heap   total reserved 1533952K, committed 89088K, used 47639K [0x00000000a2600000, 0x0000000100000000)
  region size 1024K, 3 young (3072K), 3 survivors (3072K)
 Metaspace       used 75418K, committed 76224K, reserved 1114112K
  class space    used 10845K, committed 11200K, reserved 1048576K
}
Event: 19.524 GC heap before
{Heap before GC invocations=28 (full 0):
 garbage-first heap   total reserved 1533952K, committed 89088K, used 79383K [0x00000000a2600000, 0x0000000100000000)
  region size 1024K, 34 young (34816K), 3 survivors (3072K)
 Metaspace       used 75511K, committed 76416K, reserved 1114112K
  class space    used 10859K, committed 11264K, reserved 1048576K
}
Event: 19.529 GC heap after
{Heap after GC invocations=29 (full 0):
 garbage-first heap   total reserved 1533952K, committed 93184K, used 57021K [0x00000000a2600000, 0x0000000100000000)
  region size 1024K, 5 young (5120K), 5 survivors (5120K)
 Metaspace       used 75511K, committed 76416K, reserved 1114112K
  class space    used 10859K, committed 11264K, reserved 1048576K
}
Event: 19.537 GC heap before
{Heap before GC invocations=29 (full 0):
 garbage-first heap   total reserved 1533952K, committed 93184K, used 59069K [0x00000000a2600000, 0x0000000100000000)
  region size 1024K, 8 young (8192K), 5 survivors (5120K)
 Metaspace       used 75511K, committed 76416K, reserved 1114112K
  class space    used 10859K, committed 11264K, reserved 1048576K
}
Event: 19.540 GC heap after
{Heap after GC invocations=30 (full 0):
 garbage-first heap   total reserved 1533952K, committed 93184K, used 59254K [0x00000000a2600000, 0x0000000100000000)
  region size 1024K, 2 young (2048K), 2 survivors (2048K)
 Metaspace       used 75511K, committed 76416K, reserved 1114112K
  class space    used 10859K, committed 11264K, reserved 1048576K
}
Event: 19.563 GC heap before
{Heap before GC invocations=30 (full 0):
 garbage-first heap   total reserved 1533952K, committed 93184K, used 81782K [0x00000000a2600000, 0x0000000100000000)
  region size 1024K, 23 young (23552K), 2 survivors (2048K)
 Metaspace       used 75511K, committed 76416K, reserved 1114112K
  class space    used 10859K, committed 11264K, reserved 1048576K
}
Event: 19.565 GC heap after
{Heap after GC invocations=31 (full 0):
 garbage-first heap   total reserved 1533952K, committed 93184K, used 64422K [0x00000000a2600000, 0x0000000100000000)
  region size 1024K, 3 young (3072K), 3 survivors (3072K)
 Metaspace       used 75511K, committed 76416K, reserved 1114112K
  class space    used 10859K, committed 11264K, reserved 1048576K
}
Event: 19.592 GC heap before
{Heap before GC invocations=32 (full 0):
 garbage-first heap   total reserved 1533952K, committed 109568K, used 82854K [0x00000000a2600000, 0x0000000100000000)
  region size 1024K, 21 young (21504K), 3 survivors (3072K)
 Metaspace       used 75511K, committed 76416K, reserved 1114112K
  class space    used 10859K, committed 11264K, reserved 1048576K
}

Dll operation events (14 events):
Event: 0.026 Loaded shared library C:\Users\josex\.jdks\openjdk-22.0.2\bin\java.dll
Event: 0.331 Loaded shared library C:\Users\josex\.jdks\openjdk-22.0.2\bin\zip.dll
Event: 0.336 Loaded shared library C:\Users\josex\.jdks\openjdk-22.0.2\bin\instrument.dll
Event: 0.341 Loaded shared library C:\Users\josex\.jdks\openjdk-22.0.2\bin\net.dll
Event: 0.343 Loaded shared library C:\Users\josex\.jdks\openjdk-22.0.2\bin\nio.dll
Event: 0.347 Loaded shared library C:\Users\josex\.jdks\openjdk-22.0.2\bin\zip.dll
Event: 0.625 Loaded shared library C:\Program Files\JetBrains\IntelliJ IDEA 2024.2.1\bin\breakgen64.dll
Event: 0.633 Loaded shared library C:\Users\josex\.jdks\openjdk-22.0.2\bin\jimage.dll
Event: 0.636 Loaded shared library C:\Users\josex\.jdks\openjdk-22.0.2\bin\extnet.dll
Event: 0.661 Loaded shared library C:\Users\josex\.jdks\openjdk-22.0.2\bin\management.dll
Event: 0.680 Loaded shared library C:\Users\josex\.jdks\openjdk-22.0.2\bin\management_ext.dll
Event: 14.901 Loaded shared library C:\Users\josex\.jdks\openjdk-22.0.2\bin\le.dll
Event: 15.126 Loaded shared library C:\Users\josex\.jdks\openjdk-22.0.2\bin\sunmscapi.dll
Event: 15.725 Loaded shared library C:\Users\josex\.jdks\openjdk-22.0.2\bin\verify.dll

Deoptimization events (14 events):
Event: 2.153 Thread 0x00000224b3498520 DEOPT PACKING pc=0x00000224bd890134 sp=0x000000c1575fde60
Event: 2.153 Thread 0x00000224b3498520 DEOPT UNPACKING pc=0x00000224bd2e4e42 sp=0x000000c1575fd328 mode 0
Event: 14.690 Thread 0x00000224b3498520 DEOPT PACKING pc=0x00000224bd5faea1 sp=0x000000c1575fb380
Event: 14.690 Thread 0x00000224b3498520 DEOPT UNPACKING pc=0x00000224bd2e4e42 sp=0x000000c1575fa918 mode 0
Event: 16.094 Thread 0x00000224b3498520 DEOPT PACKING pc=0x00000224bdd518a9 sp=0x000000c1575f9810
Event: 16.094 Thread 0x00000224b3498520 DEOPT UNPACKING pc=0x00000224bd2e4e42 sp=0x000000c1575f8cc8 mode 3
Event: 16.094 Thread 0x00000224b3498520 DEOPT PACKING pc=0x00000224bdd4454c sp=0x000000c1575f98a0
Event: 16.094 Thread 0x00000224b3498520 DEOPT UNPACKING pc=0x00000224bd2e4e42 sp=0x000000c1575f8dc8 mode 0
Event: 18.129 Thread 0x00000224b3498520 DEOPT PACKING pc=0x00000224bd8ece94 sp=0x000000c1575fc4c0
Event: 18.129 Thread 0x00000224b3498520 DEOPT UNPACKING pc=0x00000224bd2e4e42 sp=0x000000c1575fba18 mode 0
Event: 18.264 Thread 0x00000224b3498520 DEOPT PACKING pc=0x00000224bd979641 sp=0x000000c1575faff0
Event: 18.264 Thread 0x00000224b3498520 DEOPT UNPACKING pc=0x00000224bd2e4e42 sp=0x000000c1575fa4f8 mode 3
Event: 18.272 Thread 0x000002250c4b0d50 DEOPT PACKING pc=0x00000224bd91163c sp=0x000000c159bfee80
Event: 18.272 Thread 0x000002250c4b0d50 DEOPT UNPACKING pc=0x00000224bd2e4e42 sp=0x000000c159bfe318 mode 0

Classes loaded (20 events):
Event: 18.996 Loading class java/util/EnumMap$EnumMapIterator done
Event: 18.996 Loading class java/util/EnumMap$EntryIterator done
Event: 19.004 Loading class java/lang/reflect/MalformedParametersException
Event: 19.004 Loading class java/lang/reflect/MalformedParametersException done
Event: 19.193 Loading class java/util/Comparators$NullComparator
Event: 19.193 Loading class java/util/Comparators$NullComparator done
Event: 19.302 Loading class sun/misc/Unsafe
Event: 19.302 Loading class sun/misc/Unsafe done
Event: 19.323 Loading class java/lang/LayerInstantiationException
Event: 19.324 Loading class java/lang/LayerInstantiationException done
Event: 19.324 Loading class jdk/internal/loader/Loader
Event: 19.324 Loading class jdk/internal/loader/Loader done
Event: 19.390 Loading class java/nio/channels/spi/AbstractInterruptibleChannel$1
Event: 19.391 Loading class sun/nio/ch/Interruptible
Event: 19.391 Loading class sun/nio/ch/Interruptible done
Event: 19.391 Loading class java/nio/channels/spi/AbstractInterruptibleChannel$1 done
Event: 19.393 Loading class java/nio/ReadOnlyBufferException
Event: 19.393 Loading class java/nio/ReadOnlyBufferException done
Event: 19.395 Loading class java/util/zip/DataFormatException
Event: 19.396 Loading class java/util/zip/DataFormatException done

Classes unloaded (0 events):
No events

Classes redefined (0 events):
No events

Internal exceptions (20 events):
Event: 19.531 Thread 0x000002250e4995a0 Exception <a 'sun/nio/fs/WindowsException'{0x00000000a830b280}> (0x00000000a830b280) 
thrown [s\open\src\hotspot\share\prims\jni.cpp, line 520]
Event: 19.532 Thread 0x000002250e4995a0 Exception <a 'sun/nio/fs/WindowsException'{0x00000000a830b5d0}> (0x00000000a830b5d0) 
thrown [s\open\src\hotspot\share\prims\jni.cpp, line 520]
Event: 19.532 Thread 0x000002250e4995a0 Exception <a 'sun/nio/fs/WindowsException'{0x00000000a830bfa0}> (0x00000000a830bfa0) 
thrown [s\open\src\hotspot\share\prims\jni.cpp, line 520]
Event: 19.532 Thread 0x000002250e4995a0 Exception <a 'sun/nio/fs/WindowsException'{0x00000000a830c328}> (0x00000000a830c328) 
thrown [s\open\src\hotspot\share\prims\jni.cpp, line 520]
Event: 19.532 Thread 0x000002250e4995a0 Exception <a 'sun/nio/fs/WindowsException'{0x00000000a83b6c50}> (0x00000000a83b6c50) 
thrown [s\open\src\hotspot\share\prims\jni.cpp, line 520]
Event: 19.533 Thread 0x000002250e4995a0 Exception <a 'sun/nio/fs/WindowsException'{0x00000000a83b6fa8}> (0x00000000a83b6fa8) 
thrown [s\open\src\hotspot\share\prims\jni.cpp, line 520]
Event: 19.533 Thread 0x000002250e4995a0 Exception <a 'sun/nio/fs/WindowsException'{0x00000000a83b7928}> (0x00000000a83b7928) 
thrown [s\open\src\hotspot\share\prims\jni.cpp, line 520]
Event: 19.533 Thread 0x000002250e4995a0 Exception <a 'sun/nio/fs/WindowsException'{0x00000000a83b7c48}> (0x00000000a83b7c48) 
thrown [s\open\src\hotspot\share\prims\jni.cpp, line 520]
Event: 19.533 Thread 0x000002250e4995a0 Exception <a 'sun/nio/fs/WindowsException'{0x00000000a83b85d0}> (0x00000000a83b85d0) 
thrown [s\open\src\hotspot\share\prims\jni.cpp, line 520]
Event: 19.533 Thread 0x000002250e4995a0 Exception <a 'sun/nio/fs/WindowsException'{0x00000000a83b8900}> (0x00000000a83b8900) 
thrown [s\open\src\hotspot\share\prims\jni.cpp, line 520]
Event: 19.534 Thread 0x000002250e4995a0 Exception <a 'sun/nio/fs/WindowsException'{0x00000000a83b9280}> (0x00000000a83b9280) 
thrown [s\open\src\hotspot\share\prims\jni.cpp, line 520]
Event: 19.534 Thread 0x000002250e4995a0 Exception <a 'sun/nio/fs/WindowsException'{0x00000000a83b95a8}> (0x00000000a83b95a8) 
thrown [s\open\src\hotspot\share\prims\jni.cpp, line 520]
Event: 19.534 Thread 0x000002250e4995a0 Exception <a 'sun/nio/fs/WindowsException'{0x00000000a83b9f30}> (0x00000000a83b9f30) 
thrown [s\open\src\hotspot\share\prims\jni.cpp, line 520]
Event: 19.534 Thread 0x000002250e4995a0 Exception <a 'sun/nio/fs/WindowsException'{0x00000000a83be150}> (0x00000000a83be150) 
thrown [s\open\src\hotspot\share\prims\jni.cpp, line 520]
Event: 19.535 Thread 0x000002250e4995a0 Exception <a 'sun/nio/fs/WindowsException'{0x00000000a83beaf8}> (0x00000000a83beaf8) 
thrown [s\open\src\hotspot\share\prims\jni.cpp, line 520]
Event: 19.535 Thread 0x000002250e4995a0 Exception <a 'sun/nio/fs/WindowsException'{0x00000000a83bee50}> (0x00000000a83bee50) 
thrown [s\open\src\hotspot\share\prims\jni.cpp, line 520]
Event: 19.536 Thread 0x000002250e4995a0 Exception <a 'sun/nio/fs/WindowsException'{0x00000000a83bf808}> (0x00000000a83bf808) 
thrown [s\open\src\hotspot\share\prims\jni.cpp, line 520]
Event: 19.536 Thread 0x000002250e4995a0 Exception <a 'sun/nio/fs/WindowsException'{0x00000000a83bfb78}> (0x00000000a83bfb78) 
thrown [s\open\src\hotspot\share\prims\jni.cpp, line 520]
Event: 19.537 Thread 0x000002250e4995a0 Exception <a 'sun/nio/fs/WindowsException'{0x00000000a83c0528}> (0x00000000a83c0528) 
thrown [s\open\src\hotspot\share\prims\jni.cpp, line 520]
Event: 19.540 Thread 0x000002250e4995a0 Exception <a 'sun/nio/fs/WindowsException'{0x00000000a7971fa0}> (0x00000000a7971fa0) 
thrown [s\open\src\hotspot\share\prims\jni.cpp, line 520]

ZGC Phase Switch (0 events):
No events

VM Operations (20 events):
Event: 19.225 Executing VM operation: G1CollectForAllocation (G1 Evacuation Pause) done
Event: 19.241 Executing VM operation: G1PauseRemark
Event: 19.244 Executing VM operation: G1PauseRemark done
Event: 19.256 Executing VM operation: G1PauseCleanup
Event: 19.256 Executing VM operation: G1PauseCleanup done
Event: 19.402 Executing VM operation: G1CollectForAllocation (G1 Evacuation Pause)
Event: 19.406 Executing VM operation: G1CollectForAllocation (G1 Evacuation Pause) done
Event: 19.429 Executing VM operation: G1CollectForAllocation (G1 Evacuation Pause)
Event: 19.434 Executing VM operation: G1CollectForAllocation (G1 Evacuation Pause) done
Event: 19.496 Executing VM operation: HandshakeAllThreads (Deoptimize)
Event: 19.496 Executing VM operation: HandshakeAllThreads (Deoptimize) done
Event: 19.523 Executing VM operation: G1CollectForAllocation (G1 Evacuation Pause)
Event: 19.530 Executing VM operation: G1CollectForAllocation (G1 Evacuation Pause) done
Event: 19.537 Executing VM operation: G1TryInitiateConcMark (G1 Humongous Allocation)
Event: 19.540 Executing VM operation: G1TryInitiateConcMark (G1 Humongous Allocation) done
Event: 19.563 Executing VM operation: G1CollectForAllocation (G1 Evacuation Pause)
Event: 19.565 Executing VM operation: G1CollectForAllocation (G1 Evacuation Pause) done
Event: 19.587 Executing VM operation: G1PauseRemark
Event: 19.591 Executing VM operation: G1PauseRemark done
Event: 19.592 Executing VM operation: G1CollectForAllocation (G1 Evacuation Pause)

Memory protections (0 events):
No events

Nmethod flushes (20 events):
Event: 19.244 Thread 0x00000224c5e12820 flushing  nmethod 0x00000224bd649110
Event: 19.244 Thread 0x00000224c5e12820 flushing  nmethod 0x00000224bdd00410
Event: 19.244 Thread 0x00000224c5e12820 flushing  nmethod 0x00000224bdd01210
Event: 19.244 Thread 0x00000224c5e12820 flushing  nmethod 0x00000224bdd01a90
Event: 19.590 Thread 0x00000224c5e12820 flushing  nmethod 0x00000224bde70990
Event: 19.590 Thread 0x00000224c5e12820 flushing  nmethod 0x00000224bdad1190
Event: 19.590 Thread 0x00000224c5e12820 flushing  nmethod 0x00000224bdc74b90
Event: 19.590 Thread 0x00000224c5e12820 flushing  nmethod 0x00000224bdd15810
Event: 19.590 Thread 0x00000224c5e12820 flushing  nmethod 0x00000224bdcf8f10
Event: 19.590 Thread 0x00000224c5e12820 flushing  nmethod 0x00000224bd68aa90
Event: 19.590 Thread 0x00000224c5e12820 flushing  nmethod 0x00000224bd977d90
Event: 19.590 Thread 0x00000224c5e12820 flushing  nmethod 0x00000224bdb13190
Event: 19.590 Thread 0x00000224c5e12820 flushing  nmethod 0x00000224bd5fa790
Event: 19.590 Thread 0x00000224c5e12820 flushing  nmethod 0x00000224bdd96210
Event: 19.590 Thread 0x00000224c5e12820 flushing  nmethod 0x00000224bd60ed90
Event: 19.590 Thread 0x00000224c5e12820 flushing  nmethod 0x00000224bd911410
Event: 19.590 Thread 0x00000224c5e12820 flushing  nmethod 0x00000224bda13010
Event: 19.590 Thread 0x00000224c5e12820 flushing  nmethod 0x00000224bd663710
Event: 19.590 Thread 0x00000224c5e12820 flushing  nmethod 0x00000224bd787710
Event: 19.590 Thread 0x00000224c5e12820 flushing  nmethod 0x00000224bdd12690

Events (20 events):
Event: 19.523 Thread 0x000002250e498880 Thread added: 0x000002250fdf4070
Event: 19.523 Thread 0x000002250e498880 Thread added: 0x000002250fdf5ab0
Event: 19.523 Thread 0x000002250e498880 Thread added: 0x000002250fdf3350
Event: 19.523 Thread 0x000002250e498880 Thread added: 0x000002250fdf4700
Event: 19.523 Thread 0x000002250e498880 Thread added: 0x000002250fdf6140
Event: 19.523 Thread 0x000002250e498880 Thread added: 0x000002250fdf39e0
Event: 19.523 Thread 0x000002250e498880 Thread added: 0x000002250fdf67d0
Event: 19.530 Thread 0x000002250e498880 Thread added: 0x000002250fdf6e60
Event: 19.530 Thread 0x000002250e498880 Thread added: 0x000002250fdf74f0
Event: 19.530 Thread 0x000002250e498880 Thread added: 0x000002250fdf7b80
Event: 19.530 Thread 0x000002250e498880 Thread added: 0x000002250fdf8210
Event: 19.530 Thread 0x000002250e498880 Thread added: 0x000002250fdf4d90
Event: 19.530 Thread 0x000002250e498880 Thread added: 0x000002250fdf88a0
Event: 19.530 Thread 0x000002250e498880 Thread added: 0x000002250fdfa2e0
Event: 19.531 Thread 0x000002250e498880 Thread added: 0x000002250fdf8f30
Event: 19.531 Thread 0x000002250e498880 Thread added: 0x000002250fdf95c0
Event: 19.531 Thread 0x000002250e498880 Thread added: 0x000002250fdf9c50
Event: 19.531 Thread 0x000002250e498880 Thread added: 0x000002250fdfa970
Event: 19.531 Thread 0x000002250e498880 Thread added: 0x000002250fe5a8c0
Event: 19.531 Thread 0x000002250e498880 Thread added: 0x000002250fe5d020


Dynamic libraries:
0x00007ff66b1c0000 - 0x00007ff66b1ce000 	C:\Users\josex\.jdks\openjdk-22.0.2\bin\java.exe
0x00007ffeddb40000 - 0x00007ffeddda0000 	C:\WINDOWS\SYSTEM32\ntdll.dll
0x00007ffedc680000 - 0x00007ffedc747000 	C:\WINDOWS\System32\KERNEL32.DLL
0x00007ffedb250000 - 0x00007ffedb61a000 	C:\WINDOWS\System32\KERNELBASE.dll
0x00007ffedad20000 - 0x00007ffedae6b000 	C:\WINDOWS\System32\ucrtbase.dll
0x00007ffed25a0000 - 0x00007ffed25bb000 	C:\Users\josex\.jdks\openjdk-22.0.2\bin\VCRUNTIME140.dll
0x00007ffed6710000 - 0x00007ffed6727000 	C:\Users\josex\.jdks\openjdk-22.0.2\bin\jli.dll
0x00007ffedd560000 - 0x00007ffedd72c000 	C:\WINDOWS\System32\USER32.dll
0x00007ffec4af0000 - 0x00007ffec4d87000 	C:\WINDOWS\WinSxS\amd64_microsoft.windows.common-controls_6595b64144ccf1df_6.0.26100.3624_none_3e086962e3345f24\COMCTL32.dll
0x00007ffedb790000 - 0x00007ffedb7b7000 	C:\WINDOWS\System32\win32u.dll
0x00007ffedd730000 - 0x00007ffedd7d9000 	C:\WINDOWS\System32\msvcrt.dll
0x00007ffedb950000 - 0x00007ffedb97a000 	C:\WINDOWS\System32\GDI32.dll
0x00007ffedafc0000 - 0x00007ffedb0f1000 	C:\WINDOWS\System32\gdi32full.dll
0x00007ffedb100000 - 0x00007ffedb1a3000 	C:\WINDOWS\System32\msvcp_win.dll
0x00007ffedc840000 - 0x00007ffedc86f000 	C:\WINDOWS\System32\IMM32.DLL
0x00007ffed6700000 - 0x00007ffed670c000 	C:\Users\josex\.jdks\openjdk-22.0.2\bin\vcruntime140_1.dll
0x00007ffec79b0000 - 0x00007ffec7a3e000 	C:\Users\josex\.jdks\openjdk-22.0.2\bin\msvcp140.dll
0x00007ffe877f0000 - 0x00007ffe88539000 	C:\Users\josex\.jdks\openjdk-22.0.2\bin\server\jvm.dll
0x00007ffedb980000 - 0x00007ffedba32000 	C:\WINDOWS\System32\ADVAPI32.dll
0x00007ffedd920000 - 0x00007ffedd9c6000 	C:\WINDOWS\System32\sechost.dll
0x00007ffedba40000 - 0x00007ffedbb56000 	C:\WINDOWS\System32\RPCRT4.dll
0x00007ffedc460000 - 0x00007ffedc4d4000 	C:\WINDOWS\System32\WS2_32.dll
0x00007ffed3660000 - 0x00007ffed366b000 	C:\WINDOWS\SYSTEM32\VERSION.dll
0x00007ffedab70000 - 0x00007ffedabce000 	C:\WINDOWS\SYSTEM32\POWRPROF.dll
0x00007ffed1fa0000 - 0x00007ffed1fd6000 	C:\WINDOWS\SYSTEM32\WINMM.dll
0x00007ffedab50000 - 0x00007ffedab64000 	C:\WINDOWS\SYSTEM32\UMPDC.dll
0x00007ffed9b30000 - 0x00007ffed9b4a000 	C:\WINDOWS\SYSTEM32\kernel.appcore.dll
0x00007ffec8880000 - 0x00007ffec888a000 	C:\Users\josex\.jdks\openjdk-22.0.2\bin\jimage.dll
0x00007ffed1330000 - 0x00007ffed1571000 	C:\WINDOWS\SYSTEM32\DBGHELP.DLL
0x00007ffedc060000 - 0x00007ffedc3e2000 	C:\WINDOWS\System32\combase.dll
0x00007ffedc750000 - 0x00007ffedc826000 	C:\WINDOWS\System32\OLEAUT32.dll
0x00007ffec30b0000 - 0x00007ffec30e9000 	C:\WINDOWS\SYSTEM32\dbgcore.DLL
0x00007ffedb1b0000 - 0x00007ffedb249000 	C:\WINDOWS\System32\bcryptPrimitives.dll
0x00007ffec7d40000 - 0x00007ffec7d4f000 	C:\Users\josex\.jdks\openjdk-22.0.2\bin\instrument.dll
0x00007ffec8860000 - 0x00007ffec887e000 	C:\Users\josex\.jdks\openjdk-22.0.2\bin\java.dll
0x00007ffedce30000 - 0x00007ffedd559000 	C:\WINDOWS\System32\SHELL32.dll
0x00007ffedb620000 - 0x00007ffedb788000 	C:\WINDOWS\System32\wintypes.dll
0x00007ffedc4e0000 - 0x00007ffedc676000 	C:\WINDOWS\System32\ole32.dll
0x00007ffed8a00000 - 0x00007ffed9252000 	C:\WINDOWS\SYSTEM32\windows.storage.dll
0x00007ffedd830000 - 0x00007ffedd91d000 	C:\WINDOWS\System32\SHCORE.dll
0x00007ffedc3f0000 - 0x00007ffedc454000 	C:\WINDOWS\System32\shlwapi.dll
0x00007ffedac30000 - 0x00007ffedac5f000 	C:\WINDOWS\SYSTEM32\profapi.dll
0x00007ffebdfd0000 - 0x00007ffebdfe7000 	C:\Users\josex\.jdks\openjdk-22.0.2\bin\zip.dll
0x00007ffec7d70000 - 0x00007ffec7d80000 	C:\Users\josex\.jdks\openjdk-22.0.2\bin\net.dll
0x00007ffeda050000 - 0x00007ffeda0ba000 	C:\WINDOWS\system32\mswsock.dll
0x00007ffec7d50000 - 0x00007ffec7d66000 	C:\Users\josex\.jdks\openjdk-22.0.2\bin\nio.dll
0x00007ffeb7080000 - 0x00007ffeb709a000 	C:\Program Files\JetBrains\IntelliJ IDEA 2024.2.1\bin\breakgen64.dll
0x00007ffebce30000 - 0x00007ffebce39000 	C:\Users\josex\.jdks\openjdk-22.0.2\bin\extnet.dll
0x00007ffed9650000 - 0x00007ffed9775000 	C:\WINDOWS\SYSTEM32\DNSAPI.dll
0x00007ffed95b0000 - 0x00007ffed95e3000 	C:\WINDOWS\SYSTEM32\IPHLPAPI.DLL
0x00007ffedc830000 - 0x00007ffedc83a000 	C:\WINDOWS\System32\NSI.dll
0x00007ffecef10000 - 0x00007ffecef1b000 	C:\Windows\System32\rasadhlp.dll
0x00007ffed1f10000 - 0x00007ffed1f95000 	C:\WINDOWS\System32\fwpuclnt.dll
0x00007ffebdfc0000 - 0x00007ffebdfca000 	C:\Users\josex\.jdks\openjdk-22.0.2\bin\management.dll
0x00007ffebdfb0000 - 0x00007ffebdfbb000 	C:\Users\josex\.jdks\openjdk-22.0.2\bin\management_ext.dll
0x00007ffedb940000 - 0x00007ffedb948000 	C:\WINDOWS\System32\PSAPI.DLL
0x00007ffeda2f0000 - 0x00007ffeda30c000 	C:\WINDOWS\SYSTEM32\CRYPTSP.dll
0x00007ffed9a90000 - 0x00007ffed9aca000 	C:\WINDOWS\system32\rsaenh.dll
0x00007ffeda0f0000 - 0x00007ffeda11b000 	C:\WINDOWS\SYSTEM32\USERENV.dll
0x00007ffedac00000 - 0x00007ffedac26000 	C:\WINDOWS\SYSTEM32\bcrypt.dll
0x00007ffeda310000 - 0x00007ffeda31c000 	C:\WINDOWS\SYSTEM32\CRYPTBASE.dll
0x00007ffe48e90000 - 0x00007ffe48ea8000 	C:\WINDOWS\system32\napinsp.dll
0x00007ffe79cb0000 - 0x00007ffe79cc2000 	C:\WINDOWS\System32\winrnr.dll
0x00007ffe6f170000 - 0x00007ffe6f1a0000 	C:\WINDOWS\system32\nlansp_c.dll
0x00007ffed33d0000 - 0x00007ffed33e6000 	C:\WINDOWS\system32\wshbth.dll
0x00007ffec5e10000 - 0x00007ffec5e5e000 	C:\WINDOWS\SYSTEM32\pdh.dll
0x00007ffed6830000 - 0x00007ffed6842000 	C:\WINDOWS\System32\perfproc.dll
0x00007ffeb52d0000 - 0x00007ffeb52e1000 	C:\WINDOWS\System32\perfos.dll
0x00007ffed8110000 - 0x00007ffed8122000 	C:\WINDOWS\SYSTEM32\pfclient.dll
0x00007ffed67a0000 - 0x00007ffed67ab000 	C:\Users\josex\.jdks\openjdk-22.0.2\bin\le.dll
0x00007ffebdfa0000 - 0x00007ffebdfae000 	C:\Users\josex\.jdks\openjdk-22.0.2\bin\sunmscapi.dll
0x00007ffedb7c0000 - 0x00007ffedb937000 	C:\WINDOWS\System32\CRYPT32.dll
0x00007ffeda4f0000 - 0x00007ffeda520000 	C:\WINDOWS\SYSTEM32\ncrypt.dll
0x00007ffeda4a0000 - 0x00007ffeda4df000 	C:\WINDOWS\SYSTEM32\NTASN1.dll
0x00007ffebcf20000 - 0x00007ffebcf30000 	C:\Users\josex\.jdks\openjdk-22.0.2\bin\verify.dll

dbghelp: loaded successfully - version: 4.0.5 - missing functions: none
symbol engine: initialized successfully - sym options: 0x614 - pdb path: .;C:\Users\josex\.jdks\openjdk-22.0.2\bin;C:\WINDOWS\SYSTEM32;C:\WINDOWS\WinSxS\amd64_microsoft.windows.common-controls_6595b64144ccf1df_6.0.26100.3624_none_3e086962e3345f24;C:\Users\josex\.jdks\openjdk-22.0.2\bin\server;C:\Program Files\JetBrains\IntelliJ IDEA 2024.2.1\bin

VM Arguments:
jvm_args: -XX:TieredStopAtLevel=1 -Dspring.output.ansi.enabled=always -Dcom.sun.management.jmxremote -Dspring.jmx.enabled=true -Dspring.liveBeansView.mbeanDomain -Dspring.application.admin.enabled=true -Dmanagement.endpoints.jmx.exposure.include=* -javaagent:C:\Program Files\JetBrains\IntelliJ IDEA 2024.2.1\lib\idea_rt.jar=54494:C:\Program Files\JetBrains\IntelliJ IDEA 2024.2.1\bin -Dfile.encoding=UTF-8 -Dsun.stdout.encoding=UTF-8 -Dsun.stderr.encoding=UTF-8 
java_command: com.example.mspedido.MsPedidoApplication
java_class_path (initial): C:\ciclo-5\Desarrollo de Aplicaciones\practica'examen\ms-pedido\target\classes;C:\Users\josex\.m2\repository\org\springframework\boot\spring-boot-starter-data-jpa\3.1.3\spring-boot-starter-data-jpa-3.1.3.jar;C:\Users\josex\.m2\repository\org\springframework\boot\spring-boot-starter-aop\3.1.3\spring-boot-starter-aop-3.1.3.jar;C:\Users\josex\.m2\repository\org\springframework\spring-aop\6.0.11\spring-aop-6.0.11.jar;C:\Users\josex\.m2\repository\org\aspectj\aspectjweaver\1.9.20\aspectjweaver-1.9.20.jar;C:\Users\josex\.m2\repository\org\springframework\boot\spring-boot-starter-jdbc\3.1.3\spring-boot-starter-jdbc-3.1.3.jar;C:\Users\josex\.m2\repository\com\zaxxer\HikariCP\5.0.1\HikariCP-5.0.1.jar;C:\Users\josex\.m2\repository\org\springframework\spring-jdbc\6.0.11\spring-jdbc-6.0.11.jar;C:\Users\josex\.m2\repository\org\hibernate\orm\hibernate-core\6.2.7.Final\hibernate-core-6.2.7.Final.jar;C:\Users\josex\.m2\repository\jakarta\persistence\jakarta.persistence-api\3.1.0\jakarta.persistence-api-3.1.0.jar;C:\Users\josex\.m2\repository\jakarta\transaction\jakarta.transaction-api\2.0.1\jakarta.transaction-api-2.0.1.jar;C:\Users\josex\.m2\repository\org\jboss\logging\jboss-logging\3.5.3.Final\jboss-logging-3.5.3.Final.jar;C:\Users\josex\.m2\repository\org\hibernate\common\hibernate-commons-annotations\6.0.6.Final\hibernate-commons-annotations-6.0.6.Final.jar;C:\Users\josex\.m2\repository\io\smallrye\jandex\3.0.5\jandex-3.0.5.jar;C:\Users\josex\.m2\repository\com\fasterxml\classmate\1.5.1\classmate-1.5.1.jar;C:\Users\josex\.m2\repository\net\bytebuddy\byte-buddy\1.14.6\byte-buddy-1.14.6.jar;C:\Users\josex\.m2\repository\jakarta\xml\bind\jakarta.xml.bind-api\4.0.0\jakarta.xml.bind-api-4.0.0.jar;C:\Users\josex\.m2\repository\jakarta\activation\jakarta.activation-api\2.1.2\jakarta.activation-api-2.1.2.jar;C:\Users\josex\.m2\repository\org\glassfish\jaxb\jaxb-runtime\4.0.3\jaxb-runtime-4.0.3.jar;C:\Users\josex\.m2\repository\org\glassfish\jaxb\jaxb-core\4.0.3\jaxb-core-4.0.3.jar;C:\Users\josex\.m2\repository\org\eclipse\angus\angus-activation\2.0.1\angus-activation-2.0.1.jar;C:\Users\josex\.m2\repository\org\glassfish\jaxb\txw2\4.0.3\txw2-4.0.3.jar;C:\Users\josex\.m2\repository\com\sun\istack\istack-commons-runtime\4.1.2\istack-commons-runtime-4.1.2.jar;C:\Users\josex\.m2\repository\jakarta\inject\jakarta.inject-api\2.0.1\jakarta.inject-api-2.0.1.jar;C:\Users\josex\.m2\repository\org\antlr\antlr4-runtime\4.10.1\antlr4-runtime-4.10.1.jar;C:\Users\josex\.m2\repository\org\springframework\data\spring-data-jpa\3.1.3\spring-data-jpa-3.1.3.jar;C:\Users\josex\.m2\repository\org\springframework\data\spring-data-commons\3.1.3\spring-data-commons-3.1.3.jar;C:\Users\josex\.m2\repository\org\springframework\spring-orm\6.0.11\spring-orm-6.0.11.jar;C:\Users\josex\.m2\repository\org\springframework\spring-context\6.0.11\spring-context-6.0.11.jar;C:\Users\josex\.m2\repository\org\springframework\spring-tx\6.0.11\spring-tx-6.0.11.jar;C:\Users\josex\.m2\repository\org\springframework\spring-beans\6.0.11\spring-beans-6.0.11.jar;C:\Users\josex\.m2\repository\org\springframework\spring-core\6.0.11\spring-core-6.0.11.jar;C:\Users\josex\.m2\repository\org\springframework\spring-jcl\6.0.11\spring-jcl-6.0.11.jar;C:\Users\josex\.m2\repository\jakarta\annotation\jakarta.annotation-api\2.1.1\jakarta.annotation-api-2.1.1.jar;C:\Users\josex\.m2\repository\org\slf4j\slf4j-api\2.0.7\slf4j-api-2.0.7.jar;C:\Users\josex\.m2\repository\org\springframework\spring-aspects\6.0.11\spring-aspects-6.0.11.jar;C:\Users\josex\.m2\repository\org\springframework\boot\spring-boot-starter-validation\3.1.3\spring-boot-starter-validation-3.1.3.jar;C:\Users\josex\.m2\repository\org\springframework\boot\spring-boot-starter\3.1.3\spring-boot-starter-3.1.3.jar;C:\Users\josex\.m2\repository\org\springframework\boot\spring-boot\3.1.3\spring-boot-3.1.3.jar;C:\Users\josex\.m2\repository\org\springframework\boot\spring-boot-autoconfigure\3.1.3\spring-boot-autoconfigure-3.1.3.jar;C:\Users\josex\.m2\repository\org\springframework\boot\spring-boot-starter-logging\3.1.3\spring-boot-starter-logging-3.1.3.jar;C:\Users\josex\.m2\repository\ch\qos\logback\logback-classic\1.4.11\logback-classic-1.4.11.jar;C:\Users\josex\.m2\repository\ch\qos\logback\logback-core\1.4.11\logback-core-1.4.11.jar;C:\Users\josex\.m2\repository\org\apache\logging\log4j\log4j-to-slf4j\2.20.0\log4j-to-slf4j-2.20.0.jar;C:\Users\josex\.m2\repository\org\apache\logging\log4j\log4j-api\2.20.0\log4j-api-2.20.0.jar;C:\Users\josex\.m2\repository\org\slf4j\jul-to-slf4j\2.0.7\jul-to-slf4j-2.0.7.jar;C:\Users\josex\.m2\repository\org\yaml\snakeyaml\1.33\snakeyaml-1.33.jar;C:\Users\josex\.m2\repository\org\apache\tomcat\embed\tomcat-embed-el\10.1.12\tomcat-embed-el-10.1.12.jar;C:\Users\josex\.m2\repository\org\hibernate\validator\hibernate-validator\8.0.1.Final\hibernate-validator-8.0.1.Final.jar;C:\Users\josex\.m2\repository\jakarta\validation\jakarta.validation-api\3.0.2\jakarta.validation-api-3.0.2.jar;C:\Users\josex\.m2\repository\org\springframework\boot\spring-boot-starter-web\3.1.3\spring-boot-starter-web-3.1.3.jar;C:\Users\josex\.m2\repository\org\springframework\boot\spring-boot-starter-json\3.1.3\spring-boot-starter-json-3.1.3.jar;C:\Users\josex\.m2\repository\com\fasterxml\jackson\datatype\jackson-datatype-jdk8\2.15.2\jackson-datatype-jdk8-2.15.2.jar;C:\Users\josex\.m2\repository\com\fasterxml\jackson\datatype\jackson-datatype-jsr310\2.15.2\jackson-datatype-jsr310-2.15.2.jar;C:\Users\josex\.m2\repository\com\fasterxml\jackson\module\jackson-module-parameter-names\2.15.2\jackson-module-parameter-names-2.15.2.jar;C:\Users\josex\.m2\repository\org\springframework\boot\spring-boot-starter-tomcat\3.1.3\spring-boot-starter-tomcat-3.1.3.jar;C:\Users\josex\.m2\repository\org\apache\tomcat\embed\tomcat-embed-core\10.1.12\tomcat-embed-core-10.1.12.jar;C:\Users\josex\.m2\repository\org\apache\tomcat\embed\tomcat-embed-websocket\10.1.12\tomcat-embed-websocket-10.1.12.jar;C:\Users\josex\.m2\repository\org\springframework\spring-web\6.0.11\spring-web-6.0.11.jar;C:\Users\josex\.m2\repository\io\micrometer\micrometer-observation\1.11.3\micrometer-observation-1.11.3.jar;C:\Users\josex\.m2\repository\io\micrometer\micrometer-commons\1.11.3\micrometer-commons-1.11.3.jar;C:\Users\josex\.m2\repository\org\springframework\spring-webmvc\6.0.11\spring-webmvc-6.0.11.jar;C:\Users\josex\.m2\repository\org\springframework\spring-expression\6.0.11\spring-expression-6.0.11.jar;C:\Users\josex\.m2\repository\com\mysql\mysql-connector-j\8.0.33\mysql-connector-j-8.0.33.jar;C:\Users\josex\.m2\repository\org\projectlombok\lombok\1.18.28\lombok-1.18.28.jar;C:\Users\josex\.m2\repository\org\springdoc\springdoc-openapi-starter-webmvc-ui\2.0.2\springdoc-openapi-starter-webmvc-ui-2.0.2.jar;C:\Users\josex\.m2\repository\org\springdoc\springdoc-openapi-starter-webmvc-api\2.0.2\springdoc-openapi-starter-webmvc-api-2.0.2.jar;C:\Users\josex\.m2\repository\org\springdoc\springdoc-openapi-starter-common\2.0.2\springdoc-openapi-starter-common-2.0.2.jar;C:\Users\josex\.m2\repository\io\swagger\core\v3\swagger-core-jakarta\2.2.7\swagger-core-jakarta-2.2.7.jar;C:\Users\josex\.m2\repository\org\apache\commons\commons-lang3\3.12.0\commons-lang3-3.12.0.jar;C:\Users\josex\.m2\repository\io\swagger\core\v3\swagger-annotations-jakarta\2.2.7\swagger-annotations-jakarta-2.2.7.jar;C:\Users\josex\.m2\repository\io\swagger\core\v3\swagger-models-jakarta\2.2.7\swagger-models-jakarta-2.2.7.jar;C:\Users\josex\.m2\repository\com\fasterxml\jackson\dataformat\jackson-dataformat-yaml\2.15.2\jackson-dataformat-yaml-2.15.2.jar;C:\Users\josex\.m2\repository\org\webjars\swagger-ui\4.15.5\swagger-ui-4.15.5.jar;C:\Users\josex\.m2\repository\org\webjars\webjars-locator-core\0.52\webjars-locator-core-0.52.jar;C:\Users\josex\.m2\repository\io\github\classgraph\classgraph\4.8.149\classgraph-4.8.149.jar;C:\Users\josex\.m2\repository\org\springframework\cloud\spring-cloud-starter-config\4.0.4\spring-cloud-starter-config-4.0.4.jar;C:\Users\josex\.m2\repository\org\springframework\cloud\spring-cloud-starter\4.0.2\spring-cloud-starter-4.0.2.jar;C:\Users\josex\.m2\repository\org\springframework\cloud\spring-cloud-context\4.0.2\spring-cloud-context-4.0.2.jar;C:\Users\josex\.m2\repository\org\springframework\security\spring-security-rsa\1.0.11.RELEASE\spring-security-rsa-1.0.11.RELEASE.jar;C:\Users\josex\.m2\repository\org\bouncycastle\bcpkix-jdk15on\1.69\bcpkix-jdk15on-1.69.jar;C:\Users\josex\.m2\repository\org\bouncycastle\bcprov-jdk15on\1.69\bcprov-jdk15on-1.69.jar;C:\Users\josex\.m2\repository\org\bouncycastle\bcutil-jdk15on\1.69\bcutil-jdk15on-1.69.jar;C:\Users\josex\.m2\repository\org\springframework\cloud\spring-cloud-config-client\4.0.2\spring-cloud-config-client-4.0.2.jar;C:\Users\josex\.m2\repository\com\fasterxml\jackson\core\jackson-annotations\2.15.2\jackson-annotations-2.15.2.jar;C:\Users\josex\.m2\repository\org\apache\httpcomponents\client5\httpclient5\5.2.1\httpclient5-5.2.1.jar;C:\Users\josex\.m2\repository\org\apache\httpcomponents\core5\httpcore5\5.2.2\httpcore5-5.2.2.jar;C:\Users\josex\.m2\repository\org\apache\httpcomponents\core5\httpcore5-h2\5.2.2\httpcore5-h2-5.2.2.jar;C:\Users\josex\.m2\repository\com\fasterxml\jackson\core\jackson-databind\2.15.2\jackson-databind-2.15.2.jar;C:\Users\josex\.m2\repository\com\fasterxml\jackson\core\jackson-core\2.15.2\jackson-core-2.15.2.jar;C:\Users\josex\.m2\repository\org\springframework\cloud\spring-cloud-starter-netflix-eureka-client\4.0.3\spring-cloud-starter-netflix-eureka-client-4.0.3.jar;C:\Users\josex\.m2\repository\org\springframework\cloud\spring-cloud-netflix-eureka-client\4.0.1\spring-cloud-netflix-eureka-client-4.0.1.jar;C:\Users\josex\.m2\repository\com\netflix\eureka\eureka-client\2.0.0\eureka-client-2.0.0.jar;C:\Users\josex\.m2\repository\com\netflix\netflix-commons\netflix-eventbus\0.3.0\netflix-eventbus-0.3.0.jar;C:\Users\josex\.m2\repository\com\netflix\netflix-commons\netflix-infix\0.3.0\netflix-infix-0.3.0.jar;C:\Users\josex\.m2\repository\commons-jxpath\commons-jxpath\1.3\commons-jxpath-1.3.jar;C:\Users\josex\.m2\repository\joda-time\joda-time\2.3\joda-time-2.3.jar;C:\Users\josex\.m2\repository\org\antlr\antlr-runtime\3.4\antlr-runtime-3.4.jar;C:\Users\josex\.m2\repository\org\antlr\stringtemplate\3.2.1\stringtemplate-3.2.1.jar;C:\Users\josex\.m2\repository\antlr\antlr\2.7.7\antlr-2.7.7.jar;C:\Users\josex\.m2\repository\com\google\code\gson\gson\2.10.1\gson-2.10.1.jar;C:\Users\josex\.m2\repository\org\apache\commons\commons-math\2.2\commons-math-2.2.jar;C:\Users\josex\.m2\repository\com\thoughtworks\xstream\xstream\1.4.19\xstream-1.4.19.jar;C:\Users\josex\.m2\repository\io\github\x-stream\mxparser\1.2.2\mxparser-1.2.2.jar;C:\Users\josex\.m2\repository\xmlpull\xmlpull\1.1.3.1\xmlpull-1.1.3.1.jar;C:\Users\josex\.m2\repository\jakarta\ws\rs\jakarta.ws.rs-api\3.1.0\jakarta.ws.rs-api-3.1.0.jar;C:\Users\josex\.m2\repository\com\netflix\servo\servo-core\0.12.21\servo-core-0.12.21.jar;C:\Users\josex\.m2\repository\com\google\guava\guava\19.0\guava-19.0.jar;C:\Users\josex\.m2\repository\org\apache\httpcomponents\httpclient\4.5.3\httpclient-4.5.3.jar;C:\Users\josex\.m2\repository\org\apache\httpcomponents\httpcore\4.4.16\httpcore-4.4.16.jar;C:\Users\josex\.m2\repository\commons-codec\commons-codec\1.15\commons-codec-1.15.jar;C:\Users\josex\.m2\repository\commons-configuration\commons-configuration\1.10\commons-configuration-1.10.jar;C:\Users\josex\.m2\repository\commons-lang\commons-lang\2.6\commons-lang-2.6.jar;C:\Users\josex\.m2\repository\org\codehaus\jettison\jettison\1.4.0\jettison-1.4.0.jar;C:\Users\josex\.m2\repository\com\netflix\eureka\eureka-core\2.0.0\eureka-core-2.0.0.jar;C:\Users\josex\.m2\repository\jakarta\servlet\jakarta.servlet-api\6.0.0\jakarta.servlet-api-6.0.0.jar;C:\Users\josex\.m2\repository\com\fasterxml\woodstox\woodstox-core\6.2.1\woodstox-core-6.2.1.jar;C:\Users\josex\.m2\repository\org\codehaus\woodstox\stax2-api\4.2.1\stax2-api-4.2.1.jar;C:\Users\josex\.m2\repository\org\springframework\cloud\spring-cloud-starter-loadbalancer\4.0.2\spring-cloud-starter-loadbalancer-4.0.2.jar;C:\Users\josex\.m2\repository\org\springframework\cloud\spring-cloud-loadbalancer\4.0.2\spring-cloud-loadbalancer-4.0.2.jar;C:\Users\josex\.m2\repository\io\projectreactor\reactor-core\3.5.9\reactor-core-3.5.9.jar;C:\Users\josex\.m2\repository\org\reactivestreams\reactive-streams\1.0.4\reactive-streams-1.0.4.jar;C:\Users\josex\.m2\repository\io\projectreactor\addons\reactor-extra\3.5.1\reactor-extra-3.5.1.jar;C:\Users\josex\.m2\repository\org\springframework\boot\spring-boot-starter-cache\3.1.3\spring-boot-starter-cache-3.1.3.jar;C:\Users\josex\.m2\repository\org\springframework\spring-context-support\6.0.11\spring-context-support-6.0.11.jar;C:\Users\josex\.m2\repository\com\stoyanr\evictor\1.0.0\evictor-1.0.0.jar;C:\Users\josex\.m2\repository\org\springframework\cloud\spring-cloud-starter-openfeign\4.0.2\spring-cloud-starter-openfeign-4.0.2.jar;C:\Users\josex\.m2\repository\org\springframework\cloud\spring-cloud-openfeign-core\4.0.2\spring-cloud-openfeign-core-4.0.2.jar;C:\Users\josex\.m2\repository\io\github\openfeign\form\feign-form-spring\3.8.0\feign-form-spring-3.8.0.jar;C:\Users\josex\.m2\repository\io\github\openfeign\form\feign-form\3.8.0\feign-form-3.8.0.jar;C:\Users\josex\.m2\repository\commons-fileupload\commons-fileupload\1.4\commons-fileupload-1.4.jar;C:\Users\josex\.m2\repository\org\springframework\cloud\spring-cloud-commons\4.0.2\spring-cloud-commons-4.0.2.jar;C:\Users\josex\.m2\repository\org\springframework\security\spring-security-crypto\6.1.3\spring-security-crypto-6.1.3.jar;C:\Users\josex\.m2\repository\io\github\openfeign\feign-core\12.1\feign-core-12.1.jar;C:\Users\josex\.m2\repository\io\github\openfeign\feign-slf4j\12.1\feign-slf4j-12.1.jar;C:\Users\josex\.m2\repository\org\springframework\cloud\spring-cloud-starter-circuitbreaker-resilience4j\3.0.1\spring-cloud-starter-circuitbreaker-resilience4j-3.0.1.jar;C:\Users\josex\.m2\repository\org\springframework\cloud\spring-cloud-circuitbreaker-resilience4j\3.0.1\spring-cloud-circuitbreaker-resilience4j-3.0.1.jar;C:\Users\josex\.m2\repository\io\github\resilience4j\resilience4j-spring-boot3\2.0.2\resilience4j-spring-boot3-2.0.2.jar;C:\Users\josex\.m2\repository\io\github\resilience4j\resilience4j-spring6\2.0.2\resilience4j-spring6-2.0.2.jar;C:\Users\josex\.m2\repository\io\github\resilience4j\resilience4j-annotations\2.0.2\resilience4j-annotations-2.0.2.jar;C:\Users\josex\.m2\repository\io\github\resilience4j\resilience4j-consumer\2.0.2\resilience4j-consumer-2.0.2.jar;C:\Users\josex\.m2\repository\io\github\resilience4j\resilience4j-circularbuffer\2.0.2\resilience4j-circularbuffer-2.0.2.jar;C:\Users\josex\.m2\repository\io\github\resilience4j\resilience4j-framework-common\2.0.2\resilience4j-framework-common-2.0.2.jar;C:\Users\josex\.m2\repository\io\github\resilience4j\resilience4j-micrometer\2.0.2\resilience4j-micrometer-2.0.2.jar;C:\Users\josex\.m2\repository\io\micrometer\micrometer-core\1.11.3\micrometer-core-1.11.3.jar;C:\Users\josex\.m2\repository\org\hdrhistogram\HdrHistogram\2.1.12\HdrHistogram-2.1.12.jar;C:\Users\josex\.m2\repository\org\latencyutils\LatencyUtils\2.0.3\LatencyUtils-2.0.3.jar;C:\Users\josex\.m2\repository\io\github\resilience4j\resilience4j-retry\2.0.2\resilience4j-retry-2.0.2.jar;C:\Users\josex\.m2\repository\io\github\resilience4j\resilience4j-ratelimiter\2.0.2\resilience4j-ratelimiter-2.0.2.jar;C:\Users\josex\.m2\repository\io\github\resilience4j\resilience4j-circuitbreaker\2.0.2\resilience4j-circuitbreaker-2.0.2.jar;C:\Users\josex\.m2\repository\io\github\resilience4j\resilience4j-core\2.0.2\resilience4j-core-2.0.2.jar;C:\Users\josex\.m2\repository\io\github\resilience4j\resilience4j-timelimiter\2.0.2\resilience4j-timelimiter-2.0.2.jar
Launcher Type: SUN_STANDARD

[Global flags]
     intx CICompilerCount                          = 12                                        {product} {ergonomic}
     uint ConcGCThreads                            = 3                                         {product} {ergonomic}
     uint G1ConcRefinementThreads                  = 13                                        {product} {ergonomic}
   size_t G1HeapRegionSize                         = 1048576                                   {product} {ergonomic}
   size_t InitialHeapSize                          = 98566144                                  {product} {ergonomic}
     bool ManagementServer                         = true                                      {product} {command line}
   size_t MarkStackSize                            = 4194304                                   {product} {ergonomic}
   size_t MaxHeapSize                              = 1570766848                                {product} {ergonomic}
   size_t MaxNewSize                               = 941621248                                 {product} {ergonomic}
   size_t MinHeapDeltaBytes                        = 1048576                                   {product} {ergonomic}
   size_t MinHeapSize                              = 8388608                                   {product} {ergonomic}
    uintx NonNMethodCodeHeapSize                   = 4096                                   {pd product} {ergonomic}
    uintx NonProfiledCodeHeapSize                  = 0                                      {pd product} {ergonomic}
     bool ProfileInterpreter                       = false                                  {pd product} {command line}
    uintx ProfiledCodeHeapSize                     = 0                                      {pd product} {ergonomic}
   size_t SoftMaxHeapSize                          = 1570766848                             {manageable} {ergonomic}
     intx TieredStopAtLevel                        = 1                                         {product} {command line}
     bool UseCompressedOops                        = true                           {product lp64_product} {ergonomic}
     bool UseG1GC                                  = true                                      {product} {ergonomic}
     bool UseLargePagesIndividualAllocation        = false                                  {pd product} {ergonomic}

Logging:
Log output configuration:
 #0: stdout all=warning uptime,level,tags foldmultilines=false
 #1: stderr all=off uptime,level,tags foldmultilines=false

Environment Variables:
PATH=C:\Program Files\Common Files\Oracle\Java\javapath;C:\WINDOWS\system32;C:\WINDOWS;C:\WINDOWS\System32\Wbem;C:\WINDOWS\System32\WindowsPowerShell\v1.0\;C:\WINDOWS\System32\OpenSSH\;C:\Program Files\Git\cmd;C:\Users\josex\AppData\Roaming\nvm;C:\Program Files\nodejs;C:\Users\josex\AppData\Roaming\nvm;;C:\Program Files (x86)\Microchip\MPLAB C32 Suite\bin;C:\Users\josex\AppData\Local\Programs\Python\Launcher\;C:\Users\josex\AppData\Local\Microsoft\WindowsApps;C:\Users\josex\AppData\Local\Programs\Microsoft VS Code\bin;C:\Users\josex\AppData\Roaming\nvm;C:\Program Files\nodejs;C:\Program Files\JetBrains\WebStorm 2024.2.3\bin;;C:\Users\josex\AppData\Local\Programs\Windsurf\bin;
USERNAME=josex
OS=Windows_NT
PROCESSOR_IDENTIFIER=AMD64 Family 23 Model 104 Stepping 1, AuthenticAMD
TMP=C:\Users\josex\AppData\Local\Temp
TEMP=C:\Users\josex\AppData\Local\Temp




Periodic native trim disabled

---------------  S Y S T E M  ---------------

OS:
 Windows 11 , 64 bit Build 26100 (10.0.26100.3775)
OS uptime: 4 days 1:24 hours

CPU: total 16 (initial active 16) (16 cores per cpu, 2 threads per core) family 23 model 104 stepping 1 microcode 0x8608102, cx8, cmov, fxsr, ht, mmx, 3dnowpref, sse, sse2, sse3, ssse3, sse4a, sse4.1, sse4.2, popcnt, lzcnt, tsc, tscinvbit, avx, avx2, aes, clmul, bmi1, bmi2, adx, sha, fma, vzeroupper, clflush, clflushopt, rdtscp, rdpid, f16c
Processor Information for all 16 processors :
  Max Mhz: 1801, Current Mhz: 1801, Mhz Limit: 1801

Memory: 4k page, system-wide physical 5989M (478M free)
TotalPageFile size 24421M (AvailPageFile size 99M)
current process WorkingSet (physical memory assigned to process): 292M, peak: 292M
current process commit charge ("private bytes"): 362M, peak: 488M

vm_info: OpenJDK 64-Bit Server VM (22.0.2+9-70) for windows-amd64 JRE (22.0.2+9-70), built on 2024-06-04T16:52:23Z by "mach5one" with MS VC++ 17.6 (VS2022)

END.
